<?xml version="1.0" encoding="UTF-8"?>
<coverage generated="1704132421055" clover="3.2.0">
  <project timestamp="1704132421055" name="All files">
    <metrics statements="499" coveredstatements="354" conditionals="423" coveredconditionals="275" methods="139" coveredmethods="89" elements="1061" coveredelements="718" complexity="0" loc="499" ncloc="499" packages="2" files="5" classes="5"/>
    <package name="geometry">
      <metrics statements="47" coveredstatements="35" conditionals="60" coveredconditionals="46" methods="9" coveredmethods="6"/>
      <file name="geometry.js" path="C:\Users\harri\Developer\Repositories\Harxer\geometry\geometry.js">
        <metrics statements="47" coveredstatements="35" conditionals="60" coveredconditionals="46" methods="9" coveredmethods="6"/>
        <line num="12" count="1" type="stmt"/>
        <line num="14" count="0" type="cond" truecount="0" falsecount="2"/>
        <line num="15" count="0" type="stmt"/>
        <line num="25" count="1" type="stmt"/>
        <line num="37" count="2960" type="stmt"/>
        <line num="38" count="2960" type="stmt"/>
        <line num="39" count="2960" type="stmt"/>
        <line num="40" count="2960" type="stmt"/>
        <line num="43" count="2960" type="cond" truecount="4" falsecount="0"/>
        <line num="44" count="2960" type="cond" truecount="4" falsecount="0"/>
        <line num="46" count="2960" type="stmt"/>
        <line num="47" count="2960" type="cond" truecount="2" falsecount="0"/>
        <line num="48" count="2767" type="cond" truecount="2" falsecount="0"/>
        <line num="53" count="68" type="stmt"/>
        <line num="54" count="68" type="cond" truecount="2" falsecount="0"/>
        <line num="55" count="48" type="cond" truecount="2" falsecount="0"/>
        <line num="56" count="46" type="stmt"/>
        <line num="60" count="0" type="stmt"/>
        <line num="61" count="0" type="stmt"/>
        <line num="62" count="0" type="stmt"/>
        <line num="63" count="0" type="cond" truecount="0" falsecount="2"/>
        <line num="64" count="0" type="stmt"/>
        <line num="67" count="1" type="stmt"/>
        <line num="84" count="0" type="stmt"/>
        <line num="85" count="0" type="stmt"/>
        <line num="86" count="0" type="stmt"/>
        <line num="87" count="0" type="cond" truecount="0" falsecount="4"/>
        <line num="88" count="0" type="cond" truecount="0" falsecount="5"/>
        <line num="93" count="1426" type="cond" truecount="6" falsecount="0"/>
        <line num="95" count="51" type="cond" truecount="4" falsecount="0"/>
        <line num="97" count="1375" type="cond" truecount="4" falsecount="0"/>
        <line num="99" count="1371" type="cond" truecount="2" falsecount="0"/>
        <line num="101" count="1343" type="stmt"/>
        <line num="103" count="1371" type="stmt"/>
        <line num="119" count="35" type="stmt"/>
        <line num="120" count="35" type="stmt"/>
        <line num="121" count="35" type="stmt"/>
        <line num="122" count="595" type="cond" truecount="2" falsecount="0"/>
        <line num="124" count="35" type="stmt"/>
        <line num="126" count="560" type="stmt"/>
        <line num="131" count="1415" type="stmt"/>
        <line num="132" count="1415" type="cond" truecount="2" falsecount="0"/>
        <line num="133" count="1414" type="cond" truecount="2" falsecount="0"/>
        <line num="134" count="84" type="stmt"/>
        <line num="142" count="8455" type="cond" truecount="4" falsecount="0"/>
        <line num="143" count="8333" type="cond" truecount="2" falsecount="0"/>
        <line num="144" count="4" type="stmt"/>
      </file>
    </package>
    <package name="geometry.structures">
      <metrics statements="452" coveredstatements="319" conditionals="363" coveredconditionals="229" methods="130" coveredmethods="83"/>
      <file name="point.js" path="C:\Users\harri\Developer\Repositories\Harxer\geometry\structures\point.js">
        <metrics statements="29" coveredstatements="24" conditionals="27" coveredconditionals="19" methods="13" coveredmethods="10"/>
        <line num="12" count="2074" type="cond" truecount="1" falsecount="1"/>
        <line num="13" count="2074" type="cond" truecount="1" falsecount="1"/>
        <line num="14" count="2074" type="stmt"/>
        <line num="15" count="2074" type="stmt"/>
        <line num="20" count="16733" type="stmt"/>
        <line num="23" count="0" type="cond" truecount="0" falsecount="2"/>
        <line num="24" count="0" type="stmt"/>
        <line num="28" count="15208" type="stmt"/>
        <line num="31" count="0" type="cond" truecount="0" falsecount="2"/>
        <line num="32" count="0" type="stmt"/>
        <line num="37" count="1604" type="stmt"/>
        <line num="42" count="297" type="stmt"/>
        <line num="47" count="785" type="cond" truecount="1" falsecount="1"/>
        <line num="48" count="785" type="cond" truecount="2" falsecount="0"/>
        <line num="56" count="295" type="cond" truecount="1" falsecount="1"/>
        <line num="57" count="295" type="cond" truecount="4" falsecount="0"/>
        <line num="58" count="282" type="cond" truecount="2" falsecount="0"/>
        <line num="63" count="246" type="stmt"/>
        <line num="65" count="36" type="stmt"/>
        <line num="67" count="36" type="cond" truecount="2" falsecount="0"/>
        <line num="68" count="21" type="stmt"/>
        <line num="73" count="16" type="stmt"/>
        <line num="78" count="0" type="stmt"/>
        <line num="83" count="58" type="stmt"/>
        <line num="84" count="58" type="stmt"/>
        <line num="85" count="58" type="stmt"/>
        <line num="90" count="297" type="stmt"/>
        <line num="91" count="297" type="stmt"/>
        <line num="92" count="297" type="stmt"/>
      </file>
      <file name="polygon.js" path="C:\Users\harri\Developer\Repositories\Harxer\geometry\structures\polygon.js">
        <metrics statements="169" coveredstatements="155" conditionals="108" coveredconditionals="90" methods="50" coveredmethods="40"/>
        <line num="12" count="69" type="cond" truecount="1" falsecount="1"/>
        <line num="13" count="69" type="cond" truecount="1" falsecount="1"/>
        <line num="15" count="69" type="stmt"/>
        <line num="16" count="69" type="stmt"/>
        <line num="17" count="319" type="cond" truecount="1" falsecount="1"/>
        <line num="18" count="319" type="cond" truecount="1" falsecount="1"/>
        <line num="19" count="319" type="cond" truecount="1" falsecount="1"/>
        <line num="20" count="319" type="stmt"/>
        <line num="22" count="319" type="stmt"/>
        <line num="25" count="69" type="stmt"/>
        <line num="27" count="69" type="stmt"/>
        <line num="28" count="239" type="stmt"/>
        <line num="30" count="610" type="cond" truecount="2" falsecount="0"/>
        <line num="32" count="239" type="cond" truecount="2" falsecount="0"/>
        <line num="33" count="11" type="cond" truecount="2" falsecount="0"/>
        <line num="35" count="10" type="stmt"/>
        <line num="38" count="1" type="stmt"/>
        <line num="42" count="371" type="cond" truecount="4" falsecount="0"/>
        <line num="44" count="69" type="cond" truecount="1" falsecount="1"/>
        <line num="45" count="0" type="stmt"/>
        <line num="47" count="302" type="cond" truecount="2" falsecount="0"/>
        <line num="48" count="2" type="stmt"/>
        <line num="52" count="66" type="cond" truecount="2" falsecount="0"/>
        <line num="54" count="34" type="stmt"/>
        <line num="56" count="6" type="stmt"/>
        <line num="57" count="6" type="stmt"/>
        <line num="61" count="66" type="stmt"/>
        <line num="73" count="66" type="cond" truecount="1" falsecount="1"/>
        <line num="77" count="1277" type="stmt"/>
        <line num="79" count="0" type="stmt"/>
        <line num="83" count="3496" type="cond" truecount="2" falsecount="0"/>
        <line num="84" count="75" type="stmt"/>
        <line num="85" count="75" type="stmt"/>
        <line num="86" count="343" type="stmt"/>
        <line num="88" count="343" type="stmt"/>
        <line num="89" count="75" type="stmt"/>
        <line num="91" count="3496" type="stmt"/>
        <line num="93" count="0" type="stmt"/>
        <line num="97" count="45" type="cond" truecount="2" falsecount="0"/>
        <line num="98" count="40" type="stmt"/>
        <line num="99" count="10" type="stmt"/>
        <line num="101" count="45" type="stmt"/>
        <line num="103" count="0" type="stmt"/>
        <line num="107" count="9" type="cond" truecount="1" falsecount="1"/>
        <line num="108" count="36" type="stmt"/>
        <line num="109" count="9" type="stmt"/>
        <line num="111" count="9" type="stmt"/>
        <line num="113" count="0" type="stmt"/>
        <line num="117" count="147" type="cond" truecount="2" falsecount="0"/>
        <line num="118" count="289" type="stmt"/>
        <line num="124" count="66" type="cond" truecount="1" falsecount="1"/>
        <line num="125" count="66" type="stmt"/>
        <line num="127" count="147" type="stmt"/>
        <line num="129" count="0" type="stmt"/>
        <line num="130" count="32" type="stmt"/>
        <line num="131" count="0" type="stmt"/>
        <line num="135" count="1" type="stmt"/>
        <line num="146" count="55" type="stmt"/>
        <line num="147" count="55" type="stmt"/>
        <line num="148" count="55" type="stmt"/>
        <line num="149" count="183" type="stmt"/>
        <line num="151" count="183" type="cond" truecount="2" falsecount="0"/>
        <line num="152" count="168" type="cond" truecount="2" falsecount="0"/>
        <line num="154" count="34" type="cond" truecount="5" falsecount="0"/>
        <line num="155" count="22" type="stmt"/>
        <line num="159" count="40" type="cond" truecount="4" falsecount="0"/>
        <line num="160" count="33" type="cond" truecount="4" falsecount="0"/>
        <line num="161" count="20" type="stmt"/>
        <line num="165" count="0" type="stmt"/>
        <line num="166" count="0" type="cond" truecount="0" falsecount="2"/>
        <line num="168" count="0" type="stmt"/>
        <line num="178" count="4" type="stmt"/>
        <line num="179" count="4" type="cond" truecount="2" falsecount="0"/>
        <line num="181" count="15" type="stmt"/>
        <line num="186" count="0" type="stmt"/>
        <line num="187" count="0" type="stmt"/>
        <line num="188" count="0" type="stmt"/>
        <line num="196" count="10" type="stmt"/>
        <line num="198" count="10" type="stmt"/>
        <line num="201" count="95" type="stmt"/>
        <line num="204" count="10" type="stmt"/>
        <line num="207" count="139" type="stmt"/>
        <line num="208" count="41" type="stmt"/>
        <line num="209" count="102" type="stmt"/>
        <line num="210" count="99" type="cond" truecount="2" falsecount="0"/>
        <line num="213" count="14" type="stmt"/>
        <line num="214" count="14" type="stmt"/>
        <line num="219" count="18" type="stmt"/>
        <line num="220" count="10" type="cond" truecount="2" falsecount="0"/>
        <line num="222" count="4" type="stmt"/>
        <line num="223" count="3" type="stmt"/>
        <line num="225" count="7" type="stmt"/>
        <line num="227" count="10" type="stmt"/>
        <line num="230" count="10" type="stmt"/>
        <line num="231" count="10" type="stmt"/>
        <line num="232" count="51" type="stmt"/>
        <line num="234" count="51" type="cond" truecount="2" falsecount="0"/>
        <line num="235" count="6" type="stmt"/>
        <line num="236" count="6" type="stmt"/>
        <line num="240" count="45" type="stmt"/>
        <line num="241" count="178" type="cond" truecount="2" falsecount="0"/>
        <line num="242" count="178" type="stmt"/>
        <line num="245" count="45" type="cond" truecount="2" falsecount="0"/>
        <line num="247" count="23" type="stmt"/>
        <line num="248" count="23" type="stmt"/>
        <line num="249" count="23" type="stmt"/>
        <line num="253" count="22" type="stmt"/>
        <line num="254" count="34" type="stmt"/>
        <line num="255" count="34" type="cond" truecount="2" falsecount="0"/>
        <line num="256" count="6" type="stmt"/>
        <line num="258" count="34" type="stmt"/>
        <line num="260" count="34" type="cond" truecount="4" falsecount="0"/>
        <line num="261" count="20" type="stmt"/>
        <line num="264" count="22" type="cond" truecount="2" falsecount="0"/>
        <line num="266" count="8" type="stmt"/>
        <line num="267" count="8" type="stmt"/>
        <line num="268" count="8" type="stmt"/>
        <line num="271" count="14" type="stmt"/>
        <line num="272" count="14" type="stmt"/>
        <line num="275" count="10" type="stmt"/>
        <line num="285" count="11" type="cond" truecount="1" falsecount="1"/>
        <line num="287" count="11" type="stmt"/>
        <line num="288" count="44" type="stmt"/>
        <line num="289" count="44" type="stmt"/>
        <line num="290" count="44" type="cond" truecount="2" falsecount="0"/>
        <line num="293" count="11" type="cond" truecount="1" falsecount="1"/>
        <line num="298" count="11" type="stmt"/>
        <line num="303" count="11" type="cond" truecount="2" falsecount="0"/>
        <line num="306" count="8" type="cond" truecount="2" falsecount="0"/>
        <line num="307" count="1" type="stmt"/>
        <line num="308" count="1" type="cond" truecount="1" falsecount="1"/>
        <line num="310" count="1" type="stmt"/>
        <line num="313" count="7" type="cond" truecount="2" falsecount="0"/>
        <line num="314" count="3" type="stmt"/>
        <line num="315" count="3" type="stmt"/>
        <line num="319" count="4" type="stmt"/>
        <line num="320" count="4" type="cond" truecount="1" falsecount="1"/>
        <line num="322" count="8" type="stmt"/>
        <line num="323" count="8" type="stmt"/>
        <line num="325" count="3" type="stmt"/>
        <line num="337" count="16" type="cond" truecount="2" falsecount="0"/>
        <line num="338" count="16" type="stmt"/>
        <line num="339" count="16" type="cond" truecount="2" falsecount="0"/>
        <line num="340" count="16" type="stmt"/>
        <line num="341" count="16" type="stmt"/>
        <line num="342" count="16" type="stmt"/>
        <line num="343" count="16" type="stmt"/>
        <line num="344" count="16" type="cond" truecount="1" falsecount="1"/>
        <line num="352" count="2" type="cond" truecount="2" falsecount="0"/>
        <line num="353" count="1" type="stmt"/>
        <line num="354" count="1" type="stmt"/>
        <line num="355" count="4" type="stmt"/>
        <line num="356" count="4" type="stmt"/>
        <line num="357" count="4" type="cond" truecount="2" falsecount="0"/>
        <line num="359" count="4" type="stmt"/>
        <line num="360" count="4" type="stmt"/>
        <line num="361" count="4" type="stmt"/>
        <line num="362" count="4" type="stmt"/>
        <line num="363" count="4" type="cond" truecount="1" falsecount="1"/>
        <line num="364" count="4" type="stmt"/>
        <line num="367" count="4" type="stmt"/>
        <line num="374" count="1" type="stmt"/>
        <line num="379" count="2" type="stmt"/>
        <line num="384" count="2" type="cond" truecount="1" falsecount="1"/>
        <line num="385" count="8" type="stmt"/>
        <line num="387" count="2" type="stmt"/>
        <line num="391" count="4" type="stmt"/>
        <line num="396" count="0" type="stmt"/>
        <line num="401" count="60" type="stmt"/>
      </file>
      <file name="segment.js" path="C:\Users\harri\Developer\Repositories\Harxer\geometry\structures\segment.js">
        <metrics statements="109" coveredstatements="60" conditionals="101" coveredconditionals="56" methods="32" coveredmethods="15"/>
        <line num="8" count="1" type="stmt"/>
        <line num="10" count="1" type="stmt"/>
        <line num="26" count="651" type="cond" truecount="1" falsecount="1"/>
        <line num="27" count="651" type="stmt"/>
        <line num="28" count="0" type="cond" truecount="0" falsecount="5"/>
        <line num="29" count="0" type="cond" truecount="0" falsecount="2"/>
        <line num="30" count="0" type="cond" truecount="0" falsecount="2"/>
        <line num="31" count="0" type="stmt"/>
        <line num="33" count="0" type="stmt"/>
        <line num="35" count="651" type="stmt"/>
        <line num="36" count="651" type="stmt"/>
        <line num="38" count="651" type="cond" truecount="2" falsecount="0"/>
        <line num="39" count="596" type="stmt"/>
        <line num="40" count="596" type="stmt"/>
        <line num="41" count="55" type="cond" truecount="1" falsecount="1"/>
        <line num="42" count="0" type="stmt"/>
        <line num="43" count="55" type="cond" truecount="1" falsecount="1"/>
        <line num="44" count="55" type="cond" truecount="3" falsecount="1"/>
        <line num="45" count="55" type="cond" truecount="1" falsecount="1"/>
        <line num="46" count="55" type="cond" truecount="1" falsecount="1"/>
        <line num="47" count="55" type="stmt"/>
        <line num="48" count="55" type="stmt"/>
        <line num="49" count="0" type="cond" truecount="0" falsecount="4"/>
        <line num="50" count="0" type="stmt"/>
        <line num="52" count="0" type="stmt"/>
        <line num="55" count="0" type="stmt"/>
        <line num="65" count="2464" type="stmt"/>
        <line num="68" count="0" type="cond" truecount="0" falsecount="2"/>
        <line num="69" count="0" type="stmt"/>
        <line num="70" count="0" type="stmt"/>
        <line num="71" count="0" type="stmt"/>
        <line num="75" count="0" type="stmt"/>
        <line num="76" count="0" type="stmt"/>
        <line num="80" count="2652" type="stmt"/>
        <line num="81" count="2652" type="stmt"/>
        <line num="84" count="0" type="cond" truecount="0" falsecount="2"/>
        <line num="85" count="0" type="stmt"/>
        <line num="86" count="0" type="stmt"/>
        <line num="91" count="489" type="stmt"/>
        <line num="92" count="489" type="stmt"/>
        <line num="94" count="0" type="stmt"/>
        <line num="97" count="2" type="stmt"/>
        <line num="98" count="0" type="stmt"/>
        <line num="100" count="2" type="stmt"/>
        <line num="101" count="0" type="stmt"/>
        <line num="103" count="0" type="stmt"/>
        <line num="104" count="0" type="stmt"/>
        <line num="107" count="0" type="stmt"/>
        <line num="108" count="0" type="stmt"/>
        <line num="113" count="0" type="cond" truecount="0" falsecount="2"/>
        <line num="114" count="0" type="stmt"/>
        <line num="116" count="0" type="stmt"/>
        <line num="118" count="0" type="stmt"/>
        <line num="122" count="72" type="stmt"/>
        <line num="124" count="0" type="stmt"/>
        <line num="130" count="0" type="stmt"/>
        <line num="131" count="0" type="stmt"/>
        <line num="132" count="0" type="stmt"/>
        <line num="133" count="0" type="cond" truecount="0" falsecount="2"/>
        <line num="134" count="0" type="stmt"/>
        <line num="139" count="0" type="cond" truecount="0" falsecount="2"/>
        <line num="144" count="6" type="cond" truecount="1" falsecount="1"/>
        <line num="145" count="6" type="stmt"/>
        <line num="147" count="0" type="stmt"/>
        <line num="152" count="0" type="stmt"/>
        <line num="153" count="0" type="stmt"/>
        <line num="154" count="0" type="stmt"/>
        <line num="159" count="204" type="stmt"/>
        <line num="168" count="34" type="cond" truecount="4" falsecount="0"/>
        <line num="169" count="6" type="stmt"/>
        <line num="171" count="28" type="cond" truecount="4" falsecount="0"/>
        <line num="172" count="6" type="stmt"/>
        <line num="175" count="22" type="stmt"/>
        <line num="176" count="22" type="stmt"/>
        <line num="177" count="22" type="stmt"/>
        <line num="179" count="22" type="cond" truecount="4" falsecount="0"/>
        <line num="180" count="6" type="stmt"/>
        <line num="182" count="16" type="cond" truecount="2" falsecount="2"/>
        <line num="183" count="0" type="stmt"/>
        <line num="186" count="16" type="stmt"/>
        <line num="187" count="16" type="stmt"/>
        <line num="189" count="16" type="cond" truecount="6" falsecount="1"/>
        <line num="190" count="16" type="stmt"/>
        <line num="195" count="0" type="stmt"/>
        <line num="203" count="663" type="stmt"/>
        <line num="204" count="663" type="stmt"/>
        <line num="205" count="663" type="stmt"/>
        <line num="206" count="663" type="stmt"/>
        <line num="208" count="663" type="cond" truecount="4" falsecount="0"/>
        <line num="210" count="603" type="cond" truecount="4" falsecount="0"/>
        <line num="211" count="597" type="cond" truecount="4" falsecount="0"/>
        <line num="212" count="593" type="cond" truecount="4" falsecount="0"/>
        <line num="213" count="590" type="cond" truecount="3" falsecount="1"/>
        <line num="215" count="590" type="stmt"/>
        <line num="225" count="0" type="stmt"/>
        <line num="226" count="0" type="cond" truecount="0" falsecount="2"/>
        <line num="227" count="0" type="cond" truecount="0" falsecount="2"/>
        <line num="228" count="0" type="stmt"/>
        <line num="233" count="44" type="stmt"/>
        <line num="234" count="44" type="stmt"/>
        <line num="236" count="44" type="cond" truecount="2" falsecount="0"/>
        <line num="237" count="35" type="cond" truecount="1" falsecount="1"/>
        <line num="238" count="35" type="stmt"/>
        <line num="245" count="74" type="stmt"/>
        <line num="250" count="2" type="stmt"/>
        <line num="257" count="6" type="cond" truecount="1" falsecount="1"/>
        <line num="258" count="6" type="cond" truecount="2" falsecount="0"/>
        <line num="260" count="0" type="cond" truecount="0" falsecount="2"/>
        <line num="261" count="0" type="cond" truecount="0" falsecount="2"/>
      </file>
      <file name="vector.js" path="C:\Users\harri\Developer\Repositories\Harxer\geometry\structures\vector.js">
        <metrics statements="145" coveredstatements="80" conditionals="127" coveredconditionals="64" methods="35" coveredmethods="18"/>
        <line num="7" count="1" type="stmt"/>
        <line num="9" count="1" type="stmt"/>
        <line num="28" count="405" type="cond" truecount="2" falsecount="0"/>
        <line num="29" count="8" type="cond" truecount="1" falsecount="1"/>
        <line num="30" count="8" type="cond" truecount="1" falsecount="1"/>
        <line num="31" count="8" type="stmt"/>
        <line num="32" count="8" type="stmt"/>
        <line num="34" count="8" type="cond" truecount="1" falsecount="1"/>
        <line num="35" count="0" type="stmt"/>
        <line num="37" count="0" type="stmt"/>
        <line num="39" count="8" type="stmt"/>
        <line num="42" count="397" type="cond" truecount="1" falsecount="1"/>
        <line num="43" count="397" type="cond" truecount="1" falsecount="1"/>
        <line num="44" count="397" type="stmt"/>
        <line num="45" count="397" type="stmt"/>
        <line num="52" count="602" type="cond" truecount="2" falsecount="0"/>
        <line num="53" count="602" type="stmt"/>
        <line num="56" count="0" type="cond" truecount="0" falsecount="2"/>
        <line num="57" count="0" type="cond" truecount="0" falsecount="2"/>
        <line num="58" count="0" type="stmt"/>
        <line num="59" count="0" type="stmt"/>
        <line num="60" count="0" type="stmt"/>
        <line num="61" count="0" type="stmt"/>
        <line num="67" count="487" type="cond" truecount="2" falsecount="0"/>
        <line num="68" count="487" type="stmt"/>
        <line num="71" count="0" type="cond" truecount="0" falsecount="2"/>
        <line num="72" count="0" type="cond" truecount="0" falsecount="2"/>
        <line num="73" count="0" type="stmt"/>
        <line num="74" count="0" type="stmt"/>
        <line num="75" count="0" type="stmt"/>
        <line num="76" count="0" type="stmt"/>
        <line num="81" count="29" type="cond" truecount="2" falsecount="0"/>
        <line num="82" count="29" type="stmt"/>
        <line num="85" count="11" type="cond" truecount="1" falsecount="1"/>
        <line num="86" count="11" type="cond" truecount="1" falsecount="1"/>
        <line num="88" count="11" type="cond" truecount="2" falsecount="0"/>
        <line num="90" count="7" type="cond" truecount="2" falsecount="0"/>
        <line num="91" count="3" type="stmt"/>
        <line num="92" count="3" type="stmt"/>
        <line num="93" count="3" type="stmt"/>
        <line num="96" count="4" type="stmt"/>
        <line num="97" count="4" type="stmt"/>
        <line num="100" count="4" type="stmt"/>
        <line num="101" count="4" type="stmt"/>
        <line num="102" count="4" type="stmt"/>
        <line num="106" count="11" type="cond" truecount="3" falsecount="1"/>
        <line num="108" count="11" type="stmt"/>
        <line num="113" count="68" type="cond" truecount="2" falsecount="0"/>
        <line num="115" count="44" type="cond" truecount="3" falsecount="1"/>
        <line num="116" count="44" type="stmt"/>
        <line num="118" count="68" type="stmt"/>
        <line num="121" count="0" type="cond" truecount="0" falsecount="2"/>
        <line num="122" count="0" type="cond" truecount="0" falsecount="2"/>
        <line num="123" count="0" type="stmt"/>
        <line num="125" count="0" type="stmt"/>
        <line num="126" count="0" type="stmt"/>
        <line num="127" count="0" type="stmt"/>
        <line num="132" count="50" type="cond" truecount="1" falsecount="1"/>
        <line num="133" count="50" type="stmt"/>
        <line num="134" count="50" type="stmt"/>
        <line num="135" count="50" type="stmt"/>
        <line num="136" count="50" type="stmt"/>
        <line num="138" count="0" type="stmt"/>
        <line num="139" count="0" type="stmt"/>
        <line num="140" count="0" type="stmt"/>
        <line num="141" count="0" type="stmt"/>
        <line num="148" count="0" type="cond" truecount="0" falsecount="4"/>
        <line num="149" count="0" type="cond" truecount="0" falsecount="2"/>
        <line num="151" count="0" type="cond" truecount="0" falsecount="2"/>
        <line num="156" count="46" type="cond" truecount="1" falsecount="1"/>
        <line num="157" count="46" type="cond" truecount="1" falsecount="1"/>
        <line num="158" count="46" type="cond" truecount="1" falsecount="1"/>
        <line num="159" count="46" type="stmt"/>
        <line num="164" count="3" type="stmt"/>
        <line num="165" count="3" type="stmt"/>
        <line num="170" count="0" type="stmt"/>
        <line num="171" count="0" type="stmt"/>
        <line num="172" count="0" type="stmt"/>
        <line num="177" count="0" type="stmt"/>
        <line num="178" count="0" type="stmt"/>
        <line num="179" count="0" type="stmt"/>
        <line num="184" count="0" type="stmt"/>
        <line num="189" count="4" type="cond" truecount="1" falsecount="1"/>
        <line num="190" count="4" type="cond" truecount="1" falsecount="1"/>
        <line num="191" count="4" type="cond" truecount="1" falsecount="1"/>
        <line num="192" count="4" type="stmt"/>
        <line num="197" count="285" type="cond" truecount="1" falsecount="1"/>
        <line num="198" count="285" type="stmt"/>
        <line num="203" count="0" type="cond" truecount="0" falsecount="2"/>
        <line num="208" count="8" type="cond" truecount="1" falsecount="1"/>
        <line num="209" count="8" type="cond" truecount="2" falsecount="0"/>
        <line num="210" count="4" type="stmt"/>
        <line num="211" count="4" type="stmt"/>
        <line num="213" count="8" type="cond" truecount="2" falsecount="0"/>
        <line num="214" count="4" type="stmt"/>
        <line num="215" count="4" type="stmt"/>
        <line num="218" count="0" type="stmt"/>
        <line num="220" count="8" type="stmt"/>
        <line num="225" count="110" type="cond" truecount="1" falsecount="1"/>
        <line num="226" count="0" type="cond" truecount="0" falsecount="2"/>
        <line num="227" count="0" type="cond" truecount="0" falsecount="2"/>
        <line num="228" count="0" type="cond" truecount="0" falsecount="2"/>
        <line num="229" count="0" type="stmt"/>
        <line num="231" count="110" type="cond" truecount="4" falsecount="0"/>
        <line num="232" count="83" type="cond" truecount="4" falsecount="0"/>
        <line num="233" count="59" type="cond" truecount="4" falsecount="0"/>
        <line num="234" count="32" type="stmt"/>
        <line num="239" count="0" type="stmt"/>
        <line num="240" count="0" type="stmt"/>
        <line num="242" count="0" type="stmt"/>
        <line num="247" count="50" type="stmt"/>
        <line num="252" count="64" type="stmt"/>
        <line num="257" count="46" type="cond" truecount="3" falsecount="1"/>
        <line num="258" count="46" type="stmt"/>
        <line num="260" count="0" type="stmt"/>
        <line num="261" count="0" type="stmt"/>
        <line num="262" count="0" type="stmt"/>
        <line num="271" count="0" type="cond" truecount="0" falsecount="2"/>
        <line num="272" count="0" type="stmt"/>
        <line num="274" count="0" type="stmt"/>
        <line num="275" count="0" type="stmt"/>
        <line num="276" count="0" type="stmt"/>
        <line num="278" count="0" type="cond" truecount="0" falsecount="2"/>
        <line num="279" count="0" type="cond" truecount="0" falsecount="2"/>
        <line num="281" count="0" type="stmt"/>
        <line num="286" count="4" type="cond" truecount="1" falsecount="1"/>
        <line num="287" count="4" type="stmt"/>
        <line num="288" count="4" type="cond" truecount="1" falsecount="1"/>
        <line num="289" count="4" type="stmt"/>
        <line num="290" count="4" type="stmt"/>
        <line num="292" count="0" type="stmt"/>
        <line num="293" count="0" type="stmt"/>
        <line num="294" count="0" type="cond" truecount="0" falsecount="2"/>
        <line num="295" count="0" type="stmt"/>
        <line num="299" count="0" type="stmt"/>
        <line num="305" count="0" type="stmt"/>
        <line num="312" count="271" type="cond" truecount="2" falsecount="0"/>
        <line num="313" count="161" type="cond" truecount="2" falsecount="0"/>
        <line num="315" count="110" type="cond" truecount="1" falsecount="1"/>
        <line num="316" count="110" type="cond" truecount="1" falsecount="1"/>
        <line num="323" count="0" type="stmt"/>
        <line num="325" count="0" type="stmt"/>
        <line num="327" count="0" type="stmt"/>
        <line num="329" count="0" type="stmt"/>
        <line num="332" count="0" type="stmt"/>
      </file>
    </package>
  </project>
</coverage>
