<?xml version="1.0" encoding="UTF-8"?>
<coverage generated="1704440161957" clover="3.2.0">
  <project timestamp="1704440161957" name="All files">
    <metrics statements="501" coveredstatements="443" conditionals="427" coveredconditionals="345" methods="139" coveredmethods="108" elements="1067" coveredelements="896" complexity="0" loc="501" ncloc="501" packages="2" files="5" classes="5"/>
    <package name="geometry">
      <metrics statements="47" coveredstatements="35" conditionals="60" coveredconditionals="46" methods="9" coveredmethods="6"/>
      <file name="geometry.js" path="C:\Users\harri\Developer\Repositories\Harxer\geometry\geometry.js">
        <metrics statements="47" coveredstatements="35" conditionals="60" coveredconditionals="46" methods="9" coveredmethods="6"/>
        <line num="12" count="5" type="stmt"/>
        <line num="14" count="0" type="cond" truecount="0" falsecount="2"/>
        <line num="15" count="0" type="stmt"/>
        <line num="25" count="5" type="stmt"/>
        <line num="37" count="3302" type="stmt"/>
        <line num="38" count="3302" type="stmt"/>
        <line num="39" count="3302" type="stmt"/>
        <line num="40" count="3302" type="stmt"/>
        <line num="43" count="3302" type="cond" truecount="4" falsecount="0"/>
        <line num="44" count="3302" type="cond" truecount="4" falsecount="0"/>
        <line num="46" count="3302" type="stmt"/>
        <line num="47" count="3302" type="cond" truecount="2" falsecount="0"/>
        <line num="48" count="3066" type="cond" truecount="2" falsecount="0"/>
        <line num="53" count="89" type="stmt"/>
        <line num="54" count="89" type="cond" truecount="2" falsecount="0"/>
        <line num="55" count="69" type="cond" truecount="2" falsecount="0"/>
        <line num="56" count="66" type="stmt"/>
        <line num="60" count="0" type="stmt"/>
        <line num="61" count="0" type="stmt"/>
        <line num="62" count="0" type="stmt"/>
        <line num="63" count="0" type="cond" truecount="0" falsecount="2"/>
        <line num="64" count="0" type="stmt"/>
        <line num="67" count="5" type="stmt"/>
        <line num="84" count="0" type="stmt"/>
        <line num="85" count="0" type="stmt"/>
        <line num="86" count="0" type="stmt"/>
        <line num="87" count="0" type="cond" truecount="0" falsecount="4"/>
        <line num="88" count="0" type="cond" truecount="0" falsecount="5"/>
        <line num="93" count="1631" type="cond" truecount="6" falsecount="0"/>
        <line num="95" count="56" type="cond" truecount="4" falsecount="0"/>
        <line num="97" count="1575" type="cond" truecount="4" falsecount="0"/>
        <line num="99" count="1548" type="cond" truecount="2" falsecount="0"/>
        <line num="101" count="1515" type="stmt"/>
        <line num="103" count="1548" type="stmt"/>
        <line num="119" count="38" type="stmt"/>
        <line num="120" count="38" type="stmt"/>
        <line num="121" count="38" type="stmt"/>
        <line num="122" count="646" type="cond" truecount="2" falsecount="0"/>
        <line num="124" count="38" type="stmt"/>
        <line num="126" count="608" type="stmt"/>
        <line num="131" count="1601" type="stmt"/>
        <line num="132" count="1601" type="cond" truecount="2" falsecount="0"/>
        <line num="133" count="1599" type="cond" truecount="2" falsecount="0"/>
        <line num="134" count="92" type="stmt"/>
        <line num="142" count="9773" type="cond" truecount="4" falsecount="0"/>
        <line num="143" count="9640" type="cond" truecount="2" falsecount="0"/>
        <line num="144" count="30" type="stmt"/>
      </file>
    </package>
    <package name="geometry.structures">
      <metrics statements="454" coveredstatements="408" conditionals="367" coveredconditionals="299" methods="130" coveredmethods="102"/>
      <file name="point.js" path="C:\Users\harri\Developer\Repositories\Harxer\geometry\structures\point.js">
        <metrics statements="29" coveredstatements="24" conditionals="27" coveredconditionals="19" methods="13" coveredmethods="10"/>
        <line num="12" count="2384" type="cond" truecount="1" falsecount="1"/>
        <line num="13" count="2384" type="cond" truecount="1" falsecount="1"/>
        <line num="14" count="2384" type="stmt"/>
        <line num="15" count="2384" type="stmt"/>
        <line num="20" count="18448" type="stmt"/>
        <line num="23" count="0" type="cond" truecount="0" falsecount="2"/>
        <line num="24" count="0" type="stmt"/>
        <line num="28" count="16837" type="stmt"/>
        <line num="31" count="0" type="cond" truecount="0" falsecount="2"/>
        <line num="32" count="0" type="stmt"/>
        <line num="37" count="1795" type="stmt"/>
        <line num="42" count="340" type="stmt"/>
        <line num="47" count="858" type="cond" truecount="1" falsecount="1"/>
        <line num="48" count="858" type="cond" truecount="2" falsecount="0"/>
        <line num="56" count="305" type="cond" truecount="1" falsecount="1"/>
        <line num="57" count="305" type="cond" truecount="4" falsecount="0"/>
        <line num="58" count="283" type="cond" truecount="2" falsecount="0"/>
        <line num="63" count="244" type="stmt"/>
        <line num="65" count="39" type="stmt"/>
        <line num="67" count="39" type="cond" truecount="2" falsecount="0"/>
        <line num="68" count="22" type="stmt"/>
        <line num="73" count="12" type="stmt"/>
        <line num="78" count="0" type="stmt"/>
        <line num="83" count="71" type="stmt"/>
        <line num="84" count="71" type="stmt"/>
        <line num="85" count="71" type="stmt"/>
        <line num="90" count="339" type="stmt"/>
        <line num="91" count="339" type="stmt"/>
        <line num="92" count="339" type="stmt"/>
      </file>
      <file name="polygon.js" path="C:\Users\harri\Developer\Repositories\Harxer\geometry\structures\polygon.js">
        <metrics statements="171" coveredstatements="160" conditionals="112" coveredconditionals="94" methods="50" coveredmethods="41"/>
        <line num="12" count="76" type="cond" truecount="1" falsecount="1"/>
        <line num="13" count="76" type="cond" truecount="1" falsecount="1"/>
        <line num="15" count="76" type="stmt"/>
        <line num="16" count="76" type="stmt"/>
        <line num="17" count="344" type="cond" truecount="1" falsecount="1"/>
        <line num="18" count="344" type="cond" truecount="1" falsecount="1"/>
        <line num="19" count="344" type="cond" truecount="1" falsecount="1"/>
        <line num="20" count="344" type="stmt"/>
        <line num="22" count="344" type="stmt"/>
        <line num="25" count="76" type="stmt"/>
        <line num="27" count="76" type="stmt"/>
        <line num="28" count="261" type="stmt"/>
        <line num="30" count="660" type="cond" truecount="2" falsecount="0"/>
        <line num="32" count="261" type="cond" truecount="2" falsecount="0"/>
        <line num="33" count="11" type="cond" truecount="2" falsecount="0"/>
        <line num="35" count="10" type="stmt"/>
        <line num="38" count="1" type="stmt"/>
        <line num="42" count="399" type="cond" truecount="4" falsecount="0"/>
        <line num="44" count="76" type="cond" truecount="1" falsecount="1"/>
        <line num="45" count="0" type="stmt"/>
        <line num="47" count="323" type="cond" truecount="2" falsecount="0"/>
        <line num="48" count="1" type="stmt"/>
        <line num="52" count="74" type="cond" truecount="2" falsecount="0"/>
        <line num="54" count="34" type="stmt"/>
        <line num="56" count="6" type="stmt"/>
        <line num="57" count="6" type="stmt"/>
        <line num="61" count="74" type="stmt"/>
        <line num="73" count="74" type="cond" truecount="1" falsecount="1"/>
        <line num="77" count="1406" type="stmt"/>
        <line num="79" count="0" type="stmt"/>
        <line num="83" count="3733" type="cond" truecount="2" falsecount="0"/>
        <line num="84" count="82" type="stmt"/>
        <line num="85" count="82" type="stmt"/>
        <line num="86" count="368" type="stmt"/>
        <line num="88" count="368" type="stmt"/>
        <line num="89" count="82" type="stmt"/>
        <line num="91" count="3733" type="stmt"/>
        <line num="93" count="0" type="stmt"/>
        <line num="97" count="45" type="cond" truecount="2" falsecount="0"/>
        <line num="98" count="40" type="stmt"/>
        <line num="99" count="10" type="stmt"/>
        <line num="101" count="45" type="stmt"/>
        <line num="103" count="0" type="stmt"/>
        <line num="107" count="9" type="cond" truecount="1" falsecount="1"/>
        <line num="108" count="36" type="stmt"/>
        <line num="109" count="9" type="stmt"/>
        <line num="111" count="9" type="stmt"/>
        <line num="113" count="0" type="stmt"/>
        <line num="117" count="153" type="cond" truecount="2" falsecount="0"/>
        <line num="118" count="321" type="stmt"/>
        <line num="124" count="74" type="cond" truecount="1" falsecount="1"/>
        <line num="125" count="74" type="stmt"/>
        <line num="127" count="153" type="stmt"/>
        <line num="129" count="0" type="stmt"/>
        <line num="130" count="32" type="stmt"/>
        <line num="131" count="0" type="stmt"/>
        <line num="135" count="4" type="stmt"/>
        <line num="146" count="51" type="stmt"/>
        <line num="147" count="51" type="stmt"/>
        <line num="148" count="51" type="stmt"/>
        <line num="149" count="171" type="stmt"/>
        <line num="151" count="171" type="cond" truecount="2" falsecount="0"/>
        <line num="152" count="156" type="cond" truecount="2" falsecount="0"/>
        <line num="154" count="33" type="cond" truecount="5" falsecount="0"/>
        <line num="155" count="21" type="stmt"/>
        <line num="159" count="36" type="cond" truecount="4" falsecount="0"/>
        <line num="160" count="33" type="cond" truecount="4" falsecount="0"/>
        <line num="161" count="20" type="stmt"/>
        <line num="165" count="0" type="stmt"/>
        <line num="166" count="0" type="cond" truecount="0" falsecount="2"/>
        <line num="168" count="0" type="stmt"/>
        <line num="178" count="4" type="stmt"/>
        <line num="179" count="4" type="cond" truecount="2" falsecount="0"/>
        <line num="181" count="15" type="stmt"/>
        <line num="186" count="4" type="stmt"/>
        <line num="187" count="4" type="stmt"/>
        <line num="188" count="4" type="stmt"/>
        <line num="189" count="4" type="stmt"/>
        <line num="190" count="4" type="stmt"/>
        <line num="198" count="10" type="stmt"/>
        <line num="200" count="10" type="stmt"/>
        <line num="203" count="111" type="stmt"/>
        <line num="206" count="10" type="stmt"/>
        <line num="209" count="116" type="stmt"/>
        <line num="210" count="155" type="stmt"/>
        <line num="211" count="65" type="stmt"/>
        <line num="212" count="115" type="cond" truecount="2" falsecount="0"/>
        <line num="215" count="14" type="stmt"/>
        <line num="216" count="14" type="stmt"/>
        <line num="221" count="16" type="stmt"/>
        <line num="222" count="10" type="cond" truecount="2" falsecount="0"/>
        <line num="224" count="2" type="stmt"/>
        <line num="225" count="2" type="stmt"/>
        <line num="227" count="8" type="stmt"/>
        <line num="229" count="10" type="stmt"/>
        <line num="232" count="10" type="stmt"/>
        <line num="233" count="10" type="stmt"/>
        <line num="234" count="65" type="stmt"/>
        <line num="236" count="65" type="cond" truecount="2" falsecount="0"/>
        <line num="237" count="6" type="stmt"/>
        <line num="238" count="6" type="stmt"/>
        <line num="242" count="59" type="stmt"/>
        <line num="243" count="229" type="cond" truecount="2" falsecount="0"/>
        <line num="244" count="229" type="stmt"/>
        <line num="247" count="59" type="cond" truecount="2" falsecount="0"/>
        <line num="249" count="36" type="stmt"/>
        <line num="252" count="36" type="cond" truecount="2" falsecount="0"/>
        <line num="253" count="36" type="stmt"/>
        <line num="257" count="23" type="stmt"/>
        <line num="258" count="36" type="stmt"/>
        <line num="259" count="36" type="cond" truecount="2" falsecount="0"/>
        <line num="260" count="6" type="stmt"/>
        <line num="262" count="36" type="stmt"/>
        <line num="264" count="36" type="cond" truecount="4" falsecount="0"/>
        <line num="265" count="21" type="stmt"/>
        <line num="268" count="23" type="cond" truecount="2" falsecount="0"/>
        <line num="270" count="9" type="stmt"/>
        <line num="272" count="9" type="cond" truecount="2" falsecount="0"/>
        <line num="273" count="9" type="stmt"/>
        <line num="276" count="14" type="stmt"/>
        <line num="277" count="14" type="stmt"/>
        <line num="280" count="10" type="stmt"/>
        <line num="290" count="11" type="cond" truecount="1" falsecount="1"/>
        <line num="292" count="11" type="stmt"/>
        <line num="293" count="44" type="stmt"/>
        <line num="294" count="44" type="stmt"/>
        <line num="295" count="44" type="cond" truecount="2" falsecount="0"/>
        <line num="298" count="11" type="cond" truecount="1" falsecount="1"/>
        <line num="303" count="11" type="stmt"/>
        <line num="308" count="11" type="cond" truecount="2" falsecount="0"/>
        <line num="311" count="8" type="cond" truecount="2" falsecount="0"/>
        <line num="312" count="1" type="stmt"/>
        <line num="313" count="1" type="cond" truecount="1" falsecount="1"/>
        <line num="315" count="1" type="stmt"/>
        <line num="318" count="7" type="cond" truecount="2" falsecount="0"/>
        <line num="319" count="3" type="stmt"/>
        <line num="320" count="3" type="stmt"/>
        <line num="324" count="4" type="stmt"/>
        <line num="325" count="4" type="cond" truecount="1" falsecount="1"/>
        <line num="327" count="8" type="stmt"/>
        <line num="328" count="8" type="stmt"/>
        <line num="330" count="3" type="stmt"/>
        <line num="342" count="16" type="cond" truecount="2" falsecount="0"/>
        <line num="343" count="16" type="stmt"/>
        <line num="344" count="16" type="cond" truecount="2" falsecount="0"/>
        <line num="345" count="16" type="stmt"/>
        <line num="346" count="16" type="stmt"/>
        <line num="347" count="16" type="stmt"/>
        <line num="348" count="16" type="stmt"/>
        <line num="349" count="16" type="cond" truecount="1" falsecount="1"/>
        <line num="357" count="2" type="cond" truecount="2" falsecount="0"/>
        <line num="358" count="1" type="stmt"/>
        <line num="359" count="1" type="stmt"/>
        <line num="360" count="4" type="stmt"/>
        <line num="361" count="4" type="stmt"/>
        <line num="362" count="4" type="cond" truecount="2" falsecount="0"/>
        <line num="364" count="4" type="stmt"/>
        <line num="365" count="4" type="stmt"/>
        <line num="366" count="4" type="stmt"/>
        <line num="367" count="4" type="stmt"/>
        <line num="368" count="4" type="cond" truecount="1" falsecount="1"/>
        <line num="369" count="4" type="stmt"/>
        <line num="372" count="4" type="stmt"/>
        <line num="379" count="1" type="stmt"/>
        <line num="384" count="2" type="stmt"/>
        <line num="389" count="2" type="cond" truecount="1" falsecount="1"/>
        <line num="390" count="8" type="stmt"/>
        <line num="392" count="2" type="stmt"/>
        <line num="396" count="4" type="stmt"/>
        <line num="401" count="0" type="stmt"/>
        <line num="406" count="73" type="stmt"/>
      </file>
      <file name="segment.js" path="C:\Users\harri\Developer\Repositories\Harxer\geometry\structures\segment.js">
        <metrics statements="109" coveredstatements="93" conditionals="101" coveredconditionals="82" methods="32" coveredmethods="23"/>
        <line num="8" count="5" type="stmt"/>
        <line num="10" count="5" type="stmt"/>
        <line num="26" count="730" type="cond" truecount="2" falsecount="0"/>
        <line num="27" count="718" type="stmt"/>
        <line num="28" count="12" type="cond" truecount="4" falsecount="1"/>
        <line num="29" count="12" type="cond" truecount="1" falsecount="1"/>
        <line num="30" count="12" type="cond" truecount="1" falsecount="1"/>
        <line num="31" count="12" type="stmt"/>
        <line num="33" count="0" type="stmt"/>
        <line num="35" count="730" type="stmt"/>
        <line num="36" count="730" type="stmt"/>
        <line num="38" count="730" type="cond" truecount="2" falsecount="0"/>
        <line num="39" count="663" type="stmt"/>
        <line num="40" count="663" type="stmt"/>
        <line num="41" count="67" type="cond" truecount="2" falsecount="0"/>
        <line num="42" count="4" type="stmt"/>
        <line num="43" count="63" type="cond" truecount="1" falsecount="1"/>
        <line num="44" count="63" type="cond" truecount="4" falsecount="0"/>
        <line num="45" count="62" type="cond" truecount="1" falsecount="1"/>
        <line num="46" count="62" type="cond" truecount="1" falsecount="1"/>
        <line num="47" count="62" type="stmt"/>
        <line num="48" count="62" type="stmt"/>
        <line num="49" count="1" type="cond" truecount="3" falsecount="1"/>
        <line num="50" count="1" type="stmt"/>
        <line num="52" count="0" type="stmt"/>
        <line num="55" count="0" type="stmt"/>
        <line num="65" count="2648" type="stmt"/>
        <line num="68" count="1" type="cond" truecount="1" falsecount="1"/>
        <line num="69" count="1" type="stmt"/>
        <line num="70" count="1" type="stmt"/>
        <line num="71" count="1" type="stmt"/>
        <line num="75" count="0" type="stmt"/>
        <line num="76" count="0" type="stmt"/>
        <line num="80" count="2850" type="stmt"/>
        <line num="81" count="2850" type="stmt"/>
        <line num="84" count="1" type="cond" truecount="1" falsecount="1"/>
        <line num="85" count="1" type="stmt"/>
        <line num="86" count="1" type="stmt"/>
        <line num="91" count="553" type="stmt"/>
        <line num="92" count="553" type="stmt"/>
        <line num="94" count="0" type="stmt"/>
        <line num="97" count="8" type="stmt"/>
        <line num="98" count="0" type="stmt"/>
        <line num="100" count="2" type="stmt"/>
        <line num="101" count="0" type="stmt"/>
        <line num="103" count="0" type="stmt"/>
        <line num="104" count="0" type="stmt"/>
        <line num="107" count="5" type="stmt"/>
        <line num="108" count="0" type="stmt"/>
        <line num="113" count="1" type="cond" truecount="1" falsecount="1"/>
        <line num="114" count="1" type="stmt"/>
        <line num="116" count="0" type="stmt"/>
        <line num="118" count="1" type="stmt"/>
        <line num="122" count="78" type="stmt"/>
        <line num="124" count="0" type="stmt"/>
        <line num="130" count="1" type="stmt"/>
        <line num="131" count="1" type="stmt"/>
        <line num="132" count="1" type="stmt"/>
        <line num="133" count="1" type="cond" truecount="1" falsecount="1"/>
        <line num="134" count="1" type="stmt"/>
        <line num="139" count="3" type="cond" truecount="2" falsecount="0"/>
        <line num="144" count="4" type="cond" truecount="1" falsecount="1"/>
        <line num="145" count="4" type="stmt"/>
        <line num="147" count="0" type="stmt"/>
        <line num="152" count="2" type="stmt"/>
        <line num="153" count="2" type="stmt"/>
        <line num="154" count="2" type="stmt"/>
        <line num="159" count="220" type="stmt"/>
        <line num="168" count="43" type="cond" truecount="4" falsecount="0"/>
        <line num="169" count="7" type="stmt"/>
        <line num="171" count="36" type="cond" truecount="4" falsecount="0"/>
        <line num="172" count="7" type="stmt"/>
        <line num="175" count="29" type="stmt"/>
        <line num="176" count="29" type="stmt"/>
        <line num="177" count="29" type="stmt"/>
        <line num="179" count="29" type="cond" truecount="4" falsecount="0"/>
        <line num="180" count="7" type="stmt"/>
        <line num="182" count="22" type="cond" truecount="4" falsecount="0"/>
        <line num="183" count="1" type="stmt"/>
        <line num="186" count="21" type="stmt"/>
        <line num="187" count="21" type="stmt"/>
        <line num="189" count="21" type="cond" truecount="7" falsecount="0"/>
        <line num="190" count="20" type="stmt"/>
        <line num="195" count="1" type="stmt"/>
        <line num="203" count="738" type="stmt"/>
        <line num="204" count="738" type="stmt"/>
        <line num="205" count="738" type="stmt"/>
        <line num="206" count="738" type="stmt"/>
        <line num="208" count="738" type="cond" truecount="4" falsecount="0"/>
        <line num="210" count="672" type="cond" truecount="4" falsecount="0"/>
        <line num="211" count="660" type="cond" truecount="4" falsecount="0"/>
        <line num="212" count="655" type="cond" truecount="4" falsecount="0"/>
        <line num="213" count="652" type="cond" truecount="3" falsecount="1"/>
        <line num="215" count="652" type="stmt"/>
        <line num="225" count="3" type="stmt"/>
        <line num="226" count="3" type="cond" truecount="2" falsecount="0"/>
        <line num="227" count="2" type="cond" truecount="2" falsecount="0"/>
        <line num="228" count="1" type="stmt"/>
        <line num="233" count="44" type="stmt"/>
        <line num="234" count="44" type="stmt"/>
        <line num="236" count="44" type="cond" truecount="2" falsecount="0"/>
        <line num="237" count="35" type="cond" truecount="1" falsecount="1"/>
        <line num="238" count="35" type="stmt"/>
        <line num="245" count="76" type="stmt"/>
        <line num="250" count="2" type="stmt"/>
        <line num="257" count="5" type="cond" truecount="1" falsecount="1"/>
        <line num="258" count="5" type="cond" truecount="2" falsecount="0"/>
        <line num="260" count="0" type="cond" truecount="0" falsecount="2"/>
        <line num="261" count="0" type="cond" truecount="0" falsecount="2"/>
      </file>
      <file name="vector.js" path="C:\Users\harri\Developer\Repositories\Harxer\geometry\structures\vector.js">
        <metrics statements="145" coveredstatements="131" conditionals="127" coveredconditionals="104" methods="35" coveredmethods="28"/>
        <line num="7" count="5" type="stmt"/>
        <line num="9" count="5" type="stmt"/>
        <line num="28" count="521" type="cond" truecount="2" falsecount="0"/>
        <line num="29" count="26" type="cond" truecount="2" falsecount="0"/>
        <line num="30" count="25" type="cond" truecount="2" falsecount="0"/>
        <line num="31" count="24" type="stmt"/>
        <line num="32" count="24" type="stmt"/>
        <line num="34" count="24" type="cond" truecount="2" falsecount="0"/>
        <line num="35" count="2" type="stmt"/>
        <line num="37" count="2" type="stmt"/>
        <line num="39" count="24" type="stmt"/>
        <line num="42" count="495" type="cond" truecount="2" falsecount="0"/>
        <line num="43" count="494" type="cond" truecount="2" falsecount="0"/>
        <line num="44" count="493" type="stmt"/>
        <line num="45" count="493" type="stmt"/>
        <line num="52" count="730" type="cond" truecount="2" falsecount="0"/>
        <line num="53" count="730" type="stmt"/>
        <line num="56" count="3" type="cond" truecount="1" falsecount="1"/>
        <line num="57" count="3" type="cond" truecount="1" falsecount="1"/>
        <line num="58" count="3" type="stmt"/>
        <line num="59" count="3" type="stmt"/>
        <line num="60" count="3" type="stmt"/>
        <line num="61" count="3" type="stmt"/>
        <line num="67" count="604" type="cond" truecount="2" falsecount="0"/>
        <line num="68" count="604" type="stmt"/>
        <line num="71" count="3" type="cond" truecount="1" falsecount="1"/>
        <line num="72" count="3" type="cond" truecount="2" falsecount="0"/>
        <line num="73" count="1" type="stmt"/>
        <line num="74" count="1" type="stmt"/>
        <line num="75" count="1" type="stmt"/>
        <line num="76" count="1" type="stmt"/>
        <line num="81" count="59" type="cond" truecount="2" falsecount="0"/>
        <line num="82" count="59" type="stmt"/>
        <line num="85" count="16" type="cond" truecount="1" falsecount="1"/>
        <line num="86" count="16" type="cond" truecount="1" falsecount="1"/>
        <line num="88" count="16" type="cond" truecount="2" falsecount="0"/>
        <line num="90" count="9" type="cond" truecount="2" falsecount="0"/>
        <line num="91" count="4" type="stmt"/>
        <line num="92" count="4" type="stmt"/>
        <line num="93" count="4" type="stmt"/>
        <line num="96" count="5" type="stmt"/>
        <line num="97" count="5" type="stmt"/>
        <line num="100" count="7" type="stmt"/>
        <line num="101" count="7" type="stmt"/>
        <line num="102" count="7" type="stmt"/>
        <line num="106" count="16" type="cond" truecount="4" falsecount="0"/>
        <line num="108" count="16" type="stmt"/>
        <line num="113" count="119" type="cond" truecount="2" falsecount="0"/>
        <line num="115" count="59" type="cond" truecount="3" falsecount="1"/>
        <line num="116" count="59" type="stmt"/>
        <line num="118" count="119" type="stmt"/>
        <line num="121" count="2" type="cond" truecount="1" falsecount="1"/>
        <line num="122" count="2" type="cond" truecount="1" falsecount="1"/>
        <line num="123" count="2" type="stmt"/>
        <line num="125" count="2" type="stmt"/>
        <line num="126" count="2" type="stmt"/>
        <line num="127" count="2" type="stmt"/>
        <line num="132" count="63" type="cond" truecount="2" falsecount="0"/>
        <line num="133" count="62" type="stmt"/>
        <line num="134" count="62" type="stmt"/>
        <line num="135" count="62" type="stmt"/>
        <line num="136" count="62" type="stmt"/>
        <line num="138" count="1" type="stmt"/>
        <line num="139" count="1" type="stmt"/>
        <line num="140" count="1" type="stmt"/>
        <line num="141" count="1" type="stmt"/>
        <line num="148" count="4" type="cond" truecount="4" falsecount="0"/>
        <line num="149" count="2" type="cond" truecount="2" falsecount="0"/>
        <line num="151" count="2" type="cond" truecount="2" falsecount="0"/>
        <line num="156" count="53" type="cond" truecount="1" falsecount="1"/>
        <line num="157" count="53" type="cond" truecount="1" falsecount="1"/>
        <line num="158" count="53" type="cond" truecount="1" falsecount="1"/>
        <line num="159" count="53" type="stmt"/>
        <line num="164" count="4" type="stmt"/>
        <line num="165" count="4" type="stmt"/>
        <line num="170" count="1" type="stmt"/>
        <line num="171" count="1" type="stmt"/>
        <line num="172" count="1" type="stmt"/>
        <line num="177" count="1" type="stmt"/>
        <line num="178" count="1" type="stmt"/>
        <line num="179" count="1" type="stmt"/>
        <line num="184" count="1" type="stmt"/>
        <line num="189" count="7" type="cond" truecount="2" falsecount="0"/>
        <line num="190" count="7" type="cond" truecount="2" falsecount="0"/>
        <line num="191" count="7" type="cond" truecount="2" falsecount="0"/>
        <line num="192" count="7" type="stmt"/>
        <line num="197" count="316" type="cond" truecount="1" falsecount="1"/>
        <line num="198" count="316" type="stmt"/>
        <line num="203" count="1" type="cond" truecount="1" falsecount="1"/>
        <line num="208" count="11" type="cond" truecount="2" falsecount="0"/>
        <line num="209" count="10" type="cond" truecount="2" falsecount="0"/>
        <line num="210" count="4" type="stmt"/>
        <line num="211" count="4" type="stmt"/>
        <line num="213" count="10" type="cond" truecount="2" falsecount="0"/>
        <line num="214" count="5" type="stmt"/>
        <line num="215" count="5" type="stmt"/>
        <line num="218" count="1" type="stmt"/>
        <line num="220" count="11" type="stmt"/>
        <line num="225" count="118" type="cond" truecount="2" falsecount="0"/>
        <line num="226" count="4" type="cond" truecount="2" falsecount="0"/>
        <line num="227" count="3" type="cond" truecount="2" falsecount="0"/>
        <line num="228" count="2" type="cond" truecount="2" falsecount="0"/>
        <line num="229" count="1" type="stmt"/>
        <line num="231" count="114" type="cond" truecount="4" falsecount="0"/>
        <line num="232" count="86" type="cond" truecount="4" falsecount="0"/>
        <line num="233" count="61" type="cond" truecount="4" falsecount="0"/>
        <line num="234" count="33" type="stmt"/>
        <line num="239" count="0" type="stmt"/>
        <line num="240" count="0" type="stmt"/>
        <line num="242" count="0" type="stmt"/>
        <line num="247" count="62" type="stmt"/>
        <line num="252" count="87" type="stmt"/>
        <line num="257" count="53" type="cond" truecount="4" falsecount="0"/>
        <line num="258" count="52" type="stmt"/>
        <line num="260" count="1" type="stmt"/>
        <line num="261" count="1" type="stmt"/>
        <line num="262" count="1" type="stmt"/>
        <line num="271" count="4" type="cond" truecount="1" falsecount="1"/>
        <line num="272" count="0" type="stmt"/>
        <line num="274" count="4" type="stmt"/>
        <line num="275" count="4" type="stmt"/>
        <line num="276" count="4" type="stmt"/>
        <line num="278" count="4" type="cond" truecount="1" falsecount="1"/>
        <line num="279" count="4" type="cond" truecount="1" falsecount="1"/>
        <line num="281" count="4" type="stmt"/>
        <line num="286" count="4" type="cond" truecount="1" falsecount="1"/>
        <line num="287" count="4" type="stmt"/>
        <line num="288" count="4" type="cond" truecount="1" falsecount="1"/>
        <line num="289" count="4" type="stmt"/>
        <line num="290" count="4" type="stmt"/>
        <line num="292" count="0" type="stmt"/>
        <line num="293" count="0" type="stmt"/>
        <line num="294" count="0" type="cond" truecount="0" falsecount="2"/>
        <line num="295" count="0" type="stmt"/>
        <line num="299" count="0" type="stmt"/>
        <line num="305" count="3" type="stmt"/>
        <line num="312" count="316" type="cond" truecount="2" falsecount="0"/>
        <line num="313" count="192" type="cond" truecount="2" falsecount="0"/>
        <line num="315" count="124" type="cond" truecount="1" falsecount="1"/>
        <line num="316" count="124" type="cond" truecount="2" falsecount="0"/>
        <line num="323" count="0" type="stmt"/>
        <line num="325" count="0" type="stmt"/>
        <line num="327" count="0" type="stmt"/>
        <line num="329" count="0" type="stmt"/>
        <line num="332" count="0" type="stmt"/>
      </file>
    </package>
  </project>
</coverage>
