{"C:\\Users\\harri\\Developer\\Repositories\\Harxer\\geometry\\geometry.js": {"path":"C:\\Users\\harri\\Developer\\Repositories\\Harxer\\geometry\\geometry.js","statementMap":{"0":{"start":{"line":12,"column":35},"end":{"line":12,"column":37}},"1":{"start":{"line":14,"column":2},"end":{"line":14,"column":103}},"2":{"start":{"line":14,"column":35},"end":{"line":14,"column":103}},"3":{"start":{"line":15,"column":2},"end":{"line":15,"column":36}},"4":{"start":{"line":25,"column":27},"end":{"line":29,"column":1}},"5":{"start":{"line":37,"column":17},"end":{"line":37,"column":28}},"6":{"start":{"line":38,"column":17},"end":{"line":38,"column":28}},"7":{"start":{"line":39,"column":17},"end":{"line":39,"column":28}},"8":{"start":{"line":40,"column":17},"end":{"line":40,"column":28}},"9":{"start":{"line":43,"column":2},"end":{"line":43,"column":67}},"10":{"start":{"line":43,"column":40},"end":{"line":43,"column":52}},"11":{"start":{"line":43,"column":53},"end":{"line":43,"column":65}},"12":{"start":{"line":44,"column":2},"end":{"line":44,"column":67}},"13":{"start":{"line":44,"column":40},"end":{"line":44,"column":52}},"14":{"start":{"line":44,"column":53},"end":{"line":44,"column":65}},"15":{"start":{"line":46,"column":12},"end":{"line":46,"column":49}},"16":{"start":{"line":47,"column":2},"end":{"line":47,"column":45}},"17":{"start":{"line":47,"column":16},"end":{"line":47,"column":45}},"18":{"start":{"line":48,"column":2},"end":{"line":48,"column":53}},"19":{"start":{"line":53,"column":14},"end":{"line":53,"column":25}},"20":{"start":{"line":54,"column":2},"end":{"line":54,"column":47}},"21":{"start":{"line":54,"column":17},"end":{"line":54,"column":47}},"22":{"start":{"line":55,"column":2},"end":{"line":55,"column":42}},"23":{"start":{"line":55,"column":22},"end":{"line":55,"column":42}},"24":{"start":{"line":56,"column":2},"end":{"line":56,"column":14}},"25":{"start":{"line":60,"column":15},"end":{"line":60,"column":31}},"26":{"start":{"line":61,"column":15},"end":{"line":61,"column":31}},"27":{"start":{"line":62,"column":13},"end":{"line":62,"column":40}},"28":{"start":{"line":63,"column":2},"end":{"line":63,"column":41}},"29":{"start":{"line":63,"column":22},"end":{"line":63,"column":41}},"30":{"start":{"line":64,"column":2},"end":{"line":64,"column":13}},"31":{"start":{"line":67,"column":21},"end":{"line":71,"column":1}},"32":{"start":{"line":84,"column":15},"end":{"line":84,"column":31}},"33":{"start":{"line":85,"column":15},"end":{"line":85,"column":31}},"34":{"start":{"line":86,"column":13},"end":{"line":86,"column":28}},"35":{"start":{"line":87,"column":2},"end":{"line":87,"column":88}},"36":{"start":{"line":87,"column":80},"end":{"line":87,"column":88}},"37":{"start":{"line":88,"column":2},"end":{"line":88,"column":68}},"38":{"start":{"line":93,"column":2},"end":{"line":96,"column":3}},"39":{"start":{"line":95,"column":4},"end":{"line":95,"column":88}},"40":{"start":{"line":97,"column":2},"end":{"line":97,"column":55}},"41":{"start":{"line":97,"column":42},"end":{"line":97,"column":55}},"42":{"start":{"line":99,"column":2},"end":{"line":102,"column":3}},"43":{"start":{"line":101,"column":4},"end":{"line":101,"column":71}},"44":{"start":{"line":103,"column":2},"end":{"line":103,"column":56}},"45":{"start":{"line":119,"column":27},"end":{"line":119,"column":28}},"46":{"start":{"line":120,"column":28},"end":{"line":120,"column":29}},"47":{"start":{"line":121,"column":2},"end":{"line":127,"column":3}},"48":{"start":{"line":122,"column":4},"end":{"line":125,"column":5}},"49":{"start":{"line":124,"column":6},"end":{"line":124,"column":89}},"50":{"start":{"line":126,"column":4},"end":{"line":126,"column":30}},"51":{"start":{"line":131,"column":2},"end":{"line":131,"column":22}},"52":{"start":{"line":132,"column":2},"end":{"line":132,"column":40}},"53":{"start":{"line":132,"column":24},"end":{"line":132,"column":40}},"54":{"start":{"line":133,"column":2},"end":{"line":133,"column":25}},"55":{"start":{"line":133,"column":16},"end":{"line":133,"column":25}},"56":{"start":{"line":134,"column":2},"end":{"line":134,"column":45}},"57":{"start":{"line":142,"column":2},"end":{"line":142,"column":57}},"58":{"start":{"line":142,"column":45},"end":{"line":142,"column":57}},"59":{"start":{"line":143,"column":2},"end":{"line":143,"column":40}},"60":{"start":{"line":143,"column":28},"end":{"line":143,"column":40}},"61":{"start":{"line":144,"column":2},"end":{"line":144,"column":15}}},"fnMap":{"0":{"name":"setGlobalEqualsPrecision","decl":{"start":{"line":13,"column":16},"end":{"line":13,"column":40}},"loc":{"start":{"line":13,"column":52},"end":{"line":16,"column":1}},"line":13},"1":{"name":"orientation","decl":{"start":{"line":36,"column":16},"end":{"line":36,"column":27}},"loc":{"start":{"line":36,"column":40},"end":{"line":49,"column":1}},"line":36},"2":{"name":"boundAngle","decl":{"start":{"line":52,"column":16},"end":{"line":52,"column":26}},"loc":{"start":{"line":52,"column":34},"end":{"line":57,"column":1}},"line":52},"3":{"name":"angleDiff","decl":{"start":{"line":59,"column":16},"end":{"line":59,"column":25}},"loc":{"start":{"line":59,"column":38},"end":{"line":65,"column":1}},"line":59},"4":{"name":"anglesMatch","decl":{"start":{"line":83,"column":16},"end":{"line":83,"column":27}},"loc":{"start":{"line":83,"column":61},"end":{"line":89,"column":1}},"line":83},"5":{"name":"equals","decl":{"start":{"line":92,"column":16},"end":{"line":92,"column":22}},"loc":{"start":{"line":92,"column":52},"end":{"line":104,"column":1}},"line":92},"6":{"name":"minNumber","decl":{"start":{"line":118,"column":16},"end":{"line":118,"column":25}},"loc":{"start":{"line":118,"column":46},"end":{"line":128,"column":1}},"line":118},"7":{"name":"valueMagnitude","decl":{"start":{"line":130,"column":16},"end":{"line":130,"column":30}},"loc":{"start":{"line":130,"column":36},"end":{"line":135,"column":1}},"line":130},"8":{"name":"validNumber","decl":{"start":{"line":141,"column":16},"end":{"line":141,"column":27}},"loc":{"start":{"line":141,"column":33},"end":{"line":145,"column":1}},"line":141}},"branchMap":{"0":{"loc":{"start":{"line":14,"column":2},"end":{"line":14,"column":103}},"type":"if","locations":[{"start":{"line":14,"column":2},"end":{"line":14,"column":103}},{"start":{},"end":{}}],"line":14},"1":{"loc":{"start":{"line":43,"column":2},"end":{"line":43,"column":67}},"type":"if","locations":[{"start":{"line":43,"column":2},"end":{"line":43,"column":67}},{"start":{},"end":{}}],"line":43},"2":{"loc":{"start":{"line":43,"column":6},"end":{"line":43,"column":36}},"type":"binary-expr","locations":[{"start":{"line":43,"column":6},"end":{"line":43,"column":19}},{"start":{"line":43,"column":23},"end":{"line":43,"column":36}}],"line":43},"3":{"loc":{"start":{"line":44,"column":2},"end":{"line":44,"column":67}},"type":"if","locations":[{"start":{"line":44,"column":2},"end":{"line":44,"column":67}},{"start":{},"end":{}}],"line":44},"4":{"loc":{"start":{"line":44,"column":6},"end":{"line":44,"column":36}},"type":"binary-expr","locations":[{"start":{"line":44,"column":6},"end":{"line":44,"column":19}},{"start":{"line":44,"column":23},"end":{"line":44,"column":36}}],"line":44},"5":{"loc":{"start":{"line":47,"column":2},"end":{"line":47,"column":45}},"type":"if","locations":[{"start":{"line":47,"column":2},"end":{"line":47,"column":45}},{"start":{},"end":{}}],"line":47},"6":{"loc":{"start":{"line":48,"column":9},"end":{"line":48,"column":53}},"type":"cond-expr","locations":[{"start":{"line":48,"column":21},"end":{"line":48,"column":36}},{"start":{"line":48,"column":39},"end":{"line":48,"column":53}}],"line":48},"7":{"loc":{"start":{"line":54,"column":2},"end":{"line":54,"column":47}},"type":"if","locations":[{"start":{"line":54,"column":2},"end":{"line":54,"column":47}},{"start":{},"end":{}}],"line":54},"8":{"loc":{"start":{"line":55,"column":2},"end":{"line":55,"column":42}},"type":"if","locations":[{"start":{"line":55,"column":2},"end":{"line":55,"column":42}},{"start":{},"end":{}}],"line":55},"9":{"loc":{"start":{"line":63,"column":2},"end":{"line":63,"column":41}},"type":"if","locations":[{"start":{"line":63,"column":2},"end":{"line":63,"column":41}},{"start":{},"end":{}}],"line":63},"10":{"loc":{"start":{"line":83,"column":40},"end":{"line":83,"column":59}},"type":"default-arg","locations":[{"start":{"line":83,"column":52},"end":{"line":83,"column":59}}],"line":83},"11":{"loc":{"start":{"line":87,"column":2},"end":{"line":87,"column":88}},"type":"if","locations":[{"start":{"line":87,"column":2},"end":{"line":87,"column":88}},{"start":{},"end":{}}],"line":87},"12":{"loc":{"start":{"line":87,"column":6},"end":{"line":87,"column":78}},"type":"binary-expr","locations":[{"start":{"line":87,"column":6},"end":{"line":87,"column":33}},{"start":{"line":87,"column":37},"end":{"line":87,"column":78}}],"line":87},"13":{"loc":{"start":{"line":88,"column":9},"end":{"line":88,"column":68}},"type":"cond-expr","locations":[{"start":{"line":88,"column":62},"end":{"line":88,"column":64}},{"start":{"line":88,"column":67},"end":{"line":88,"column":68}}],"line":88},"14":{"loc":{"start":{"line":88,"column":9},"end":{"line":88,"column":59}},"type":"binary-expr","locations":[{"start":{"line":88,"column":10},"end":{"line":88,"column":24}},{"start":{"line":88,"column":28},"end":{"line":88,"column":36}},{"start":{"line":88,"column":42},"end":{"line":88,"column":58}}],"line":88},"15":{"loc":{"start":{"line":92,"column":29},"end":{"line":92,"column":50}},"type":"default-arg","locations":[{"start":{"line":92,"column":41},"end":{"line":92,"column":50}}],"line":92},"16":{"loc":{"start":{"line":93,"column":2},"end":{"line":96,"column":3}},"type":"if","locations":[{"start":{"line":93,"column":2},"end":{"line":96,"column":3}},{"start":{},"end":{}}],"line":93},"17":{"loc":{"start":{"line":93,"column":6},"end":{"line":93,"column":76}},"type":"binary-expr","locations":[{"start":{"line":93,"column":6},"end":{"line":93,"column":20}},{"start":{"line":93,"column":24},"end":{"line":93,"column":38}},{"start":{"line":93,"column":42},"end":{"line":93,"column":57}},{"start":{"line":93,"column":61},"end":{"line":93,"column":76}}],"line":93},"18":{"loc":{"start":{"line":95,"column":12},"end":{"line":95,"column":86}},"type":"binary-expr","locations":[{"start":{"line":95,"column":13},"end":{"line":95,"column":27}},{"start":{"line":95,"column":31},"end":{"line":95,"column":45}},{"start":{"line":95,"column":51},"end":{"line":95,"column":66}},{"start":{"line":95,"column":70},"end":{"line":95,"column":85}}],"line":95},"19":{"loc":{"start":{"line":97,"column":2},"end":{"line":97,"column":55}},"type":"if","locations":[{"start":{"line":97,"column":2},"end":{"line":97,"column":55}},{"start":{},"end":{}}],"line":97},"20":{"loc":{"start":{"line":97,"column":6},"end":{"line":97,"column":40}},"type":"binary-expr","locations":[{"start":{"line":97,"column":6},"end":{"line":97,"column":21}},{"start":{"line":97,"column":25},"end":{"line":97,"column":40}}],"line":97},"21":{"loc":{"start":{"line":99,"column":2},"end":{"line":102,"column":3}},"type":"if","locations":[{"start":{"line":99,"column":2},"end":{"line":102,"column":3}},{"start":{},"end":{}}],"line":99},"22":{"loc":{"start":{"line":118,"column":26},"end":{"line":118,"column":44}},"type":"default-arg","locations":[{"start":{"line":118,"column":43},"end":{"line":118,"column":44}}],"line":118},"23":{"loc":{"start":{"line":122,"column":4},"end":{"line":125,"column":5}},"type":"if","locations":[{"start":{"line":122,"column":4},"end":{"line":125,"column":5}},{"start":{},"end":{}}],"line":122},"24":{"loc":{"start":{"line":132,"column":2},"end":{"line":132,"column":40}},"type":"if","locations":[{"start":{"line":132,"column":2},"end":{"line":132,"column":40}},{"start":{},"end":{}}],"line":132},"25":{"loc":{"start":{"line":133,"column":2},"end":{"line":133,"column":25}},"type":"if","locations":[{"start":{"line":133,"column":2},"end":{"line":133,"column":25}},{"start":{},"end":{}}],"line":133},"26":{"loc":{"start":{"line":142,"column":2},"end":{"line":142,"column":57}},"type":"if","locations":[{"start":{"line":142,"column":2},"end":{"line":142,"column":57}},{"start":{},"end":{}}],"line":142},"27":{"loc":{"start":{"line":142,"column":6},"end":{"line":142,"column":43}},"type":"binary-expr","locations":[{"start":{"line":142,"column":6},"end":{"line":142,"column":22}},{"start":{"line":142,"column":26},"end":{"line":142,"column":43}}],"line":142},"28":{"loc":{"start":{"line":143,"column":2},"end":{"line":143,"column":40}},"type":"if","locations":[{"start":{"line":143,"column":2},"end":{"line":143,"column":40}},{"start":{},"end":{}}],"line":143}},"s":{"0":1,"1":0,"2":0,"3":0,"4":1,"5":2960,"6":2960,"7":2960,"8":2960,"9":2960,"10":1655,"11":1655,"12":2960,"13":1145,"14":1145,"15":2960,"16":2960,"17":193,"18":2767,"19":68,"20":68,"21":20,"22":48,"23":2,"24":46,"25":0,"26":0,"27":0,"28":0,"29":0,"30":0,"31":1,"32":0,"33":0,"34":0,"35":0,"36":0,"37":0,"38":1426,"39":51,"40":1375,"41":4,"42":1371,"43":1343,"44":1371,"45":35,"46":35,"47":35,"48":595,"49":35,"50":560,"51":1415,"52":1415,"53":1,"54":1414,"55":1330,"56":84,"57":8455,"58":122,"59":8333,"60":8329,"61":4},"f":{"0":0,"1":2960,"2":68,"3":0,"4":0,"5":1426,"6":35,"7":1415,"8":8455},"b":{"0":[0,0],"1":[1655,1305],"2":[2960,1451],"3":[1145,1815],"4":[2960,1938],"5":[193,2767],"6":[583,2184],"7":[20,48],"8":[2,46],"9":[0,0],"10":[0],"11":[0,0],"12":[0,0],"13":[0,0],"14":[0,0,0],"15":[1386],"16":[51,1375],"17":[1426,1402,1389,1375],"18":[51,24,44,14],"19":[4,1371],"20":[1375,1371],"21":[1343,28],"22":[23],"23":[35,560],"24":[1,1414],"25":[1330,84],"26":[122,8333],"27":[8455,8339],"28":[8329,4]},"_coverageSchema":"1a1c01bbd47fc00a2c39e90264f33305004495a9","hash":"5cc3838d6e6eeefab1616953ff4f4f4167368915"}
,"C:\\Users\\harri\\Developer\\Repositories\\Harxer\\geometry\\structures\\point.js": {"path":"C:\\Users\\harri\\Developer\\Repositories\\Harxer\\geometry\\structures\\point.js","statementMap":{"0":{"start":{"line":12,"column":4},"end":{"line":12,"column":76}},"1":{"start":{"line":12,"column":25},"end":{"line":12,"column":76}},"2":{"start":{"line":13,"column":4},"end":{"line":13,"column":76}},"3":{"start":{"line":13,"column":25},"end":{"line":13,"column":76}},"4":{"start":{"line":14,"column":4},"end":{"line":14,"column":16}},"5":{"start":{"line":15,"column":4},"end":{"line":15,"column":16}},"6":{"start":{"line":20,"column":4},"end":{"line":20,"column":19}},"7":{"start":{"line":23,"column":4},"end":{"line":23,"column":71}},"8":{"start":{"line":23,"column":27},"end":{"line":23,"column":71}},"9":{"start":{"line":24,"column":4},"end":{"line":24,"column":18}},"10":{"start":{"line":28,"column":4},"end":{"line":28,"column":19}},"11":{"start":{"line":31,"column":4},"end":{"line":31,"column":71}},"12":{"start":{"line":31,"column":27},"end":{"line":31,"column":71}},"13":{"start":{"line":32,"column":4},"end":{"line":32,"column":18}},"14":{"start":{"line":37,"column":4},"end":{"line":37,"column":39}},"15":{"start":{"line":42,"column":4},"end":{"line":42,"column":38}},"16":{"start":{"line":47,"column":4},"end":{"line":47,"column":41}},"17":{"start":{"line":47,"column":28},"end":{"line":47,"column":41}},"18":{"start":{"line":48,"column":4},"end":{"line":48,"column":82}},"19":{"start":{"line":56,"column":4},"end":{"line":56,"column":72}},"20":{"start":{"line":56,"column":39},"end":{"line":56,"column":72}},"21":{"start":{"line":57,"column":4},"end":{"line":57,"column":70}},"22":{"start":{"line":57,"column":58},"end":{"line":57,"column":70}},"23":{"start":{"line":58,"column":4},"end":{"line":64,"column":5}},"24":{"start":{"line":63,"column":8},"end":{"line":63,"column":21}},"25":{"start":{"line":65,"column":23},"end":{"line":65,"column":99}},"26":{"start":{"line":67,"column":4},"end":{"line":67,"column":134}},"27":{"start":{"line":67,"column":123},"end":{"line":67,"column":134}},"28":{"start":{"line":68,"column":4},"end":{"line":68,"column":17}},"29":{"start":{"line":73,"column":4},"end":{"line":73,"column":36}},"30":{"start":{"line":78,"column":4},"end":{"line":78,"column":34}},"31":{"start":{"line":83,"column":4},"end":{"line":83,"column":24}},"32":{"start":{"line":84,"column":4},"end":{"line":84,"column":24}},"33":{"start":{"line":85,"column":4},"end":{"line":85,"column":16}},"34":{"start":{"line":90,"column":4},"end":{"line":90,"column":24}},"35":{"start":{"line":91,"column":4},"end":{"line":91,"column":24}},"36":{"start":{"line":92,"column":4},"end":{"line":92,"column":16}}},"fnMap":{"0":{"name":"(anonymous_0)","decl":{"start":{"line":11,"column":2},"end":{"line":11,"column":3}},"loc":{"start":{"line":11,"column":20},"end":{"line":16,"column":3}},"line":11},"1":{"name":"(anonymous_1)","decl":{"start":{"line":19,"column":2},"end":{"line":19,"column":3}},"loc":{"start":{"line":19,"column":10},"end":{"line":21,"column":3}},"line":19},"2":{"name":"(anonymous_2)","decl":{"start":{"line":22,"column":2},"end":{"line":22,"column":3}},"loc":{"start":{"line":22,"column":13},"end":{"line":25,"column":3}},"line":22},"3":{"name":"(anonymous_3)","decl":{"start":{"line":27,"column":2},"end":{"line":27,"column":3}},"loc":{"start":{"line":27,"column":10},"end":{"line":29,"column":3}},"line":27},"4":{"name":"(anonymous_4)","decl":{"start":{"line":30,"column":2},"end":{"line":30,"column":3}},"loc":{"start":{"line":30,"column":13},"end":{"line":33,"column":3}},"line":30},"5":{"name":"(anonymous_5)","decl":{"start":{"line":36,"column":2},"end":{"line":36,"column":3}},"loc":{"start":{"line":36,"column":13},"end":{"line":38,"column":3}},"line":36},"6":{"name":"(anonymous_6)","decl":{"start":{"line":41,"column":2},"end":{"line":41,"column":3}},"loc":{"start":{"line":41,"column":15},"end":{"line":43,"column":3}},"line":41},"7":{"name":"(anonymous_7)","decl":{"start":{"line":46,"column":2},"end":{"line":46,"column":3}},"loc":{"start":{"line":46,"column":38},"end":{"line":49,"column":3}},"line":46},"8":{"name":"(anonymous_8)","decl":{"start":{"line":55,"column":2},"end":{"line":55,"column":3}},"loc":{"start":{"line":55,"column":23},"end":{"line":69,"column":3}},"line":55},"9":{"name":"(anonymous_9)","decl":{"start":{"line":72,"column":2},"end":{"line":72,"column":3}},"loc":{"start":{"line":72,"column":14},"end":{"line":74,"column":3}},"line":72},"10":{"name":"(anonymous_10)","decl":{"start":{"line":77,"column":2},"end":{"line":77,"column":3}},"loc":{"start":{"line":77,"column":9},"end":{"line":79,"column":3}},"line":77},"11":{"name":"(anonymous_11)","decl":{"start":{"line":82,"column":2},"end":{"line":82,"column":3}},"loc":{"start":{"line":82,"column":14},"end":{"line":86,"column":3}},"line":82},"12":{"name":"(anonymous_12)","decl":{"start":{"line":89,"column":2},"end":{"line":89,"column":3}},"loc":{"start":{"line":89,"column":16},"end":{"line":93,"column":3}},"line":89}},"branchMap":{"0":{"loc":{"start":{"line":12,"column":4},"end":{"line":12,"column":76}},"type":"if","locations":[{"start":{"line":12,"column":4},"end":{"line":12,"column":76}},{"start":{},"end":{}}],"line":12},"1":{"loc":{"start":{"line":13,"column":4},"end":{"line":13,"column":76}},"type":"if","locations":[{"start":{"line":13,"column":4},"end":{"line":13,"column":76}},{"start":{},"end":{}}],"line":13},"2":{"loc":{"start":{"line":23,"column":4},"end":{"line":23,"column":71}},"type":"if","locations":[{"start":{"line":23,"column":4},"end":{"line":23,"column":71}},{"start":{},"end":{}}],"line":23},"3":{"loc":{"start":{"line":31,"column":4},"end":{"line":31,"column":71}},"type":"if","locations":[{"start":{"line":31,"column":4},"end":{"line":31,"column":71}},{"start":{},"end":{}}],"line":31},"4":{"loc":{"start":{"line":46,"column":15},"end":{"line":46,"column":36}},"type":"default-arg","locations":[{"start":{"line":46,"column":27},"end":{"line":46,"column":36}}],"line":46},"5":{"loc":{"start":{"line":47,"column":4},"end":{"line":47,"column":41}},"type":"if","locations":[{"start":{"line":47,"column":4},"end":{"line":47,"column":41}},{"start":{},"end":{}}],"line":47},"6":{"loc":{"start":{"line":48,"column":11},"end":{"line":48,"column":81}},"type":"binary-expr","locations":[{"start":{"line":48,"column":11},"end":{"line":48,"column":44}},{"start":{"line":48,"column":48},"end":{"line":48,"column":81}}],"line":48},"7":{"loc":{"start":{"line":56,"column":4},"end":{"line":56,"column":72}},"type":"if","locations":[{"start":{"line":56,"column":4},"end":{"line":56,"column":72}},{"start":{},"end":{}}],"line":56},"8":{"loc":{"start":{"line":57,"column":4},"end":{"line":57,"column":70}},"type":"if","locations":[{"start":{"line":57,"column":4},"end":{"line":57,"column":70}},{"start":{},"end":{}}],"line":57},"9":{"loc":{"start":{"line":57,"column":8},"end":{"line":57,"column":56}},"type":"binary-expr","locations":[{"start":{"line":57,"column":8},"end":{"line":57,"column":30}},{"start":{"line":57,"column":34},"end":{"line":57,"column":56}}],"line":57},"10":{"loc":{"start":{"line":58,"column":4},"end":{"line":64,"column":5}},"type":"if","locations":[{"start":{"line":58,"column":4},"end":{"line":64,"column":5}},{"start":{},"end":{}}],"line":58},"11":{"loc":{"start":{"line":59,"column":6},"end":{"line":62,"column":49}},"type":"binary-expr","locations":[{"start":{"line":59,"column":6},"end":{"line":59,"column":49}},{"start":{"line":60,"column":6},"end":{"line":60,"column":49}},{"start":{"line":61,"column":6},"end":{"line":61,"column":49}},{"start":{"line":62,"column":6},"end":{"line":62,"column":49}}],"line":59},"12":{"loc":{"start":{"line":67,"column":4},"end":{"line":67,"column":134}},"type":"if","locations":[{"start":{"line":67,"column":4},"end":{"line":67,"column":134}},{"start":{},"end":{}}],"line":67}},"s":{"0":2074,"1":0,"2":2074,"3":0,"4":2074,"5":2074,"6":16733,"7":0,"8":0,"9":0,"10":15208,"11":0,"12":0,"13":0,"14":1604,"15":297,"16":785,"17":0,"18":785,"19":295,"20":0,"21":295,"22":13,"23":282,"24":246,"25":36,"26":36,"27":15,"28":21,"29":16,"30":0,"31":58,"32":58,"33":58,"34":297,"35":297,"36":297},"f":{"0":2074,"1":16733,"2":0,"3":15208,"4":0,"5":1604,"6":297,"7":785,"8":295,"9":16,"10":0,"11":58,"12":297},"b":{"0":[0,2074],"1":[0,2074],"2":[0,0],"3":[0,0],"4":[784],"5":[0,785],"6":[785,324],"7":[0,295],"8":[13,282],"9":[295,287],"10":[246,36],"11":[282,235,153,98],"12":[15,21]},"_coverageSchema":"1a1c01bbd47fc00a2c39e90264f33305004495a9","hash":"e7c4c1734729b508383d8b4273188fd40d9e9372"}
,"C:\\Users\\harri\\Developer\\Repositories\\Harxer\\geometry\\structures\\polygon.js": {"path":"C:\\Users\\harri\\Developer\\Repositories\\Harxer\\geometry\\structures\\polygon.js","statementMap":{"0":{"start":{"line":12,"column":4},"end":{"line":12,"column":94}},"1":{"start":{"line":12,"column":34},"end":{"line":12,"column":94}},"2":{"start":{"line":13,"column":4},"end":{"line":13,"column":116}},"3":{"start":{"line":13,"column":30},"end":{"line":13,"column":116}},"4":{"start":{"line":15,"column":4},"end":{"line":15,"column":24}},"5":{"start":{"line":16,"column":4},"end":{"line":23,"column":5}},"6":{"start":{"line":17,"column":6},"end":{"line":21,"column":7}},"7":{"start":{"line":18,"column":8},"end":{"line":18,"column":106}},"8":{"start":{"line":18,"column":36},"end":{"line":18,"column":106}},"9":{"start":{"line":19,"column":8},"end":{"line":19,"column":106}},"10":{"start":{"line":19,"column":36},"end":{"line":19,"column":106}},"11":{"start":{"line":20,"column":8},"end":{"line":20,"column":47}},"12":{"start":{"line":22,"column":6},"end":{"line":22,"column":34}},"13":{"start":{"line":25,"column":25},"end":{"line":25,"column":27}},"14":{"start":{"line":27,"column":4},"end":{"line":51,"column":5}},"15":{"start":{"line":27,"column":22},"end":{"line":27,"column":23}},"16":{"start":{"line":28,"column":6},"end":{"line":50,"column":7}},"17":{"start":{"line":28,"column":24},"end":{"line":28,"column":34}},"18":{"start":{"line":30,"column":8},"end":{"line":49,"column":9}},"19":{"start":{"line":32,"column":10},"end":{"line":40,"column":11}},"20":{"start":{"line":33,"column":12},"end":{"line":39,"column":13}},"21":{"start":{"line":35,"column":14},"end":{"line":35,"column":46}},"22":{"start":{"line":38,"column":14},"end":{"line":38,"column":142}},"23":{"start":{"line":42,"column":15},"end":{"line":49,"column":9}},"24":{"start":{"line":44,"column":10},"end":{"line":46,"column":11}},"25":{"start":{"line":45,"column":12},"end":{"line":45,"column":138}},"26":{"start":{"line":47,"column":15},"end":{"line":49,"column":9}},"27":{"start":{"line":48,"column":10},"end":{"line":48,"column":129}},"28":{"start":{"line":52,"column":4},"end":{"line":58,"column":5}},"29":{"start":{"line":54,"column":6},"end":{"line":54,"column":84}},"30":{"start":{"line":54,"column":55},"end":{"line":54,"column":82}},"31":{"start":{"line":56,"column":6},"end":{"line":56,"column":30}},"32":{"start":{"line":57,"column":6},"end":{"line":57,"column":17}},"33":{"start":{"line":61,"column":4},"end":{"line":61,"column":19}},"34":{"start":{"line":73,"column":4},"end":{"line":73,"column":51}},"35":{"start":{"line":77,"column":4},"end":{"line":77,"column":26}},"36":{"start":{"line":79,"column":20},"end":{"line":79,"column":74}},"37":{"start":{"line":83,"column":4},"end":{"line":90,"column":5}},"38":{"start":{"line":84,"column":18},"end":{"line":84,"column":20}},"39":{"start":{"line":85,"column":6},"end":{"line":87,"column":8}},"40":{"start":{"line":86,"column":8},"end":{"line":86,"column":86}},"41":{"start":{"line":88,"column":6},"end":{"line":88,"column":47}},"42":{"start":{"line":88,"column":28},"end":{"line":88,"column":46}},"43":{"start":{"line":89,"column":6},"end":{"line":89,"column":25}},"44":{"start":{"line":91,"column":4},"end":{"line":91,"column":23}},"45":{"start":{"line":93,"column":17},"end":{"line":93,"column":66}},"46":{"start":{"line":97,"column":4},"end":{"line":100,"column":5}},"47":{"start":{"line":98,"column":24},"end":{"line":98,"column":123}},"48":{"start":{"line":98,"column":66},"end":{"line":98,"column":107}},"49":{"start":{"line":99,"column":6},"end":{"line":99,"column":113}},"50":{"start":{"line":101,"column":4},"end":{"line":101,"column":30}},"51":{"start":{"line":103,"column":24},"end":{"line":103,"column":80}},"52":{"start":{"line":107,"column":4},"end":{"line":110,"column":5}},"53":{"start":{"line":108,"column":31},"end":{"line":108,"column":145}},"54":{"start":{"line":108,"column":74},"end":{"line":108,"column":141}},"55":{"start":{"line":109,"column":6},"end":{"line":109,"column":57}},"56":{"start":{"line":111,"column":4},"end":{"line":111,"column":30}},"57":{"start":{"line":113,"column":24},"end":{"line":113,"column":80}},"58":{"start":{"line":117,"column":4},"end":{"line":126,"column":5}},"59":{"start":{"line":118,"column":25},"end":{"line":118,"column":113}},"60":{"start":{"line":118,"column":58},"end":{"line":118,"column":109}},"61":{"start":{"line":124,"column":6},"end":{"line":124,"column":87}},"62":{"start":{"line":124,"column":35},"end":{"line":124,"column":87}},"63":{"start":{"line":125,"column":6},"end":{"line":125,"column":42}},"64":{"start":{"line":127,"column":4},"end":{"line":127,"column":27}},"65":{"start":{"line":129,"column":21},"end":{"line":129,"column":80}},"66":{"start":{"line":130,"column":27},"end":{"line":130,"column":50}},"67":{"start":{"line":131,"column":28},"end":{"line":131,"column":94}},"68":{"start":{"line":135,"column":4},"end":{"line":135,"column":38}},"69":{"start":{"line":146,"column":21},"end":{"line":146,"column":58}},"70":{"start":{"line":147,"column":16},"end":{"line":147,"column":17}},"71":{"start":{"line":148,"column":4},"end":{"line":158,"column":5}},"72":{"start":{"line":148,"column":17},"end":{"line":148,"column":18}},"73":{"start":{"line":149,"column":17},"end":{"line":149,"column":30}},"74":{"start":{"line":151,"column":6},"end":{"line":151,"column":60}},"75":{"start":{"line":151,"column":31},"end":{"line":151,"column":60}},"76":{"start":{"line":152,"column":6},"end":{"line":157,"column":7}},"77":{"start":{"line":154,"column":8},"end":{"line":156,"column":9}},"78":{"start":{"line":155,"column":10},"end":{"line":155,"column":20}},"79":{"start":{"line":159,"column":4},"end":{"line":159,"column":53}},"80":{"start":{"line":159,"column":42},"end":{"line":159,"column":53}},"81":{"start":{"line":160,"column":4},"end":{"line":160,"column":60}},"82":{"start":{"line":160,"column":49},"end":{"line":160,"column":60}},"83":{"start":{"line":161,"column":4},"end":{"line":161,"column":16}},"84":{"start":{"line":165,"column":4},"end":{"line":167,"column":5}},"85":{"start":{"line":165,"column":17},"end":{"line":165,"column":18}},"86":{"start":{"line":166,"column":6},"end":{"line":166,"column":61}},"87":{"start":{"line":166,"column":49},"end":{"line":166,"column":61}},"88":{"start":{"line":168,"column":4},"end":{"line":168,"column":15}},"89":{"start":{"line":178,"column":25},"end":{"line":178,"column":83}},"90":{"start":{"line":179,"column":4},"end":{"line":179,"column":91}},"91":{"start":{"line":179,"column":78},"end":{"line":179,"column":91}},"92":{"start":{"line":181,"column":4},"end":{"line":181,"column":91}},"93":{"start":{"line":181,"column":35},"end":{"line":181,"column":89}},"94":{"start":{"line":181,"column":63},"end":{"line":181,"column":88}},"95":{"start":{"line":186,"column":4},"end":{"line":186,"column":29}},"96":{"start":{"line":187,"column":4},"end":{"line":187,"column":28}},"97":{"start":{"line":188,"column":4},"end":{"line":188,"column":39}},"98":{"start":{"line":196,"column":15},"end":{"line":196,"column":19}},"99":{"start":{"line":198,"column":20},"end":{"line":203,"column":5}},"100":{"start":{"line":201,"column":8},"end":{"line":201,"column":55}},"101":{"start":{"line":204,"column":19},"end":{"line":216,"column":5}},"102":{"start":{"line":207,"column":26},"end":{"line":207,"column":85}},"103":{"start":{"line":208,"column":21},"end":{"line":208,"column":66}},"104":{"start":{"line":209,"column":25},"end":{"line":209,"column":74}},"105":{"start":{"line":210,"column":29},"end":{"line":210,"column":74}},"106":{"start":{"line":213,"column":8},"end":{"line":213,"column":45}},"107":{"start":{"line":214,"column":8},"end":{"line":214,"column":29}},"108":{"start":{"line":219,"column":4},"end":{"line":219,"column":84}},"109":{"start":{"line":219,"column":55},"end":{"line":219,"column":82}},"110":{"start":{"line":220,"column":4},"end":{"line":226,"column":5}},"111":{"start":{"line":222,"column":6},"end":{"line":222,"column":86}},"112":{"start":{"line":222,"column":57},"end":{"line":222,"column":84}},"113":{"start":{"line":223,"column":6},"end":{"line":223,"column":30}},"114":{"start":{"line":225,"column":6},"end":{"line":225,"column":30}},"115":{"start":{"line":227,"column":4},"end":{"line":227,"column":41}},"116":{"start":{"line":230,"column":27},"end":{"line":230,"column":45}},"117":{"start":{"line":231,"column":4},"end":{"line":273,"column":51}},"118":{"start":{"line":232,"column":17},"end":{"line":232,"column":67}},"119":{"start":{"line":234,"column":6},"end":{"line":237,"column":7}},"120":{"start":{"line":235,"column":8},"end":{"line":235,"column":44}},"121":{"start":{"line":236,"column":8},"end":{"line":236,"column":17}},"122":{"start":{"line":240,"column":37},"end":{"line":243,"column":12}},"123":{"start":{"line":241,"column":8},"end":{"line":241,"column":63}},"124":{"start":{"line":241,"column":40},"end":{"line":241,"column":63}},"125":{"start":{"line":242,"column":8},"end":{"line":242,"column":21}},"126":{"start":{"line":245,"column":6},"end":{"line":250,"column":7}},"127":{"start":{"line":247,"column":8},"end":{"line":247,"column":44}},"128":{"start":{"line":248,"column":8},"end":{"line":248,"column":45}},"129":{"start":{"line":249,"column":8},"end":{"line":249,"column":17}},"130":{"start":{"line":253,"column":32},"end":{"line":262,"column":30}},"131":{"start":{"line":254,"column":32},"end":{"line":254,"column":95}},"132":{"start":{"line":255,"column":8},"end":{"line":257,"column":9}},"133":{"start":{"line":256,"column":10},"end":{"line":256,"column":72}},"134":{"start":{"line":258,"column":23},"end":{"line":258,"column":82}},"135":{"start":{"line":260,"column":8},"end":{"line":260,"column":125}},"136":{"start":{"line":260,"column":62},"end":{"line":260,"column":125}},"137":{"start":{"line":261,"column":8},"end":{"line":261,"column":20}},"138":{"start":{"line":264,"column":6},"end":{"line":269,"column":7}},"139":{"start":{"line":266,"column":8},"end":{"line":266,"column":44}},"140":{"start":{"line":267,"column":8},"end":{"line":267,"column":45}},"141":{"start":{"line":268,"column":8},"end":{"line":268,"column":17}},"142":{"start":{"line":271,"column":6},"end":{"line":271,"column":55}},"143":{"start":{"line":272,"column":6},"end":{"line":272,"column":54}},"144":{"start":{"line":275,"column":4},"end":{"line":275,"column":41}},"145":{"start":{"line":285,"column":4},"end":{"line":285,"column":49}},"146":{"start":{"line":285,"column":36},"end":{"line":285,"column":49}},"147":{"start":{"line":287,"column":18},"end":{"line":291,"column":28}},"148":{"start":{"line":288,"column":26},"end":{"line":288,"column":81}},"149":{"start":{"line":289,"column":21},"end":{"line":289,"column":49}},"150":{"start":{"line":290,"column":6},"end":{"line":290,"column":92}},"151":{"start":{"line":293,"column":4},"end":{"line":299,"column":5}},"152":{"start":{"line":298,"column":6},"end":{"line":298,"column":60}},"153":{"start":{"line":303,"column":4},"end":{"line":324,"column":5}},"154":{"start":{"line":306,"column":6},"end":{"line":321,"column":7}},"155":{"start":{"line":307,"column":25},"end":{"line":307,"column":91}},"156":{"start":{"line":308,"column":20},"end":{"line":308,"column":88}},"157":{"start":{"line":310,"column":8},"end":{"line":310,"column":130}},"158":{"start":{"line":313,"column":11},"end":{"line":321,"column":7}},"159":{"start":{"line":314,"column":25},"end":{"line":314,"column":120}},"160":{"start":{"line":315,"column":8},"end":{"line":315,"column":139}},"161":{"start":{"line":319,"column":8},"end":{"line":319,"column":66}},"162":{"start":{"line":320,"column":8},"end":{"line":320,"column":48}},"163":{"start":{"line":320,"column":28},"end":{"line":320,"column":48}},"164":{"start":{"line":322,"column":6},"end":{"line":322,"column":45}},"165":{"start":{"line":323,"column":6},"end":{"line":323,"column":42}},"166":{"start":{"line":325,"column":4},"end":{"line":325,"column":80}},"167":{"start":{"line":337,"column":12},"end":{"line":337,"column":81}},"168":{"start":{"line":338,"column":4},"end":{"line":338,"column":29}},"169":{"start":{"line":339,"column":16},"end":{"line":339,"column":79}},"170":{"start":{"line":340,"column":16},"end":{"line":340,"column":61}},"171":{"start":{"line":341,"column":17},"end":{"line":341,"column":67}},"172":{"start":{"line":342,"column":17},"end":{"line":342,"column":67}},"173":{"start":{"line":343,"column":17},"end":{"line":343,"column":44}},"174":{"start":{"line":344,"column":4},"end":{"line":344,"column":82}},"175":{"start":{"line":352,"column":4},"end":{"line":352,"column":46}},"176":{"start":{"line":352,"column":29},"end":{"line":352,"column":46}},"177":{"start":{"line":353,"column":27},"end":{"line":353,"column":29}},"178":{"start":{"line":354,"column":4},"end":{"line":373,"column":5}},"179":{"start":{"line":354,"column":17},"end":{"line":354,"column":18}},"180":{"start":{"line":355,"column":15},"end":{"line":355,"column":31}},"181":{"start":{"line":356,"column":15},"end":{"line":356,"column":58}},"182":{"start":{"line":357,"column":15},"end":{"line":357,"column":78}},"183":{"start":{"line":359,"column":17},"end":{"line":359,"column":67}},"184":{"start":{"line":360,"column":17},"end":{"line":360,"column":67}},"185":{"start":{"line":361,"column":18},"end":{"line":361,"column":50}},"186":{"start":{"line":362,"column":18},"end":{"line":362,"column":41}},"187":{"start":{"line":363,"column":6},"end":{"line":363,"column":46}},"188":{"start":{"line":363,"column":21},"end":{"line":363,"column":46}},"189":{"start":{"line":364,"column":25},"end":{"line":364,"column":45}},"190":{"start":{"line":367,"column":6},"end":{"line":372,"column":8}},"191":{"start":{"line":374,"column":4},"end":{"line":374,"column":41}},"192":{"start":{"line":379,"column":4},"end":{"line":379,"column":26}},"193":{"start":{"line":384,"column":4},"end":{"line":386,"column":5}},"194":{"start":{"line":385,"column":6},"end":{"line":385,"column":85}},"195":{"start":{"line":385,"column":46},"end":{"line":385,"column":83}},"196":{"start":{"line":387,"column":4},"end":{"line":387,"column":25}},"197":{"start":{"line":391,"column":4},"end":{"line":391,"column":69}},"198":{"start":{"line":391,"column":39},"end":{"line":391,"column":57}},"199":{"start":{"line":396,"column":4},"end":{"line":396,"column":54}},"200":{"start":{"line":396,"column":39},"end":{"line":396,"column":52}},"201":{"start":{"line":401,"column":4},"end":{"line":401,"column":79}},"202":{"start":{"line":401,"column":46},"end":{"line":401,"column":77}}},"fnMap":{"0":{"name":"(anonymous_0)","decl":{"start":{"line":11,"column":2},"end":{"line":11,"column":3}},"loc":{"start":{"line":11,"column":31},"end":{"line":74,"column":3}},"line":11},"1":{"name":"(anonymous_1)","decl":{"start":{"line":54,"column":45},"end":{"line":54,"column":46}},"loc":{"start":{"line":54,"column":55},"end":{"line":54,"column":82}},"line":54},"2":{"name":"(anonymous_2)","decl":{"start":{"line":76,"column":2},"end":{"line":76,"column":3}},"loc":{"start":{"line":76,"column":17},"end":{"line":78,"column":3}},"line":76},"3":{"name":"(anonymous_3)","decl":{"start":{"line":79,"column":2},"end":{"line":79,"column":3}},"loc":{"start":{"line":79,"column":18},"end":{"line":79,"column":76}},"line":79},"4":{"name":"(anonymous_4)","decl":{"start":{"line":82,"column":2},"end":{"line":82,"column":3}},"loc":{"start":{"line":82,"column":14},"end":{"line":92,"column":3}},"line":82},"5":{"name":"(anonymous_5)","decl":{"start":{"line":85,"column":28},"end":{"line":85,"column":29}},"loc":{"start":{"line":85,"column":43},"end":{"line":87,"column":7}},"line":85},"6":{"name":"(anonymous_6)","decl":{"start":{"line":88,"column":20},"end":{"line":88,"column":21}},"loc":{"start":{"line":88,"column":28},"end":{"line":88,"column":46}},"line":88},"7":{"name":"(anonymous_7)","decl":{"start":{"line":93,"column":2},"end":{"line":93,"column":3}},"loc":{"start":{"line":93,"column":15},"end":{"line":93,"column":68}},"line":93},"8":{"name":"(anonymous_8)","decl":{"start":{"line":96,"column":2},"end":{"line":96,"column":3}},"loc":{"start":{"line":96,"column":21},"end":{"line":102,"column":3}},"line":96},"9":{"name":"(anonymous_9)","decl":{"start":{"line":98,"column":45},"end":{"line":98,"column":46}},"loc":{"start":{"line":98,"column":65},"end":{"line":98,"column":108}},"line":98},"10":{"name":"(anonymous_10)","decl":{"start":{"line":103,"column":2},"end":{"line":103,"column":3}},"loc":{"start":{"line":103,"column":22},"end":{"line":103,"column":82}},"line":103},"11":{"name":"(anonymous_11)","decl":{"start":{"line":106,"column":2},"end":{"line":106,"column":3}},"loc":{"start":{"line":106,"column":21},"end":{"line":112,"column":3}},"line":106},"12":{"name":"(anonymous_12)","decl":{"start":{"line":108,"column":52},"end":{"line":108,"column":53}},"loc":{"start":{"line":108,"column":74},"end":{"line":108,"column":141}},"line":108},"13":{"name":"(anonymous_13)","decl":{"start":{"line":113,"column":2},"end":{"line":113,"column":3}},"loc":{"start":{"line":113,"column":22},"end":{"line":113,"column":82}},"line":113},"14":{"name":"(anonymous_14)","decl":{"start":{"line":116,"column":2},"end":{"line":116,"column":3}},"loc":{"start":{"line":116,"column":18},"end":{"line":128,"column":3}},"line":116},"15":{"name":"(anonymous_15)","decl":{"start":{"line":118,"column":43},"end":{"line":118,"column":44}},"loc":{"start":{"line":118,"column":58},"end":{"line":118,"column":109}},"line":118},"16":{"name":"(anonymous_16)","decl":{"start":{"line":129,"column":2},"end":{"line":129,"column":3}},"loc":{"start":{"line":129,"column":19},"end":{"line":129,"column":81}},"line":129},"17":{"name":"(anonymous_17)","decl":{"start":{"line":130,"column":2},"end":{"line":130,"column":3}},"loc":{"start":{"line":130,"column":25},"end":{"line":130,"column":52}},"line":130},"18":{"name":"(anonymous_18)","decl":{"start":{"line":131,"column":2},"end":{"line":131,"column":3}},"loc":{"start":{"line":131,"column":26},"end":{"line":131,"column":95}},"line":131},"19":{"name":"(anonymous_19)","decl":{"start":{"line":134,"column":2},"end":{"line":134,"column":3}},"loc":{"start":{"line":134,"column":13},"end":{"line":136,"column":3}},"line":134},"20":{"name":"(anonymous_20)","decl":{"start":{"line":145,"column":2},"end":{"line":145,"column":3}},"loc":{"start":{"line":145,"column":19},"end":{"line":162,"column":3}},"line":145},"21":{"name":"(anonymous_21)","decl":{"start":{"line":164,"column":2},"end":{"line":164,"column":3}},"loc":{"start":{"line":164,"column":17},"end":{"line":169,"column":3}},"line":164},"22":{"name":"(anonymous_22)","decl":{"start":{"line":177,"column":2},"end":{"line":177,"column":3}},"loc":{"start":{"line":177,"column":17},"end":{"line":182,"column":3}},"line":177},"23":{"name":"(anonymous_23)","decl":{"start":{"line":181,"column":27},"end":{"line":181,"column":28}},"loc":{"start":{"line":181,"column":35},"end":{"line":181,"column":89}},"line":181},"24":{"name":"(anonymous_24)","decl":{"start":{"line":181,"column":51},"end":{"line":181,"column":52}},"loc":{"start":{"line":181,"column":63},"end":{"line":181,"column":88}},"line":181},"25":{"name":"(anonymous_25)","decl":{"start":{"line":185,"column":2},"end":{"line":185,"column":3}},"loc":{"start":{"line":185,"column":12},"end":{"line":189,"column":3}},"line":185},"26":{"name":"(anonymous_26)","decl":{"start":{"line":195,"column":2},"end":{"line":195,"column":3}},"loc":{"start":{"line":195,"column":14},"end":{"line":276,"column":3}},"line":195},"27":{"name":"(anonymous_27)","decl":{"start":{"line":200,"column":6},"end":{"line":200,"column":7}},"loc":{"start":{"line":200,"column":23},"end":{"line":202,"column":7}},"line":200},"28":{"name":"(anonymous_28)","decl":{"start":{"line":207,"column":6},"end":{"line":207,"column":7}},"loc":{"start":{"line":207,"column":24},"end":{"line":207,"column":87}},"line":207},"29":{"name":"(anonymous_29)","decl":{"start":{"line":208,"column":6},"end":{"line":208,"column":7}},"loc":{"start":{"line":208,"column":19},"end":{"line":208,"column":68}},"line":208},"30":{"name":"(anonymous_30)","decl":{"start":{"line":209,"column":6},"end":{"line":209,"column":7}},"loc":{"start":{"line":209,"column":23},"end":{"line":209,"column":76}},"line":209},"31":{"name":"(anonymous_31)","decl":{"start":{"line":210,"column":6},"end":{"line":210,"column":7}},"loc":{"start":{"line":210,"column":27},"end":{"line":210,"column":76}},"line":210},"32":{"name":"(anonymous_32)","decl":{"start":{"line":212,"column":6},"end":{"line":212,"column":7}},"loc":{"start":{"line":212,"column":27},"end":{"line":215,"column":7}},"line":212},"33":{"name":"(anonymous_33)","decl":{"start":{"line":219,"column":45},"end":{"line":219,"column":46}},"loc":{"start":{"line":219,"column":55},"end":{"line":219,"column":82}},"line":219},"34":{"name":"(anonymous_34)","decl":{"start":{"line":222,"column":47},"end":{"line":222,"column":48}},"loc":{"start":{"line":222,"column":57},"end":{"line":222,"column":84}},"line":222},"35":{"name":"(anonymous_35)","decl":{"start":{"line":240,"column":72},"end":{"line":240,"column":73}},"loc":{"start":{"line":240,"column":106},"end":{"line":243,"column":7}},"line":240},"36":{"name":"(anonymous_36)","decl":{"start":{"line":253,"column":64},"end":{"line":253,"column":65}},"loc":{"start":{"line":253,"column":86},"end":{"line":262,"column":7}},"line":253},"37":{"name":"(anonymous_37)","decl":{"start":{"line":284,"column":2},"end":{"line":284,"column":3}},"loc":{"start":{"line":284,"column":60},"end":{"line":326,"column":3}},"line":284},"38":{"name":"(anonymous_38)","decl":{"start":{"line":287,"column":36},"end":{"line":287,"column":37}},"loc":{"start":{"line":287,"column":59},"end":{"line":291,"column":5}},"line":287},"39":{"name":"(anonymous_39)","decl":{"start":{"line":336,"column":2},"end":{"line":336,"column":3}},"loc":{"start":{"line":336,"column":30},"end":{"line":345,"column":3}},"line":336},"40":{"name":"(anonymous_40)","decl":{"start":{"line":351,"column":2},"end":{"line":351,"column":3}},"loc":{"start":{"line":351,"column":33},"end":{"line":375,"column":3}},"line":351},"41":{"name":"(anonymous_41)","decl":{"start":{"line":378,"column":2},"end":{"line":378,"column":3}},"loc":{"start":{"line":378,"column":11},"end":{"line":380,"column":3}},"line":378},"42":{"name":"(anonymous_42)","decl":{"start":{"line":383,"column":2},"end":{"line":383,"column":3}},"loc":{"start":{"line":383,"column":12},"end":{"line":388,"column":3}},"line":383},"43":{"name":"(anonymous_43)","decl":{"start":{"line":385,"column":41},"end":{"line":385,"column":42}},"loc":{"start":{"line":385,"column":46},"end":{"line":385,"column":83}},"line":385},"44":{"name":"(anonymous_44)","decl":{"start":{"line":390,"column":2},"end":{"line":390,"column":3}},"loc":{"start":{"line":390,"column":14},"end":{"line":392,"column":3}},"line":390},"45":{"name":"(anonymous_45)","decl":{"start":{"line":391,"column":29},"end":{"line":391,"column":30}},"loc":{"start":{"line":391,"column":39},"end":{"line":391,"column":57}},"line":391},"46":{"name":"(anonymous_46)","decl":{"start":{"line":395,"column":2},"end":{"line":395,"column":3}},"loc":{"start":{"line":395,"column":9},"end":{"line":397,"column":3}},"line":395},"47":{"name":"(anonymous_47)","decl":{"start":{"line":396,"column":29},"end":{"line":396,"column":30}},"loc":{"start":{"line":396,"column":39},"end":{"line":396,"column":52}},"line":396},"48":{"name":"(anonymous_48)","decl":{"start":{"line":400,"column":2},"end":{"line":400,"column":3}},"loc":{"start":{"line":400,"column":15},"end":{"line":402,"column":3}},"line":400},"49":{"name":"(anonymous_49)","decl":{"start":{"line":401,"column":31},"end":{"line":401,"column":32}},"loc":{"start":{"line":401,"column":46},"end":{"line":401,"column":77}},"line":401}},"branchMap":{"0":{"loc":{"start":{"line":12,"column":4},"end":{"line":12,"column":94}},"type":"if","locations":[{"start":{"line":12,"column":4},"end":{"line":12,"column":94}},{"start":{},"end":{}}],"line":12},"1":{"loc":{"start":{"line":13,"column":4},"end":{"line":13,"column":116}},"type":"if","locations":[{"start":{"line":13,"column":4},"end":{"line":13,"column":116}},{"start":{},"end":{}}],"line":13},"2":{"loc":{"start":{"line":17,"column":6},"end":{"line":21,"column":7}},"type":"if","locations":[{"start":{"line":17,"column":6},"end":{"line":21,"column":7}},{"start":{},"end":{}}],"line":17},"3":{"loc":{"start":{"line":18,"column":8},"end":{"line":18,"column":106}},"type":"if","locations":[{"start":{"line":18,"column":8},"end":{"line":18,"column":106}},{"start":{},"end":{}}],"line":18},"4":{"loc":{"start":{"line":19,"column":8},"end":{"line":19,"column":106}},"type":"if","locations":[{"start":{"line":19,"column":8},"end":{"line":19,"column":106}},{"start":{},"end":{}}],"line":19},"5":{"loc":{"start":{"line":30,"column":8},"end":{"line":49,"column":9}},"type":"if","locations":[{"start":{"line":30,"column":8},"end":{"line":49,"column":9}},{"start":{"line":42,"column":15},"end":{"line":49,"column":9}}],"line":30},"6":{"loc":{"start":{"line":32,"column":10},"end":{"line":40,"column":11}},"type":"if","locations":[{"start":{"line":32,"column":10},"end":{"line":40,"column":11}},{"start":{},"end":{}}],"line":32},"7":{"loc":{"start":{"line":33,"column":12},"end":{"line":39,"column":13}},"type":"if","locations":[{"start":{"line":33,"column":12},"end":{"line":39,"column":13}},{"start":{"line":36,"column":19},"end":{"line":39,"column":13}}],"line":33},"8":{"loc":{"start":{"line":42,"column":15},"end":{"line":49,"column":9}},"type":"if","locations":[{"start":{"line":42,"column":15},"end":{"line":49,"column":9}},{"start":{"line":47,"column":15},"end":{"line":49,"column":9}}],"line":42},"9":{"loc":{"start":{"line":42,"column":19},"end":{"line":42,"column":67}},"type":"binary-expr","locations":[{"start":{"line":42,"column":19},"end":{"line":42,"column":31}},{"start":{"line":42,"column":35},"end":{"line":42,"column":67}}],"line":42},"10":{"loc":{"start":{"line":44,"column":10},"end":{"line":46,"column":11}},"type":"if","locations":[{"start":{"line":44,"column":10},"end":{"line":46,"column":11}},{"start":{},"end":{}}],"line":44},"11":{"loc":{"start":{"line":47,"column":15},"end":{"line":49,"column":9}},"type":"if","locations":[{"start":{"line":47,"column":15},"end":{"line":49,"column":9}},{"start":{},"end":{}}],"line":47},"12":{"loc":{"start":{"line":52,"column":4},"end":{"line":58,"column":5}},"type":"if","locations":[{"start":{"line":52,"column":4},"end":{"line":58,"column":5}},{"start":{},"end":{}}],"line":52},"13":{"loc":{"start":{"line":73,"column":17},"end":{"line":73,"column":51}},"type":"cond-expr","locations":[{"start":{"line":73,"column":41},"end":{"line":73,"column":43}},{"start":{"line":73,"column":46},"end":{"line":73,"column":51}}],"line":73},"14":{"loc":{"start":{"line":83,"column":4},"end":{"line":90,"column":5}},"type":"if","locations":[{"start":{"line":83,"column":4},"end":{"line":90,"column":5}},{"start":{},"end":{}}],"line":83},"15":{"loc":{"start":{"line":97,"column":4},"end":{"line":100,"column":5}},"type":"if","locations":[{"start":{"line":97,"column":4},"end":{"line":100,"column":5}},{"start":{},"end":{}}],"line":97},"16":{"loc":{"start":{"line":107,"column":4},"end":{"line":110,"column":5}},"type":"if","locations":[{"start":{"line":107,"column":4},"end":{"line":110,"column":5}},{"start":{},"end":{}}],"line":107},"17":{"loc":{"start":{"line":117,"column":4},"end":{"line":126,"column":5}},"type":"if","locations":[{"start":{"line":117,"column":4},"end":{"line":126,"column":5}},{"start":{},"end":{}}],"line":117},"18":{"loc":{"start":{"line":124,"column":6},"end":{"line":124,"column":87}},"type":"if","locations":[{"start":{"line":124,"column":6},"end":{"line":124,"column":87}},{"start":{},"end":{}}],"line":124},"19":{"loc":{"start":{"line":151,"column":6},"end":{"line":151,"column":60}},"type":"if","locations":[{"start":{"line":151,"column":6},"end":{"line":151,"column":60}},{"start":{},"end":{}}],"line":151},"20":{"loc":{"start":{"line":152,"column":6},"end":{"line":157,"column":7}},"type":"if","locations":[{"start":{"line":152,"column":6},"end":{"line":157,"column":7}},{"start":{},"end":{}}],"line":152},"21":{"loc":{"start":{"line":154,"column":8},"end":{"line":156,"column":9}},"type":"if","locations":[{"start":{"line":154,"column":8},"end":{"line":156,"column":9}},{"start":{},"end":{}}],"line":154},"22":{"loc":{"start":{"line":154,"column":12},"end":{"line":154,"column":132}},"type":"binary-expr","locations":[{"start":{"line":154,"column":12},"end":{"line":154,"column":54}},{"start":{"line":154,"column":59},"end":{"line":154,"column":100}},{"start":{"line":154,"column":104},"end":{"line":154,"column":131}}],"line":154},"23":{"loc":{"start":{"line":159,"column":4},"end":{"line":159,"column":53}},"type":"if","locations":[{"start":{"line":159,"column":4},"end":{"line":159,"column":53}},{"start":{},"end":{}}],"line":159},"24":{"loc":{"start":{"line":159,"column":8},"end":{"line":159,"column":40}},"type":"binary-expr","locations":[{"start":{"line":159,"column":8},"end":{"line":159,"column":22}},{"start":{"line":159,"column":26},"end":{"line":159,"column":40}}],"line":159},"25":{"loc":{"start":{"line":160,"column":4},"end":{"line":160,"column":60}},"type":"if","locations":[{"start":{"line":160,"column":4},"end":{"line":160,"column":60}},{"start":{},"end":{}}],"line":160},"26":{"loc":{"start":{"line":160,"column":8},"end":{"line":160,"column":47}},"type":"binary-expr","locations":[{"start":{"line":160,"column":8},"end":{"line":160,"column":22}},{"start":{"line":160,"column":26},"end":{"line":160,"column":47}}],"line":160},"27":{"loc":{"start":{"line":166,"column":6},"end":{"line":166,"column":61}},"type":"if","locations":[{"start":{"line":166,"column":6},"end":{"line":166,"column":61}},{"start":{},"end":{}}],"line":166},"28":{"loc":{"start":{"line":179,"column":4},"end":{"line":179,"column":91}},"type":"if","locations":[{"start":{"line":179,"column":4},"end":{"line":179,"column":91}},{"start":{},"end":{}}],"line":179},"29":{"loc":{"start":{"line":210,"column":36},"end":{"line":210,"column":73}},"type":"cond-expr","locations":[{"start":{"line":210,"column":62},"end":{"line":210,"column":66}},{"start":{"line":210,"column":69},"end":{"line":210,"column":73}}],"line":210},"30":{"loc":{"start":{"line":220,"column":4},"end":{"line":226,"column":5}},"type":"if","locations":[{"start":{"line":220,"column":4},"end":{"line":226,"column":5}},{"start":{"line":224,"column":11},"end":{"line":226,"column":5}}],"line":220},"31":{"loc":{"start":{"line":234,"column":6},"end":{"line":237,"column":7}},"type":"if","locations":[{"start":{"line":234,"column":6},"end":{"line":237,"column":7}},{"start":{},"end":{}}],"line":234},"32":{"loc":{"start":{"line":241,"column":8},"end":{"line":241,"column":63}},"type":"if","locations":[{"start":{"line":241,"column":8},"end":{"line":241,"column":63}},{"start":{},"end":{}}],"line":241},"33":{"loc":{"start":{"line":245,"column":6},"end":{"line":250,"column":7}},"type":"if","locations":[{"start":{"line":245,"column":6},"end":{"line":250,"column":7}},{"start":{},"end":{}}],"line":245},"34":{"loc":{"start":{"line":255,"column":8},"end":{"line":257,"column":9}},"type":"if","locations":[{"start":{"line":255,"column":8},"end":{"line":257,"column":9}},{"start":{},"end":{}}],"line":255},"35":{"loc":{"start":{"line":260,"column":8},"end":{"line":260,"column":125}},"type":"if","locations":[{"start":{"line":260,"column":8},"end":{"line":260,"column":125}},{"start":{},"end":{}}],"line":260},"36":{"loc":{"start":{"line":260,"column":12},"end":{"line":260,"column":60}},"type":"binary-expr","locations":[{"start":{"line":260,"column":12},"end":{"line":260,"column":32}},{"start":{"line":260,"column":36},"end":{"line":260,"column":60}}],"line":260},"37":{"loc":{"start":{"line":264,"column":6},"end":{"line":269,"column":7}},"type":"if","locations":[{"start":{"line":264,"column":6},"end":{"line":269,"column":7}},{"start":{},"end":{}}],"line":264},"38":{"loc":{"start":{"line":284,"column":33},"end":{"line":284,"column":58}},"type":"default-arg","locations":[{"start":{"line":284,"column":49},"end":{"line":284,"column":58}}],"line":284},"39":{"loc":{"start":{"line":285,"column":4},"end":{"line":285,"column":49}},"type":"if","locations":[{"start":{"line":285,"column":4},"end":{"line":285,"column":49}},{"start":{},"end":{}}],"line":285},"40":{"loc":{"start":{"line":290,"column":13},"end":{"line":290,"column":91}},"type":"cond-expr","locations":[{"start":{"line":290,"column":44},"end":{"line":290,"column":80}},{"start":{"line":290,"column":83},"end":{"line":290,"column":91}}],"line":290},"41":{"loc":{"start":{"line":293,"column":4},"end":{"line":299,"column":5}},"type":"if","locations":[{"start":{"line":293,"column":4},"end":{"line":299,"column":5}},{"start":{},"end":{}}],"line":293},"42":{"loc":{"start":{"line":303,"column":4},"end":{"line":324,"column":5}},"type":"if","locations":[{"start":{"line":303,"column":4},"end":{"line":324,"column":5}},{"start":{},"end":{}}],"line":303},"43":{"loc":{"start":{"line":306,"column":6},"end":{"line":321,"column":7}},"type":"if","locations":[{"start":{"line":306,"column":6},"end":{"line":321,"column":7}},{"start":{"line":313,"column":11},"end":{"line":321,"column":7}}],"line":306},"44":{"loc":{"start":{"line":308,"column":20},"end":{"line":308,"column":88}},"type":"cond-expr","locations":[{"start":{"line":308,"column":43},"end":{"line":308,"column":67}},{"start":{"line":308,"column":70},"end":{"line":308,"column":88}}],"line":308},"45":{"loc":{"start":{"line":313,"column":11},"end":{"line":321,"column":7}},"type":"if","locations":[{"start":{"line":313,"column":11},"end":{"line":321,"column":7}},{"start":{"line":318,"column":11},"end":{"line":321,"column":7}}],"line":313},"46":{"loc":{"start":{"line":320,"column":8},"end":{"line":320,"column":48}},"type":"if","locations":[{"start":{"line":320,"column":8},"end":{"line":320,"column":48}},{"start":{},"end":{}}],"line":320},"47":{"loc":{"start":{"line":337,"column":12},"end":{"line":337,"column":81}},"type":"cond-expr","locations":[{"start":{"line":337,"column":43},"end":{"line":337,"column":49}},{"start":{"line":337,"column":52},"end":{"line":337,"column":81}}],"line":337},"48":{"loc":{"start":{"line":339,"column":30},"end":{"line":339,"column":78}},"type":"cond-expr","locations":[{"start":{"line":339,"column":44},"end":{"line":339,"column":68}},{"start":{"line":339,"column":72},"end":{"line":339,"column":77}}],"line":339},"49":{"loc":{"start":{"line":344,"column":11},"end":{"line":344,"column":81}},"type":"cond-expr","locations":[{"start":{"line":344,"column":28},"end":{"line":344,"column":60}},{"start":{"line":344,"column":63},"end":{"line":344,"column":81}}],"line":344},"50":{"loc":{"start":{"line":352,"column":4},"end":{"line":352,"column":46}},"type":"if","locations":[{"start":{"line":352,"column":4},"end":{"line":352,"column":46}},{"start":{},"end":{}}],"line":352},"51":{"loc":{"start":{"line":357,"column":29},"end":{"line":357,"column":77}},"type":"cond-expr","locations":[{"start":{"line":357,"column":42},"end":{"line":357,"column":68}},{"start":{"line":357,"column":73},"end":{"line":357,"column":76}}],"line":357},"52":{"loc":{"start":{"line":363,"column":6},"end":{"line":363,"column":46}},"type":"if","locations":[{"start":{"line":363,"column":6},"end":{"line":363,"column":46}},{"start":{},"end":{}}],"line":363},"53":{"loc":{"start":{"line":384,"column":4},"end":{"line":386,"column":5}},"type":"if","locations":[{"start":{"line":384,"column":4},"end":{"line":386,"column":5}},{"start":{},"end":{}}],"line":384}},"s":{"0":69,"1":0,"2":69,"3":0,"4":69,"5":69,"6":319,"7":319,"8":0,"9":319,"10":0,"11":319,"12":319,"13":69,"14":69,"15":69,"16":239,"17":239,"18":610,"19":239,"20":11,"21":10,"22":1,"23":371,"24":69,"25":0,"26":302,"27":2,"28":66,"29":6,"30":34,"31":6,"32":6,"33":66,"34":66,"35":1277,"36":0,"37":3496,"38":75,"39":75,"40":343,"41":75,"42":343,"43":75,"44":3496,"45":0,"46":45,"47":10,"48":40,"49":10,"50":45,"51":0,"52":9,"53":9,"54":36,"55":9,"56":9,"57":0,"58":147,"59":66,"60":289,"61":66,"62":0,"63":66,"64":147,"65":0,"66":32,"67":0,"68":1,"69":55,"70":55,"71":55,"72":55,"73":183,"74":183,"75":15,"76":168,"77":34,"78":22,"79":40,"80":7,"81":33,"82":13,"83":20,"84":0,"85":0,"86":0,"87":0,"88":0,"89":4,"90":4,"91":1,"92":3,"93":6,"94":15,"95":0,"96":0,"97":0,"98":10,"99":10,"100":95,"101":10,"102":139,"103":41,"104":102,"105":99,"106":14,"107":14,"108":10,"109":18,"110":10,"111":3,"112":4,"113":3,"114":7,"115":10,"116":10,"117":10,"118":51,"119":51,"120":6,"121":6,"122":45,"123":178,"124":34,"125":178,"126":45,"127":23,"128":23,"129":23,"130":22,"131":34,"132":34,"133":6,"134":34,"135":34,"136":14,"137":20,"138":22,"139":8,"140":8,"141":8,"142":14,"143":14,"144":10,"145":11,"146":0,"147":11,"148":44,"149":44,"150":44,"151":11,"152":11,"153":11,"154":8,"155":1,"156":1,"157":1,"158":7,"159":3,"160":3,"161":4,"162":4,"163":0,"164":8,"165":8,"166":3,"167":16,"168":16,"169":16,"170":16,"171":16,"172":16,"173":16,"174":16,"175":2,"176":1,"177":1,"178":1,"179":1,"180":4,"181":4,"182":4,"183":4,"184":4,"185":4,"186":4,"187":4,"188":4,"189":4,"190":4,"191":1,"192":2,"193":2,"194":2,"195":8,"196":2,"197":1,"198":4,"199":0,"200":0,"201":12,"202":60},"f":{"0":69,"1":34,"2":1277,"3":0,"4":3496,"5":343,"6":343,"7":0,"8":45,"9":40,"10":0,"11":9,"12":36,"13":0,"14":147,"15":289,"16":0,"17":32,"18":0,"19":1,"20":55,"21":0,"22":4,"23":6,"24":15,"25":0,"26":10,"27":95,"28":139,"29":41,"30":102,"31":99,"32":14,"33":18,"34":4,"35":178,"36":34,"37":11,"38":44,"39":16,"40":2,"41":2,"42":2,"43":8,"44":1,"45":4,"46":0,"47":0,"48":12,"49":60},"b":{"0":[0,69],"1":[0,69],"2":[319,0],"3":[0,319],"4":[0,319],"5":[239,371],"6":[11,228],"7":[10,1],"8":[69,302],"9":[371,181],"10":[0,69],"11":[2,300],"12":[6,60],"13":[66,0],"14":[75,3421],"15":[10,35],"16":[9,0],"17":[66,81],"18":[0,66],"19":[15,168],"20":[34,134],"21":[22,12],"22":[34,12,1],"23":[7,33],"24":[40,25],"25":[13,20],"26":[33,15],"27":[0,0],"28":[1,3],"29":[49,50],"30":[3,7],"31":[6,45],"32":[34,144],"33":[23,22],"34":[6,28],"35":[14,20],"36":[34,22],"37":[8,14],"38":[11],"39":[0,11],"40":[19,25],"41":[11,0],"42":[8,3],"43":[1,7],"44":[1,0],"45":[3,4],"46":[0,4],"47":[8,8],"48":[4,12],"49":[0,16],"50":[1,1],"51":[1,3],"52":[4,0],"53":[2,0]},"_coverageSchema":"1a1c01bbd47fc00a2c39e90264f33305004495a9","hash":"d4e03f1d15537b9dbf2a52e01f326e405e8e8dab"}
,"C:\\Users\\harri\\Developer\\Repositories\\Harxer\\geometry\\structures\\segment.js": {"path":"C:\\Users\\harri\\Developer\\Repositories\\Harxer\\geometry\\structures\\segment.js","statementMap":{"0":{"start":{"line":8,"column":23},"end":{"line":8,"column":39}},"1":{"start":{"line":10,"column":21},"end":{"line":10,"column":35}},"2":{"start":{"line":26,"column":4},"end":{"line":34,"column":5}},"3":{"start":{"line":27,"column":6},"end":{"line":27,"column":29}},"4":{"start":{"line":28,"column":11},"end":{"line":34,"column":5}},"5":{"start":{"line":29,"column":6},"end":{"line":29,"column":105}},"6":{"start":{"line":29,"column":35},"end":{"line":29,"column":105}},"7":{"start":{"line":30,"column":6},"end":{"line":30,"column":105}},"8":{"start":{"line":30,"column":35},"end":{"line":30,"column":105}},"9":{"start":{"line":31,"column":6},"end":{"line":31,"column":48}},"10":{"start":{"line":33,"column":6},"end":{"line":33,"column":87}},"11":{"start":{"line":35,"column":4},"end":{"line":35,"column":22}},"12":{"start":{"line":36,"column":4},"end":{"line":36,"column":27}},"13":{"start":{"line":38,"column":4},"end":{"line":56,"column":5}},"14":{"start":{"line":39,"column":6},"end":{"line":39,"column":29}},"15":{"start":{"line":40,"column":6},"end":{"line":40,"column":29}},"16":{"start":{"line":41,"column":11},"end":{"line":56,"column":5}},"17":{"start":{"line":42,"column":6},"end":{"line":42,"column":34}},"18":{"start":{"line":43,"column":11},"end":{"line":56,"column":5}},"19":{"start":{"line":44,"column":6},"end":{"line":53,"column":7}},"20":{"start":{"line":45,"column":8},"end":{"line":45,"column":107}},"21":{"start":{"line":45,"column":37},"end":{"line":45,"column":107}},"22":{"start":{"line":46,"column":8},"end":{"line":46,"column":107}},"23":{"start":{"line":46,"column":37},"end":{"line":46,"column":107}},"24":{"start":{"line":47,"column":8},"end":{"line":47,"column":50}},"25":{"start":{"line":48,"column":8},"end":{"line":48,"column":31}},"26":{"start":{"line":49,"column":13},"end":{"line":53,"column":7}},"27":{"start":{"line":50,"column":8},"end":{"line":50,"column":43}},"28":{"start":{"line":52,"column":8},"end":{"line":52,"column":89}},"29":{"start":{"line":55,"column":6},"end":{"line":55,"column":87}},"30":{"start":{"line":65,"column":4},"end":{"line":65,"column":19}},"31":{"start":{"line":68,"column":4},"end":{"line":68,"column":89}},"32":{"start":{"line":68,"column":33},"end":{"line":68,"column":89}},"33":{"start":{"line":69,"column":4},"end":{"line":69,"column":11}},"34":{"start":{"line":70,"column":4},"end":{"line":70,"column":29}},"35":{"start":{"line":71,"column":4},"end":{"line":71,"column":18}},"36":{"start":{"line":75,"column":17},"end":{"line":75,"column":31}},"37":{"start":{"line":76,"column":20},"end":{"line":76,"column":33}},"38":{"start":{"line":80,"column":4},"end":{"line":80,"column":47}},"39":{"start":{"line":81,"column":4},"end":{"line":81,"column":19}},"40":{"start":{"line":84,"column":4},"end":{"line":84,"column":89}},"41":{"start":{"line":84,"column":33},"end":{"line":84,"column":89}},"42":{"start":{"line":85,"column":4},"end":{"line":85,"column":18}},"43":{"start":{"line":86,"column":4},"end":{"line":86,"column":29}},"44":{"start":{"line":91,"column":4},"end":{"line":91,"column":56}},"45":{"start":{"line":92,"column":4},"end":{"line":92,"column":24}},"46":{"start":{"line":94,"column":18},"end":{"line":94,"column":67}},"47":{"start":{"line":97,"column":20},"end":{"line":97,"column":49}},"48":{"start":{"line":98,"column":21},"end":{"line":98,"column":73}},"49":{"start":{"line":100,"column":19},"end":{"line":100,"column":41}},"50":{"start":{"line":101,"column":20},"end":{"line":101,"column":71}},"51":{"start":{"line":103,"column":17},"end":{"line":103,"column":39}},"52":{"start":{"line":104,"column":18},"end":{"line":104,"column":67}},"53":{"start":{"line":107,"column":16},"end":{"line":107,"column":41}},"54":{"start":{"line":108,"column":17},"end":{"line":108,"column":65}},"55":{"start":{"line":113,"column":4},"end":{"line":117,"column":5}},"56":{"start":{"line":114,"column":6},"end":{"line":114,"column":50}},"57":{"start":{"line":116,"column":6},"end":{"line":116,"column":55}},"58":{"start":{"line":118,"column":4},"end":{"line":118,"column":22}},"59":{"start":{"line":122,"column":4},"end":{"line":122,"column":57}},"60":{"start":{"line":124,"column":17},"end":{"line":124,"column":65}},"61":{"start":{"line":130,"column":15},"end":{"line":130,"column":22}},"62":{"start":{"line":131,"column":4},"end":{"line":131,"column":22}},"63":{"start":{"line":132,"column":4},"end":{"line":132,"column":19}},"64":{"start":{"line":133,"column":4},"end":{"line":133,"column":55}},"65":{"start":{"line":133,"column":36},"end":{"line":133,"column":55}},"66":{"start":{"line":134,"column":4},"end":{"line":134,"column":16}},"67":{"start":{"line":139,"column":4},"end":{"line":139,"column":84}},"68":{"start":{"line":144,"column":4},"end":{"line":146,"column":5}},"69":{"start":{"line":145,"column":6},"end":{"line":145,"column":64}},"70":{"start":{"line":147,"column":4},"end":{"line":147,"column":69}},"71":{"start":{"line":152,"column":13},"end":{"line":152,"column":33}},"72":{"start":{"line":153,"column":13},"end":{"line":153,"column":33}},"73":{"start":{"line":154,"column":4},"end":{"line":154,"column":56}},"74":{"start":{"line":159,"column":4},"end":{"line":159,"column":39}},"75":{"start":{"line":168,"column":4},"end":{"line":170,"column":5}},"76":{"start":{"line":169,"column":6},"end":{"line":169,"column":25}},"77":{"start":{"line":171,"column":4},"end":{"line":173,"column":5}},"78":{"start":{"line":172,"column":6},"end":{"line":172,"column":25}},"79":{"start":{"line":175,"column":19},"end":{"line":175,"column":54}},"80":{"start":{"line":176,"column":16},"end":{"line":176,"column":56}},"81":{"start":{"line":177,"column":22},"end":{"line":177,"column":56}},"82":{"start":{"line":179,"column":4},"end":{"line":181,"column":5}},"83":{"start":{"line":180,"column":6},"end":{"line":180,"column":23}},"84":{"start":{"line":182,"column":4},"end":{"line":184,"column":5}},"85":{"start":{"line":183,"column":6},"end":{"line":183,"column":23}},"86":{"start":{"line":186,"column":12},"end":{"line":186,"column":57}},"87":{"start":{"line":187,"column":12},"end":{"line":187,"column":31}},"88":{"start":{"line":189,"column":4},"end":{"line":194,"column":5}},"89":{"start":{"line":190,"column":6},"end":{"line":193,"column":8}},"90":{"start":{"line":195,"column":4},"end":{"line":195,"column":21}},"91":{"start":{"line":203,"column":13},"end":{"line":203,"column":54}},"92":{"start":{"line":204,"column":13},"end":{"line":204,"column":54}},"93":{"start":{"line":205,"column":13},"end":{"line":205,"column":57}},"94":{"start":{"line":206,"column":13},"end":{"line":206,"column":57}},"95":{"start":{"line":208,"column":4},"end":{"line":208,"column":41}},"96":{"start":{"line":208,"column":30},"end":{"line":208,"column":41}},"97":{"start":{"line":210,"column":4},"end":{"line":210,"column":81}},"98":{"start":{"line":210,"column":69},"end":{"line":210,"column":81}},"99":{"start":{"line":211,"column":4},"end":{"line":211,"column":81}},"100":{"start":{"line":211,"column":69},"end":{"line":211,"column":81}},"101":{"start":{"line":212,"column":4},"end":{"line":212,"column":81}},"102":{"start":{"line":212,"column":69},"end":{"line":212,"column":81}},"103":{"start":{"line":213,"column":4},"end":{"line":213,"column":81}},"104":{"start":{"line":213,"column":69},"end":{"line":213,"column":81}},"105":{"start":{"line":215,"column":4},"end":{"line":215,"column":17}},"106":{"start":{"line":225,"column":16},"end":{"line":225,"column":76}},"107":{"start":{"line":226,"column":4},"end":{"line":226,"column":28}},"108":{"start":{"line":226,"column":19},"end":{"line":226,"column":28}},"109":{"start":{"line":227,"column":4},"end":{"line":227,"column":29}},"110":{"start":{"line":227,"column":19},"end":{"line":227,"column":29}},"111":{"start":{"line":228,"column":4},"end":{"line":228,"column":13}},"112":{"start":{"line":233,"column":19},"end":{"line":233,"column":46}},"113":{"start":{"line":234,"column":15},"end":{"line":234,"column":54}},"114":{"start":{"line":236,"column":4},"end":{"line":236,"column":66}},"115":{"start":{"line":236,"column":51},"end":{"line":236,"column":66}},"116":{"start":{"line":237,"column":4},"end":{"line":237,"column":67}},"117":{"start":{"line":237,"column":52},"end":{"line":237,"column":67}},"118":{"start":{"line":238,"column":4},"end":{"line":238,"column":34}},"119":{"start":{"line":245,"column":4},"end":{"line":245,"column":44}},"120":{"start":{"line":250,"column":4},"end":{"line":250,"column":38}},"121":{"start":{"line":257,"column":4},"end":{"line":259,"column":5}},"122":{"start":{"line":258,"column":6},"end":{"line":258,"column":60}},"123":{"start":{"line":260,"column":4},"end":{"line":262,"column":5}},"124":{"start":{"line":261,"column":6},"end":{"line":261,"column":65}}},"fnMap":{"0":{"name":"(anonymous_0)","decl":{"start":{"line":25,"column":2},"end":{"line":25,"column":3}},"loc":{"start":{"line":25,"column":32},"end":{"line":59,"column":3}},"line":25},"1":{"name":"(anonymous_1)","decl":{"start":{"line":64,"column":2},"end":{"line":64,"column":3}},"loc":{"start":{"line":64,"column":10},"end":{"line":66,"column":3}},"line":64},"2":{"name":"(anonymous_2)","decl":{"start":{"line":67,"column":2},"end":{"line":67,"column":3}},"loc":{"start":{"line":67,"column":13},"end":{"line":72,"column":3}},"line":67},"3":{"name":"(anonymous_3)","decl":{"start":{"line":75,"column":2},"end":{"line":75,"column":3}},"loc":{"start":{"line":75,"column":15},"end":{"line":75,"column":33}},"line":75},"4":{"name":"(anonymous_4)","decl":{"start":{"line":76,"column":2},"end":{"line":76,"column":3}},"loc":{"start":{"line":76,"column":18},"end":{"line":76,"column":35}},"line":76},"5":{"name":"(anonymous_5)","decl":{"start":{"line":79,"column":2},"end":{"line":79,"column":3}},"loc":{"start":{"line":79,"column":10},"end":{"line":82,"column":3}},"line":79},"6":{"name":"(anonymous_6)","decl":{"start":{"line":83,"column":2},"end":{"line":83,"column":3}},"loc":{"start":{"line":83,"column":13},"end":{"line":87,"column":3}},"line":83},"7":{"name":"(anonymous_7)","decl":{"start":{"line":90,"column":2},"end":{"line":90,"column":3}},"loc":{"start":{"line":90,"column":15},"end":{"line":93,"column":3}},"line":90},"8":{"name":"(anonymous_8)","decl":{"start":{"line":94,"column":2},"end":{"line":94,"column":3}},"loc":{"start":{"line":94,"column":16},"end":{"line":94,"column":69}},"line":94},"9":{"name":"(anonymous_9)","decl":{"start":{"line":97,"column":2},"end":{"line":97,"column":3}},"loc":{"start":{"line":97,"column":18},"end":{"line":97,"column":51}},"line":97},"10":{"name":"(anonymous_10)","decl":{"start":{"line":98,"column":2},"end":{"line":98,"column":3}},"loc":{"start":{"line":98,"column":19},"end":{"line":98,"column":75}},"line":98},"11":{"name":"(anonymous_11)","decl":{"start":{"line":100,"column":2},"end":{"line":100,"column":3}},"loc":{"start":{"line":100,"column":17},"end":{"line":100,"column":43}},"line":100},"12":{"name":"(anonymous_12)","decl":{"start":{"line":101,"column":2},"end":{"line":101,"column":3}},"loc":{"start":{"line":101,"column":18},"end":{"line":101,"column":73}},"line":101},"13":{"name":"(anonymous_13)","decl":{"start":{"line":103,"column":2},"end":{"line":103,"column":3}},"loc":{"start":{"line":103,"column":15},"end":{"line":103,"column":41}},"line":103},"14":{"name":"(anonymous_14)","decl":{"start":{"line":104,"column":2},"end":{"line":104,"column":3}},"loc":{"start":{"line":104,"column":16},"end":{"line":104,"column":69}},"line":104},"15":{"name":"(anonymous_15)","decl":{"start":{"line":107,"column":2},"end":{"line":107,"column":3}},"loc":{"start":{"line":107,"column":14},"end":{"line":107,"column":43}},"line":107},"16":{"name":"(anonymous_16)","decl":{"start":{"line":108,"column":2},"end":{"line":108,"column":3}},"loc":{"start":{"line":108,"column":15},"end":{"line":108,"column":67}},"line":108},"17":{"name":"(anonymous_17)","decl":{"start":{"line":111,"column":2},"end":{"line":111,"column":3}},"loc":{"start":{"line":111,"column":13},"end":{"line":119,"column":3}},"line":111},"18":{"name":"(anonymous_18)","decl":{"start":{"line":121,"column":2},"end":{"line":121,"column":3}},"loc":{"start":{"line":121,"column":14},"end":{"line":123,"column":3}},"line":121},"19":{"name":"(anonymous_19)","decl":{"start":{"line":124,"column":2},"end":{"line":124,"column":3}},"loc":{"start":{"line":124,"column":15},"end":{"line":124,"column":67}},"line":124},"20":{"name":"(anonymous_20)","decl":{"start":{"line":129,"column":2},"end":{"line":129,"column":3}},"loc":{"start":{"line":129,"column":9},"end":{"line":135,"column":3}},"line":129},"21":{"name":"(anonymous_21)","decl":{"start":{"line":138,"column":2},"end":{"line":138,"column":3}},"loc":{"start":{"line":138,"column":38},"end":{"line":140,"column":3}},"line":138},"22":{"name":"(anonymous_22)","decl":{"start":{"line":143,"column":2},"end":{"line":143,"column":3}},"loc":{"start":{"line":143,"column":14},"end":{"line":148,"column":3}},"line":143},"23":{"name":"(anonymous_23)","decl":{"start":{"line":151,"column":2},"end":{"line":151,"column":3}},"loc":{"start":{"line":151,"column":13},"end":{"line":155,"column":3}},"line":151},"24":{"name":"(anonymous_24)","decl":{"start":{"line":158,"column":2},"end":{"line":158,"column":3}},"loc":{"start":{"line":158,"column":17},"end":{"line":160,"column":3}},"line":158},"25":{"name":"(anonymous_25)","decl":{"start":{"line":166,"column":2},"end":{"line":166,"column":3}},"loc":{"start":{"line":166,"column":29},"end":{"line":196,"column":3}},"line":166},"26":{"name":"(anonymous_26)","decl":{"start":{"line":202,"column":2},"end":{"line":202,"column":3}},"loc":{"start":{"line":202,"column":22},"end":{"line":216,"column":3}},"line":202},"27":{"name":"(anonymous_27)","decl":{"start":{"line":224,"column":2},"end":{"line":224,"column":3}},"loc":{"start":{"line":224,"column":21},"end":{"line":229,"column":3}},"line":224},"28":{"name":"(anonymous_28)","decl":{"start":{"line":232,"column":2},"end":{"line":232,"column":3}},"loc":{"start":{"line":232,"column":33},"end":{"line":239,"column":3}},"line":232},"29":{"name":"(anonymous_29)","decl":{"start":{"line":244,"column":2},"end":{"line":244,"column":3}},"loc":{"start":{"line":244,"column":28},"end":{"line":246,"column":3}},"line":244},"30":{"name":"(anonymous_30)","decl":{"start":{"line":249,"column":2},"end":{"line":249,"column":3}},"loc":{"start":{"line":249,"column":24},"end":{"line":251,"column":3}},"line":249},"31":{"name":"(anonymous_31)","decl":{"start":{"line":256,"column":2},"end":{"line":256,"column":3}},"loc":{"start":{"line":256,"column":27},"end":{"line":263,"column":3}},"line":256}},"branchMap":{"0":{"loc":{"start":{"line":26,"column":4},"end":{"line":34,"column":5}},"type":"if","locations":[{"start":{"line":26,"column":4},"end":{"line":34,"column":5}},{"start":{"line":28,"column":11},"end":{"line":34,"column":5}}],"line":26},"1":{"loc":{"start":{"line":28,"column":11},"end":{"line":34,"column":5}},"type":"if","locations":[{"start":{"line":28,"column":11},"end":{"line":34,"column":5}},{"start":{"line":32,"column":11},"end":{"line":34,"column":5}}],"line":28},"2":{"loc":{"start":{"line":28,"column":15},"end":{"line":28,"column":96}},"type":"binary-expr","locations":[{"start":{"line":28,"column":15},"end":{"line":28,"column":42}},{"start":{"line":28,"column":46},"end":{"line":28,"column":69}},{"start":{"line":28,"column":73},"end":{"line":28,"column":96}}],"line":28},"3":{"loc":{"start":{"line":29,"column":6},"end":{"line":29,"column":105}},"type":"if","locations":[{"start":{"line":29,"column":6},"end":{"line":29,"column":105}},{"start":{},"end":{}}],"line":29},"4":{"loc":{"start":{"line":30,"column":6},"end":{"line":30,"column":105}},"type":"if","locations":[{"start":{"line":30,"column":6},"end":{"line":30,"column":105}},{"start":{},"end":{}}],"line":30},"5":{"loc":{"start":{"line":38,"column":4},"end":{"line":56,"column":5}},"type":"if","locations":[{"start":{"line":38,"column":4},"end":{"line":56,"column":5}},{"start":{"line":41,"column":11},"end":{"line":56,"column":5}}],"line":38},"6":{"loc":{"start":{"line":41,"column":11},"end":{"line":56,"column":5}},"type":"if","locations":[{"start":{"line":41,"column":11},"end":{"line":56,"column":5}},{"start":{"line":43,"column":11},"end":{"line":56,"column":5}}],"line":41},"7":{"loc":{"start":{"line":43,"column":11},"end":{"line":56,"column":5}},"type":"if","locations":[{"start":{"line":43,"column":11},"end":{"line":56,"column":5}},{"start":{"line":54,"column":11},"end":{"line":56,"column":5}}],"line":43},"8":{"loc":{"start":{"line":44,"column":6},"end":{"line":53,"column":7}},"type":"if","locations":[{"start":{"line":44,"column":6},"end":{"line":53,"column":7}},{"start":{"line":49,"column":13},"end":{"line":53,"column":7}}],"line":44},"9":{"loc":{"start":{"line":44,"column":10},"end":{"line":44,"column":60}},"type":"binary-expr","locations":[{"start":{"line":44,"column":10},"end":{"line":44,"column":33}},{"start":{"line":44,"column":37},"end":{"line":44,"column":60}}],"line":44},"10":{"loc":{"start":{"line":45,"column":8},"end":{"line":45,"column":107}},"type":"if","locations":[{"start":{"line":45,"column":8},"end":{"line":45,"column":107}},{"start":{},"end":{}}],"line":45},"11":{"loc":{"start":{"line":46,"column":8},"end":{"line":46,"column":107}},"type":"if","locations":[{"start":{"line":46,"column":8},"end":{"line":46,"column":107}},{"start":{},"end":{}}],"line":46},"12":{"loc":{"start":{"line":49,"column":13},"end":{"line":53,"column":7}},"type":"if","locations":[{"start":{"line":49,"column":13},"end":{"line":53,"column":7}},{"start":{"line":51,"column":13},"end":{"line":53,"column":7}}],"line":49},"13":{"loc":{"start":{"line":49,"column":17},"end":{"line":49,"column":79}},"type":"binary-expr","locations":[{"start":{"line":49,"column":17},"end":{"line":49,"column":48}},{"start":{"line":49,"column":52},"end":{"line":49,"column":79}}],"line":49},"14":{"loc":{"start":{"line":68,"column":4},"end":{"line":68,"column":89}},"type":"if","locations":[{"start":{"line":68,"column":4},"end":{"line":68,"column":89}},{"start":{},"end":{}}],"line":68},"15":{"loc":{"start":{"line":84,"column":4},"end":{"line":84,"column":89}},"type":"if","locations":[{"start":{"line":84,"column":4},"end":{"line":84,"column":89}},{"start":{},"end":{}}],"line":84},"16":{"loc":{"start":{"line":113,"column":4},"end":{"line":117,"column":5}},"type":"if","locations":[{"start":{"line":113,"column":4},"end":{"line":117,"column":5}},{"start":{"line":115,"column":11},"end":{"line":117,"column":5}}],"line":113},"17":{"loc":{"start":{"line":133,"column":4},"end":{"line":133,"column":55}},"type":"if","locations":[{"start":{"line":133,"column":4},"end":{"line":133,"column":55}},{"start":{},"end":{}}],"line":133},"18":{"loc":{"start":{"line":138,"column":15},"end":{"line":138,"column":36}},"type":"default-arg","locations":[{"start":{"line":138,"column":27},"end":{"line":138,"column":36}}],"line":138},"19":{"loc":{"start":{"line":139,"column":11},"end":{"line":139,"column":83}},"type":"binary-expr","locations":[{"start":{"line":139,"column":11},"end":{"line":139,"column":45}},{"start":{"line":139,"column":49},"end":{"line":139,"column":83}}],"line":139},"20":{"loc":{"start":{"line":144,"column":4},"e
[...]
,"line":176},"15":{"name":"(anonymous_15)","decl":{"start":{"line":183,"column":2},"end":{"line":183,"column":3}},"loc":{"start":{"line":183,"column":10},"end":{"line":185,"column":3}},"line":183},"16":{"name":"(anonymous_16)","decl":{"start":{"line":188,"column":2},"end":{"line":188,"column":3}},"loc":{"start":{"line":188,"column":9},"end":{"line":193,"column":3}},"line":188},"17":{"name":"(anonymous_17)","decl":{"start":{"line":196,"column":2},"end":{"line":196,"column":3}},"loc":{"start":{"line":196,"column":18},"end":{"line":199,"column":3}},"line":196},"18":{"name":"(anonymous_18)","decl":{"start":{"line":202,"column":2},"end":{"line":202,"column":3}},"loc":{"start":{"line":202,"column":14},"end":{"line":204,"column":3}},"line":202},"19":{"name":"(anonymous_19)","decl":{"start":{"line":207,"column":2},"end":{"line":207,"column":3}},"loc":{"start":{"line":207,"column":14},"end":{"line":221,"column":3}},"line":207},"20":{"name":"(anonymous_20)","decl":{"start":{"line":224,"column":2},"end":{"line":224,"column":3}},"loc":{"start":{"line":224,"column":13},"end":{"line":235,"column":3}},"line":224},"21":{"name":"(anonymous_21)","decl":{"start":{"line":238,"column":2},"end":{"line":238,"column":3}},"loc":{"start":{"line":238,"column":48},"end":{"line":243,"column":3}},"line":238},"22":{"name":"(anonymous_22)","decl":{"start":{"line":246,"column":2},"end":{"line":246,"column":3}},"loc":{"start":{"line":246,"column":19},"end":{"line":248,"column":3}},"line":246},"23":{"name":"(anonymous_23)","decl":{"start":{"line":251,"column":2},"end":{"line":251,"column":3}},"loc":{"start":{"line":251,"column":21},"end":{"line":253,"column":3}},"line":251},"24":{"name":"(anonymous_24)","decl":{"start":{"line":256,"column":2},"end":{"line":256,"column":3}},"loc":{"start":{"line":256,"column":19},"end":{"line":263,"column":3}},"line":256},"25":{"name":"(anonymous_25)","decl":{"start":{"line":270,"column":2},"end":{"line":270,"column":3}},"loc":{"start":{"line":270,"column":39},"end":{"line":282,"column":3}},"line":270},"26":{"name":"(anonymous_26)","decl":{"start":{"line":285,"column":2},"end":{"line":285,"column":3}},"loc":{"start":{"line":285,"column":11},"end":{"line":296,"column":3}},"line":285},"27":{"name":"(anonymous_27)","decl":{"start":{"line":298,"column":2},"end":{"line":298,"column":3}},"loc":{"start":{"line":298,"column":18},"end":{"line":300,"column":3}},"line":298},"28":{"name":"(anonymous_28)","decl":{"start":{"line":304,"column":2},"end":{"line":304,"column":3}},"loc":{"start":{"line":304,"column":27},"end":{"line":306,"column":3}},"line":304},"29":{"name":"(anonymous_29)","decl":{"start":{"line":311,"column":2},"end":{"line":311,"column":3}},"loc":{"start":{"line":311,"column":27},"end":{"line":318,"column":3}},"line":311},"30":{"name":"(anonymous_30)","decl":{"start":{"line":323,"column":2},"end":{"line":323,"column":3}},"loc":{"start":{"line":323,"column":17},"end":{"line":323,"column":38}},"line":323},"31":{"name":"(anonymous_31)","decl":{"start":{"line":325,"column":2},"end":{"line":325,"column":3}},"loc":{"start":{"line":325,"column":9},"end":{"line":325,"column":30}},"line":325},"32":{"name":"(anonymous_32)","decl":{"start":{"line":327,"column":2},"end":{"line":327,"column":3}},"loc":{"start":{"line":327,"column":12},"end":{"line":327,"column":33}},"line":327},"33":{"name":"(anonymous_33)","decl":{"start":{"line":329,"column":2},"end":{"line":329,"column":3}},"loc":{"start":{"line":329,"column":15},"end":{"line":329,"column":36}},"line":329},"34":{"name":"(anonymous_34)","decl":{"start":{"line":331,"column":2},"end":{"line":331,"column":3}},"loc":{"start":{"line":331,"column":15},"end":{"line":333,"column":3}},"line":331}},"branchMap":{"0":{"loc":{"start":{"line":28,"column":4},"end":{"line":40,"column":5}},"type":"if","locations":[{"start":{"line":28,"column":4},"end":{"line":40,"column":5}},{"start":{},"end":{}}],"line":28},"1":{"loc":{"start":{"line":29,"column":6},"end":{"line":29,"column":113}},"type":"if","locations":[{"start":{"line":29,"column":6},"end":{"line":29,"column":113}},{"start":{},"end":{}}],"line":29},"2":{"loc":{"start":{"line":30,"column":6},"end":{"line":30,"column":109}},"type":"if","locations":[{"start":{"line":30,"column":6},"end":{"line":30,"column":109}},{"start":{},"end":{}}],"line":30},"3":{"loc":{"start":{"line":34,"column":6},"end":{"line":38,"column":7}},"type":"if","locations":[{"start":{"line":34,"column":6},"end":{"line":38,"column":7}},{"start":{},"end":{}}],"line":34},"4":{"loc":{"start":{"line":42,"column":4},"end":{"line":42,"column":93}},"type":"if","locations":[{"start":{"line":42,"column":4},"end":{"line":42,"column":93}},{"start":{},"end":{}}],"line":42},"5":{"loc":{"start":{"line":43,"column":4},"end":{"line":43,"column":93}},"type":"if","locations":[{"start":{"line":43,"column":4},"end":{"line":43,"column":93}},{"start":{},"end":{}}],"line":43},"6":{"loc":{"start":{"line":52,"column":4},"end":{"line":52,"column":79}},"type":"if","locations":[{"start":{"line":52,"column":4},"end":{"line":52,"column":79}},{"start":{},"end":{}}],"line":52},"7":{"loc":{"start":{"line":56,"column":4},"end":{"line":56,"column":81}},"type":"if","locations":[{"start":{"line":56,"column":4},"end":{"line":56,"column":81}},{"start":{},"end":{}}],"line":56},"8":{"loc":{"start":{"line":57,"column":4},"end":{"line":57,"column":37}},"type":"if","locations":[{"start":{"line":57,"column":4},"end":{"line":57,"column":37}},{"start":{},"end":{}}],"line":57},"9":{"loc":{"start":{"line":67,"column":4},"end":{"line":67,"column":79}},"type":"if","locations":[{"start":{"line":67,"column":4},"end":{"line":67,"column":79}},{"start":{},"end":{}}],"line":67},"10":{"loc":{"start":{"line":71,"column":4},"end":{"line":71,"column":81}},"type":"if","locations":[{"start":{"line":71,"column":4},"end":{"line":71,"column":81}},{"start":{},"end":{}}],"line":71},"11":{"loc":{"start":{"line":72,"column":4},"end":{"line":72,"column":37}},"type":"if","locations":[{"start":{"line":72,"column":4},"end":{"line":72,"column":37}},{"start":{},"end":{}}],"line":72},"12":{"loc":{"start":{"line":81,"column":4},"end":{"line":81,"column":112}},"type":"if","locations":[{"start":{"line":81,"column":4},"end":{"line":81,"column":112}},{"start":{},"end":{}}],"line":81},"13":{"loc":{"start":{"line":85,"column":4},"end":{"line":85,"column":79}},"type":"if","locations":[{"start":{"line":85,"column":4},"end":{"line":85,"column":79}},{"start":{},"end":{}}],"line":85},"14":{"loc":{"start":{"line":86,"column":4},"end":{"line":86,"column":45}},"type":"if","locations":[{"start":{"line":86,"column":4},"end":{"line":86,"column":45}},{"start":{},"end":{}}],"line":86},"15":{"loc":{"start":{"line":88,"column":4},"end":{"line":103,"column":5}},"type":"if","locations":[{"start":{"line":88,"column":4},"end":{"line":103,"column":5}},{"start":{"line":99,"column":11},"end":{"line":103,"column":5}}],"line":88},"16":{"loc":{"start":{"line":90,"column":6},"end":{"line":98,"column":7}},"type":"if","locations":[{"start":{"line":90,"column":6},"end":{"line":98,"column":7}},{"start":{"line":94,"column":13},"end":{"line":98,"column":7}}],"line":90},"17":{"loc":{"start":{"line":106,"column":4},"end":{"line":106,"column":91}},"type":"if","locations":[{"start":{"line":106,"column":4},"end":{"line":106,"column":91}},{"start":{},"end":{}}],"line":106},"18":{"loc":{"start":{"line":106,"column":8},"end":{"line":106,"column":44}},"type":"binary-expr","locations":[{"start":{"line":106,"column":8},"end":{"line":106,"column":33}},{"start":{"line":106,"column":37},"end":{"line":106,"column":44}}],"line":106},"19":{"loc":{"start":{"line":113,"column":4},"end":{"line":117,"column":5}},"type":"if","locations":[{"start":{"line":113,"column":4},"end":{"line":117,"column":5}},{"start":{},"end":{}}],"line":113},"20":{"loc":{"start":{"line":115,"column":6},"end":{"line":115,"column":61}},"type":"if","locations":[{"start":{"line":115,"column":6},"end":{"line":115,"column":61}},{"start":{},"end":{}}],"line":115},"21":{"loc":{"start":{"line":115,"column":10},"end":{"line":115,"column":50}},"type":"binary-expr","locations":[{"start":{"line":115,"column":10},"end":{"line":115,"column":28}},{"start":{"line":115,"column":32},"end":{"line":115,"column":50}}],"line":115},"22":{"loc":{"start":{"line":121,"column":4},"end":{"line":121,"column":36}},"type":"if","locations":[{"start":{"line":121,"column":4},"end":{"line":121,"column":36}},{"start":{},"end":{}}],"line":121},"23":{"loc":{"start":{"line":122,"column":4},"end":{"line":122,"column":79}},"type":"if","locations":[{"start":{"line":122,"column":4},"end":{"line":122,"column":79}},{"start":{},"end":{}}],"line":122},"24":{"loc":{"start":{"line":132,"column":4},"end":{"line":137,"column":5}},"type":"if","locations":[{"start":{"line":132,"column":4},"end":{"line":137,"column":5}},{"start":{},"end":{}}],"line":132},"25":{"loc":{"start":{"line":147,"column":15},"end":{"line":147,"column":36}},"type":"default-arg","locations":[{"start":{"line":147,"column":27},"end":{"line":147,"column":36}}],"line":147},"26":{"loc":{"start":{"line":148,"column":4},"end":{"line":150,"column":5}},"type":"if","locations":[{"start":{"line":148,"column":4},"end":{"line":150,"column":5}},{"start":{},"end":{}}],"line":148},"27":{"loc":{"start":{"line":148,"column":8},"end":{"line":148,"column":78}},"type":"binary-expr","locations":[{"start":{"line":148,"column":8},"end":{"line":148,"column":41}},{"start":{"line":148,"column":45},"end":{"line":148,"column":78}}],"line":148},"28":{"loc":{"start":{"line":149,"column":13},"end":{"line":149,"column":107}},"type":"binary-expr","locations":[{"start":{"line":149,"column":13},"end":{"line":149,"column":62}},{"start":{"line":149,"column":66},"end":{"line":149,"column":107}}],"line":149},"29":{"loc":{"start":{"line":151,"column":11},"end":{"line":151,"column":81}},"type":"binary-expr","locations":[{"start":{"line":151,"column":11},"end":{"line":151,"column":44}},{"start":{"line":151,"column":48},"end":{"line":151,"column":81}}],"line":151},"30":{"loc":{"start":{"line":156,"column":4},"end":{"line":156,"column":62}},"type":"if","locations":[{"start":{"line":156,"column":4},"end":{"line":156,"column":62}},{"start":{},"end":{}}],"line":156},"31":{"loc":{"start":{"line":157,"column":4},"end":{"line":157,"column":46}},"type":"if","locations":[{"start":{"line":157,"column":4},"end":{"line":157,"column":46}},{"start":{},"end":{}}],"line":157},"32":{"loc":{"start":{"line":158,"column":4},"end":{"line":158,"column":46}},"type":"if","locations":[{"start":{"line":158,"column":4},"end":{"line":158,"column":46}},{"start":{},"end":{}}],"line":158},"33":{"loc":{"start":{"line":189,"column":4},"end":{"line":189,"column":83}},"type":"if","locations":[{"start":{"line":189,"column":4},"end":{"line":189,"column":83}},{"start":{},"end":{}}],"line":189},"34":{"loc":{"start":{"line":190,"column":4},"end":{"line":190,"column":45}},"type":"if","locations":[{"start":{"line":190,"column":4},"end":{"line":190,"column":45}},{"start":{},"end":{}}],"line":190},"35":{"loc":{"start":{"line":191,"column":4},"end":{"line":191,"column":45}},"type":"if","locations":[{"start":{"line":191,"column":4},"end":{"line":191,"column":45}},{"start":{},"end":{}}],"line":191},"36":{"loc":{"start":{"line":197,"column":4},"end":{"line":197,"column":80}},"type":"if","locations":[{"start":{"line":197,"column":4},"end":{"line":197,"column":80}},{"start":{},"end":{}}],"line":197},"37":{"loc":{"start":{"line":203,"column":62},"end":{"line":203,"column":131}},"type":"cond-expr","locations":[{"start":{"line":203,"column":92},"end":{"line":203,"column":101}},{"start":{"line":203,"column":104},"end":{"line":203,"column":131}}],"line":203},"38":{"loc":{"start":{"line":208,"column":4},"end":{"line":219,"column":5}},"type":"if","locations":[{"start":{"line":208,"column":4},"end":{"line":219,"column":5}},{"start":{"line":217,"column":11},"end":{"line":219,"column":5}}],"line":208},"39":{"loc":{"start":{"line":209,"column":6},"end":{"line":212,"column":7}},"type":"if","locations":[{"start":{"line":209,"column":6},"end":{"line":212,"column":7}},{"start":{},"end":{}}],"line":209},"40":{"loc":{"start":{"line":213,"column":6},"end":{"line":216,"column":7}},"type":"if","locations":[{"start":{"line":213,"column":6},"end":{"line":216,"column":7}},{"start":{},"end":{}}],"line":213},"41":{"loc":{"start":{"line":225,"column":4},"end":{"line":230,"column":5}},"type":"if","locations":[{"start":{"line":225,"column":4},"end":{"line":230,"column":5}},{"start":{},"end":{}}],"line":225},"42":{"loc":{"start":{"line":226,"column":6},"end":{"line":226,"column":51}},"type":"if","locations":[{"start":{"line":226,"column":6},"end":{"line":226,"column":51}},{"start":{},"end":{}}],"line":226},"43":{"loc":{"start":{"line":227,"column":6},"end":{"line":227,"column":52}},"type":"if","locations":[{"start":{"line":227,"column":6},"end":{"line":227,"column":52}},{"start":{},"end":{}}],"line":227},"44":{"loc":{"start":{"line":228,"column":6},"end":{"line":228,"column":53}},"type":"if","locations":[{"start":{"line":228,"column":6},"end":{"line":228,"column":53}},{"start":{},"end":{}}],"line":228},"45":{"loc":{"start":{"line":231,"column":4},"end":{"line":231,"column":43}},"type":"if","locations":[{"start":{"line":231,"column":4},"end":{"line":231,"column":43}},{"start":{},"end":{}}],"line":231},"46":{"loc":{"start":{"line":231,"column":8},"end":{"line":231,"column":33}},"type":"binary-expr","locations":[{"start":{"line":231,"column":8},"end":{"line":231,"column":18}},{"start":{"line":231,"column":22},"end":{"line":231,"column":33}}],"line":231},"47":{"loc":{"start":{"line":232,"column":4},"end":{"line":232,"column":43}},"type":"if","locations":[{"start":{"line":232,"column":4},"end":{"line":232,"column":43}},{"start":{},"end":{}}],"line":232},"48":{"loc":{"start":{"line":232,"column":8},"end":{"line":232,"column":33}},"type":"binary-expr","locations":[{"start":{"line":232,"column":8},"end":{"line":232,"column":19}},{"start":{"line":232,"column":23},"end":{"line":232,"column":33}}],"line":232},"49":{"loc":{"start":{"line":233,"column":4},"end":{"line":233,"column":43}},"type":"if","locations":[{"start":{"line":233,"column":4},"end":{"line":233,"column":43}},{"start":{},"end":{}}],"line":233},"50":{"loc":{"start":{"line":233,"column":8},"end":{"line":233,"column":33}},"type":"binary-expr","locations":[{"start":{"line":233,"column":8},"end":{"line":233,"column":18}},{"start":{"line":233,"column":22},"end":{"line":233,"column":33}}],"line":233},"51":{"loc":{"start":{"line":238,"column":18},"end":{"line":238,"column":32}},"type":"default-arg","locations":[{"start":{"line":238,"column":31},"end":{"line":238,"column":32}}],"line":238},"52":{"loc":{"start":{"line":238,"column":34},"end":{"line":238,"column":46}},"type":"default-arg","locations":[{"start":{"line":238,"column":45},"end":{"line":238,"column":46}}],"line":238},"53":{"loc":{"start":{"line":257,"column":4},"end":{"line":259,"column":5}},"type":"if","locations":[{"start":{"line":257,"column":4},"end":{"line":259,"column":5}},{"start":{},"end":{}}],"line":257},"54":{"loc":{"start":{"line":257,"column":8},"end":{"line":257,"column":68}},"type":"binary-expr","locations":[{"start":{"line":257,"column":8},"end":{"line":257,"column":36}},{"start":{"line":257,"column":40},"end":{"line":257,"column":68}}],"line":257},"55":{"loc":{"start":{"line":271,"column":4},"end":{"line":273,"column":5}},"type":"if","locations":[{"start":{"line":271,"column":4},"end":{"line":273,"column":5}},{"start":{},"end":{}}],"line":271},"56":{"loc":{"start":{"line":278,"column":4},"end":{"line":278,"column":34}},"type":"if","locations":[{"start":{"line":278,"column":4},"end":{"line":278,"column":34}},{"start":{},"end":{}}],"line":278},"57":{"loc":{"start":{"line":279,"column":4},"end":{"line":279,"column":53}},"type":"if","locations":[{"start":{"line":279,"column":4},"end":{"line":279,"column":53}},{"start":{},"end":{}}],"line":279},"58":{"loc":{"start":{"line":286,"column":4},"end":{"line":291,"column":5}},"type":"if","locations":[{"start":{"line":286,"column":4},"end":{"line":291,"column":5}},{"start":{},"end":{}}],"line":286},"59":{"loc":{"start":{"line":288,"column":6},"end":{"line":288,"column":94}},"type":"if","locations":[{"start":{"line":288,"column":6},"end":{"line":288,"column":94}},{"start":{},"end":{}}],"line":288},"60":{"loc":{"start":{"line":294,"column":4},"end":{"line":294,"column":55}},"type":"if","locations":[{"start":{"line":294,"column":4},"end":{"line":294,"column":55}},{"start":{},"end":{}}],"line":294},"61":{"loc":{"start":{"line":312,"column":4},"end":{"line":314,"column":5}},"type":"if","locations":[{"start":{"line":312,"column":4},"end":{"line":314,"column":5}},{"start":{},"end":{}}],"line":312},"62":{"loc":{"start":{"line":313,"column":13},"end":{"line":313,"column":59}},"type":"binary-expr","locations":[{"start":{"line":313,"column":13},"end":{"line":313,"column":34}},{"start":{"line":313,"column":38},"end":{"line":313,"column":59}}],"line":313},"63":{"loc":{"start":{"line":315,"column":4},"end":{"line":317,"column":5}},"type":"if","locations":[{"start":{"line":315,"column":4},"end":{"line":317,"column":5}},{"start":{},"end":{}}],"line":315},"64":{"loc":{"start":{"line":316,"column":13},"end":{"line":316,"column":71}},"type":"binary-expr","locations":[{"start":{"line":316,"column":13},"end":{"line":316,"column":38}},{"start":{"line":316,"column":42},"end":{"line":316,"column":71}}],"line":316}},"s":{"0":1,"1":1,"2":405,"3":8,"4":0,"5":8,"6":0,"7":8,"8":8,"9":8,"10":0,"11":0,"12":8,"13":397,"14":0,"15":397,"16":0,"17":397,"18":397,"19":602,"20":12,"21":602,"22":0,"23":0,"24":0,"25":0,"26":0,"27":0,"28":0,"29":0,"30":487,"31":12,"32":487,"33":0,"34":0,"35":0,"36":0,"37":0,"38":0,"39":0,"40":0,"41":29,"42":5,"43":29,"44":11,"45":0,"46":11,"47":0,"48":11,"49":7,"50":3,"51":3,"52":3,"53":4,"54":4,"55":4,"56":4,"57":4,"58":11,"59":0,"60":11,"61":68,"62":44,"63":0,"64":44,"65":68,"66":0,"67":0,"68":0,"69":0,"70":0,"71":0,"72":0,"73":0,"74":50,"75":50,"76":50,"77":50,"78":50,"79":0,"80":0,"81":0,"82":0,"83":0,"84":0,"85":0,"86":46,"87":0,"88":46,"89":46,"90":46,"91":46,"92":46,"93":3,"94":3,"95":0,"96":0,"97":0,"98":0,"99":0,"100":0,"101":0,"102":4,"103":0,"104":4,"105":4,"106":4,"107":4,"108":4,"109":285,"110":0,"111":285,"112":0,"113":8,"114":8,"115":4,"116":4,"117":8,"118":4,"119":4,"120":0,"121":8,"122":110,"123":0,"124":0,"125":0,"126":0,"127":0,"128":0,"129":0,"130":110,"131":27,"132":83,"133":24,"134":59,"135":27,"136":32,"137":0,"138":0,"139":0,"140":50,"141":64,"142":46,"143":46,"144":0,"145":0,"146":0,"147":0,"148":0,"149":0,"150":0,"151":0,"152":0,"153":0,"154":0,"155":0,"156":0,"157":4,"158":4,"159":4,"160":0,"161":4,"162":4,"163":0,"164":0,"165":0,"166":0,"167":0,"168":0,"169":0,"170":271,"171":161,"172":110,"173":110,"174":0,"175":0,"176":0,"177":0,"178":0},"f":{"0":405,"1":602,"2":0,"3":487,"4":0,"5":29,"6":11,"7":68,"8":0,"9":50,"10":0,"11":46,"12":3,"13":0,"14":0,"15":0,"16":4,"17":285,"18":0,"19":8,"20":110,"21":0,"22":50,"23":64,"24":46,"25":0,"26":4,"27":0,"28":0,"29":271,"30":0,"31":0,"32":0,"33":0,"34":0},"b":{"0":[8,397],"1":[0,8],"2":[0,8],"3":[0,8],"4":[0,397],"5":[0,397],"6":[12,590],"7":[0,0],"8":[0,0],"9":[12,475],"10":[0,0],"11":[0,0],"12":[5,24],"13":[0,11],"14":[0,11],"15":[7,4],"16":[3,4],"17":[0,11],"18":[11,8],"19":[44,24],"20":[0,44],"21":[44,10],"22":[0,0],"23":[0,0],"24":[50,0],"25":[0],"26":[0,0],"27":[0,0],"28":[0,0],"29":[0,0],"30":[0,46],"31":[46,0],"32":[46,0],"33":[0,4],"34":[4,0],"35":[4,0],"36":[0,285],"37":[0,0],"38":[8,0],"39":[4,4],"40":[4,4],"41":[0,110],"42":[0,0],"43":[0,0],"44":[0,0],"45":[27,83],"46":[110,46],"47":[24,59],"48":[83,64],"49":[27,32],"50":[59,27],"51":[0],"52":[0],"53":[46,0],"54":[46,46],"55":[0,0],"56":[0,0],"57":[0,0],"58":[4,0],"59":[0,4],"60":[0,0],"61":[161,110],"62":[161,157],"63":[110,0],"64":[110,0]},"_coverageSchema":"1a1c01bbd47fc00a2c39e90264f33305004495a9","hash":"94d0c51ee3e554d4285c4767ac8b7d127647f981"}
}
