{"C:\\Users\\harri\\Developer\\Repositories\\Harxer\\geometry\\geometry.js": {"path":"C:\\Users\\harri\\Developer\\Repositories\\Harxer\\geometry\\geometry.js","statementMap":{"0":{"start":{"line":13,"column":35},"end":{"line":13,"column":37}},"1":{"start":{"line":19,"column":35},"end":{"line":19,"column":58}},"2":{"start":{"line":23,"column":2},"end":{"line":23,"column":110}},"3":{"start":{"line":23,"column":35},"end":{"line":23,"column":110}},"4":{"start":{"line":24,"column":2},"end":{"line":24,"column":36}},"5":{"start":{"line":28,"column":22},"end":{"line":46,"column":1}},"6":{"start":{"line":55,"column":27},"end":{"line":59,"column":1}},"7":{"start":{"line":67,"column":17},"end":{"line":67,"column":28}},"8":{"start":{"line":68,"column":17},"end":{"line":68,"column":28}},"9":{"start":{"line":69,"column":17},"end":{"line":69,"column":28}},"10":{"start":{"line":70,"column":17},"end":{"line":70,"column":28}},"11":{"start":{"line":73,"column":2},"end":{"line":73,"column":77}},"12":{"start":{"line":73,"column":50},"end":{"line":73,"column":62}},"13":{"start":{"line":73,"column":63},"end":{"line":73,"column":75}},"14":{"start":{"line":74,"column":2},"end":{"line":74,"column":77}},"15":{"start":{"line":74,"column":50},"end":{"line":74,"column":62}},"16":{"start":{"line":74,"column":63},"end":{"line":74,"column":75}},"17":{"start":{"line":76,"column":12},"end":{"line":76,"column":49}},"18":{"start":{"line":77,"column":2},"end":{"line":77,"column":51}},"19":{"start":{"line":77,"column":22},"end":{"line":77,"column":51}},"20":{"start":{"line":78,"column":2},"end":{"line":78,"column":53}},"21":{"start":{"line":88,"column":14},"end":{"line":88,"column":25}},"22":{"start":{"line":89,"column":2},"end":{"line":89,"column":47}},"23":{"start":{"line":89,"column":17},"end":{"line":89,"column":47}},"24":{"start":{"line":90,"column":2},"end":{"line":90,"column":42}},"25":{"start":{"line":90,"column":22},"end":{"line":90,"column":42}},"26":{"start":{"line":91,"column":2},"end":{"line":91,"column":14}},"27":{"start":{"line":95,"column":15},"end":{"line":95,"column":31}},"28":{"start":{"line":96,"column":15},"end":{"line":96,"column":31}},"29":{"start":{"line":97,"column":13},"end":{"line":97,"column":40}},"30":{"start":{"line":98,"column":2},"end":{"line":98,"column":41}},"31":{"start":{"line":98,"column":22},"end":{"line":98,"column":41}},"32":{"start":{"line":99,"column":2},"end":{"line":99,"column":13}},"33":{"start":{"line":102,"column":21},"end":{"line":106,"column":1}},"34":{"start":{"line":119,"column":15},"end":{"line":119,"column":31}},"35":{"start":{"line":120,"column":15},"end":{"line":120,"column":31}},"36":{"start":{"line":121,"column":13},"end":{"line":121,"column":28}},"37":{"start":{"line":122,"column":2},"end":{"line":122,"column":88}},"38":{"start":{"line":122,"column":80},"end":{"line":122,"column":88}},"39":{"start":{"line":123,"column":2},"end":{"line":123,"column":68}},"40":{"start":{"line":128,"column":2},"end":{"line":131,"column":3}},"41":{"start":{"line":130,"column":4},"end":{"line":130,"column":88}},"42":{"start":{"line":132,"column":2},"end":{"line":132,"column":55}},"43":{"start":{"line":132,"column":42},"end":{"line":132,"column":55}},"44":{"start":{"line":134,"column":2},"end":{"line":138,"column":3}},"45":{"start":{"line":137,"column":4},"end":{"line":137,"column":95}},"46":{"start":{"line":140,"column":2},"end":{"line":140,"column":65}},"47":{"start":{"line":156,"column":2},"end":{"line":156,"column":75}},"48":{"start":{"line":161,"column":2},"end":{"line":161,"column":22}},"49":{"start":{"line":162,"column":2},"end":{"line":162,"column":40}},"50":{"start":{"line":162,"column":24},"end":{"line":162,"column":40}},"51":{"start":{"line":163,"column":2},"end":{"line":163,"column":25}},"52":{"start":{"line":163,"column":16},"end":{"line":163,"column":25}},"53":{"start":{"line":164,"column":2},"end":{"line":164,"column":45}},"54":{"start":{"line":172,"column":2},"end":{"line":172,"column":57}},"55":{"start":{"line":172,"column":45},"end":{"line":172,"column":57}},"56":{"start":{"line":173,"column":2},"end":{"line":173,"column":40}},"57":{"start":{"line":173,"column":28},"end":{"line":173,"column":40}},"58":{"start":{"line":174,"column":2},"end":{"line":174,"column":15}}},"fnMap":{"0":{"name":"setGlobalEqualsPrecision","decl":{"start":{"line":22,"column":16},"end":{"line":22,"column":40}},"loc":{"start":{"line":22,"column":52},"end":{"line":25,"column":1}},"line":22},"1":{"name":"orientation","decl":{"start":{"line":66,"column":16},"end":{"line":66,"column":27}},"loc":{"start":{"line":66,"column":40},"end":{"line":79,"column":1}},"line":66},"2":{"name":"boundAngle","decl":{"start":{"line":87,"column":16},"end":{"line":87,"column":26}},"loc":{"start":{"line":87,"column":34},"end":{"line":92,"column":1}},"line":87},"3":{"name":"angleDiff","decl":{"start":{"line":94,"column":16},"end":{"line":94,"column":25}},"loc":{"start":{"line":94,"column":38},"end":{"line":100,"column":1}},"line":94},"4":{"name":"anglesMatch","decl":{"start":{"line":118,"column":16},"end":{"line":118,"column":27}},"loc":{"start":{"line":118,"column":61},"end":{"line":124,"column":1}},"line":118},"5":{"name":"equals","decl":{"start":{"line":127,"column":16},"end":{"line":127,"column":22}},"loc":{"start":{"line":127,"column":52},"end":{"line":141,"column":1}},"line":127},"6":{"name":"minNumber","decl":{"start":{"line":155,"column":16},"end":{"line":155,"column":25}},"loc":{"start":{"line":155,"column":46},"end":{"line":157,"column":1}},"line":155},"7":{"name":"magnitudeOrder","decl":{"start":{"line":160,"column":16},"end":{"line":160,"column":30}},"loc":{"start":{"line":160,"column":36},"end":{"line":165,"column":1}},"line":160},"8":{"name":"validNumber","decl":{"start":{"line":171,"column":16},"end":{"line":171,"column":27}},"loc":{"start":{"line":171,"column":33},"end":{"line":175,"column":1}},"line":171}},"branchMap":{"0":{"loc":{"start":{"line":23,"column":2},"end":{"line":23,"column":110}},"type":"if","locations":[{"start":{"line":23,"column":2},"end":{"line":23,"column":110}},{"start":{},"end":{}}],"line":23},"1":{"loc":{"start":{"line":73,"column":2},"end":{"line":73,"column":77}},"type":"if","locations":[{"start":{"line":73,"column":2},"end":{"line":73,"column":77}},{"start":{},"end":{}}],"line":73},"2":{"loc":{"start":{"line":73,"column":6},"end":{"line":73,"column":46}},"type":"binary-expr","locations":[{"start":{"line":73,"column":6},"end":{"line":73,"column":24}},{"start":{"line":73,"column":28},"end":{"line":73,"column":46}}],"line":73},"3":{"loc":{"start":{"line":74,"column":2},"end":{"line":74,"column":77}},"type":"if","locations":[{"start":{"line":74,"column":2},"end":{"line":74,"column":77}},{"start":{},"end":{}}],"line":74},"4":{"loc":{"start":{"line":74,"column":6},"end":{"line":74,"column":46}},"type":"binary-expr","locations":[{"start":{"line":74,"column":6},"end":{"line":74,"column":24}},{"start":{"line":74,"column":28},"end":{"line":74,"column":46}}],"line":74},"5":{"loc":{"start":{"line":77,"column":2},"end":{"line":77,"column":51}},"type":"if","locations":[{"start":{"line":77,"column":2},"end":{"line":77,"column":51}},{"start":{},"end":{}}],"line":77},"6":{"loc":{"start":{"line":78,"column":9},"end":{"line":78,"column":53}},"type":"cond-expr","locations":[{"start":{"line":78,"column":21},"end":{"line":78,"column":36}},{"start":{"line":78,"column":39},"end":{"line":78,"column":53}}],"line":78},"7":{"loc":{"start":{"line":89,"column":2},"end":{"line":89,"column":47}},"type":"if","locations":[{"start":{"line":89,"column":2},"end":{"line":89,"column":47}},{"start":{},"end":{}}],"line":89},"8":{"loc":{"start":{"line":90,"column":2},"end":{"line":90,"column":42}},"type":"if","locations":[{"start":{"line":90,"column":2},"end":{"line":90,"column":42}},{"start":{},"end":{}}],"line":90},"9":{"loc":{"start":{"line":98,"column":2},"end":{"line":98,"column":41}},"type":"if","locations":[{"start":{"line":98,"column":2},"end":{"line":98,"column":41}},{"start":{},"end":{}}],"line":98},"10":{"loc":{"start":{"line":118,"column":40},"end":{"line":118,"column":59}},"type":"default-arg","locations":[{"start":{"line":118,"column":52},"end":{"line":118,"column":59}}],"line":118},"11":{"loc":{"start":{"line":122,"column":2},"end":{"line":122,"column":88}},"type":"if","locations":[{"start":{"line":122,"column":2},"end":{"line":122,"column":88}},{"start":{},"end":{}}],"line":122},"12":{"loc":{"start":{"line":122,"column":6},"end":{"line":122,"column":78}},"type":"binary-expr","locations":[{"start":{"line":122,"column":6},"end":{"line":122,"column":33}},{"start":{"line":122,"column":37},"end":{"line":122,"column":78}}],"line":122},"13":{"loc":{"start":{"line":123,"column":9},"end":{"line":123,"column":68}},"type":"cond-expr","locations":[{"start":{"line":123,"column":62},"end":{"line":123,"column":64}},{"start":{"line":123,"column":67},"end":{"line":123,"column":68}}],"line":123},"14":{"loc":{"start":{"line":123,"column":9},"end":{"line":123,"column":59}},"type":"binary-expr","locations":[{"start":{"line":123,"column":10},"end":{"line":123,"column":24}},{"start":{"line":123,"column":28},"end":{"line":123,"column":36}},{"start":{"line":123,"column":42},"end":{"line":123,"column":58}}],"line":123},"15":{"loc":{"start":{"line":127,"column":29},"end":{"line":127,"column":50}},"type":"default-arg","locations":[{"start":{"line":127,"column":41},"end":{"line":127,"column":50}}],"line":127},"16":{"loc":{"start":{"line":128,"column":2},"end":{"line":131,"column":3}},"type":"if","locations":[{"start":{"line":128,"column":2},"end":{"line":131,"column":3}},{"start":{},"end":{}}],"line":128},"17":{"loc":{"start":{"line":128,"column":6},"end":{"line":128,"column":76}},"type":"binary-expr","locations":[{"start":{"line":128,"column":6},"end":{"line":128,"column":20}},{"start":{"line":128,"column":24},"end":{"line":128,"column":38}},{"start":{"line":128,"column":42},"end":{"line":128,"column":57}},{"start":{"line":128,"column":61},"end":{"line":128,"column":76}}],"line":128},"18":{"loc":{"start":{"line":130,"column":12},"end":{"line":130,"column":86}},"type":"binary-expr","locations":[{"start":{"line":130,"column":13},"end":{"line":130,"column":27}},{"start":{"line":130,"column":31},"end":{"line":130,"column":45}},{"start":{"line":130,"column":51},"end":{"line":130,"column":66}},{"start":{"line":130,"column":70},"end":{"line":130,"column":85}}],"line":130},"19":{"loc":{"start":{"line":132,"column":2},"end":{"line":132,"column":55}},"type":"if","locations":[{"start":{"line":132,"column":2},"end":{"line":132,"column":55}},{"start":{},"end":{}}],"line":132},"20":{"loc":{"start":{"line":132,"column":6},"end":{"line":132,"column":40}},"type":"binary-expr","locations":[{"start":{"line":132,"column":6},"end":{"line":132,"column":21}},{"start":{"line":132,"column":25},"end":{"line":132,"column":40}}],"line":132},"21":{"loc":{"start":{"line":134,"column":2},"end":{"line":138,"column":3}},"type":"if","locations":[{"start":{"line":134,"column":2},"end":{"line":138,"column":3}},{"start":{},"end":{}}],"line":134},"22":{"loc":{"start":{"line":155,"column":26},"end":{"line":155,"column":44}},"type":"default-arg","locations":[{"start":{"line":155,"column":43},"end":{"line":155,"column":44}}],"line":155},"23":{"loc":{"start":{"line":162,"column":2},"end":{"line":162,"column":40}},"type":"if","locations":[{"start":{"line":162,"column":2},"end":{"line":162,"column":40}},{"start":{},"end":{}}],"line":162},"24":{"loc":{"start":{"line":163,"column":2},"end":{"line":163,"column":25}},"type":"if","locations":[{"start":{"line":163,"column":2},"end":{"line":163,"column":25}},{"start":{},"end":{}}],"line":163},"25":{"loc":{"start":{"line":172,"column":2},"end":{"line":172,"column":57}},"type":"if","locations":[{"start":{"line":172,"column":2},"end":{"line":172,"column":57}},{"start":{},"end":{}}],"line":172},"26":{"loc":{"start":{"line":172,"column":6},"end":{"line":172,"column":43}},"type":"binary-expr","locations":[{"start":{"line":172,"column":6},"end":{"line":172,"column":22}},{"start":{"line":172,"column":26},"end":{"line":172,"column":43}}],"line":172},"27":{"loc":{"start":{"line":173,"column":2},"end":{"line":173,"column":40}},"type":"if","locations":[{"start":{"line":173,"column":2},"end":{"line":173,"column":40}},{"start":{},"end":{}}],"line":173}},"s":{"0":5,"1":5,"2":8,"3":0,"4":8,"5":5,"6":5,"7":3298,"8":3298,"9":3298,"10":3298,"11":3298,"12":1709,"13":1709,"14":3298,"15":1302,"16":1302,"17":3298,"18":3298,"19":248,"20":3050,"21":100,"22":100,"23":24,"24":76,"25":4,"26":72,"27":0,"28":0,"29":0,"30":0,"31":0,"32":0,"33":5,"34":0,"35":0,"36":0,"37":0,"38":0,"39":0,"40":15779,"41":956,"42":14823,"43":82,"44":14741,"45":14709,"46":14741,"47":42,"48":14797,"49":14797,"50":2,"51":14795,"52":13528,"53":1267,"54":37025,"55":137,"56":36888,"57":36803,"58":85},"f":{"0":8,"1":3298,"2":100,"3":0,"4":0,"5":15779,"6":42,"7":14797,"8":37025},"b":{"0":[0,8],"1":[1709,1589],"2":[3298,1757],"3":[1302,1996],"4":[3298,2144],"5":[248,3050],"6":[624,2426],"7":[24,76],"8":[4,72],"9":[0,0],"10":[0],"11":[0,0],"12":[0,0],"13":[0,0],"14":[0,0,0],"15":[15735],"16":[956,14823],"17":[15779,15138,15129,14824],"18":[956,641,948,305],"19":[82,14741],"20":[14823,14750],"21":[14709,32],"22":[21],"23":[2,14795],"24":[13528,1267],"25":[137,36888],"26":[37025,36902],"27":[36803,85]},"_coverageSchema":"1a1c01bbd47fc00a2c39e90264f33305004495a9","hash":"8ffeac7ff41d1f05e94446b955f6ca1472329e08"}
,"C:\\Users\\harri\\Developer\\Repositories\\Harxer\\geometry\\structures\\point.js": {"path":"C:\\Users\\harri\\Developer\\Repositories\\Harxer\\geometry\\structures\\point.js","statementMap":{"0":{"start":{"line":12,"column":4},"end":{"line":12,"column":83}},"1":{"start":{"line":12,"column":25},"end":{"line":12,"column":83}},"2":{"start":{"line":13,"column":4},"end":{"line":13,"column":83}},"3":{"start":{"line":13,"column":25},"end":{"line":13,"column":83}},"4":{"start":{"line":14,"column":4},"end":{"line":14,"column":16}},"5":{"start":{"line":15,"column":4},"end":{"line":15,"column":16}},"6":{"start":{"line":20,"column":4},"end":{"line":20,"column":19}},"7":{"start":{"line":23,"column":4},"end":{"line":23,"column":78}},"8":{"start":{"line":23,"column":27},"end":{"line":23,"column":78}},"9":{"start":{"line":24,"column":4},"end":{"line":24,"column":18}},"10":{"start":{"line":28,"column":4},"end":{"line":28,"column":19}},"11":{"start":{"line":31,"column":4},"end":{"line":31,"column":78}},"12":{"start":{"line":31,"column":27},"end":{"line":31,"column":78}},"13":{"start":{"line":32,"column":4},"end":{"line":32,"column":18}},"14":{"start":{"line":37,"column":4},"end":{"line":37,"column":39}},"15":{"start":{"line":42,"column":4},"end":{"line":42,"column":38}},"16":{"start":{"line":47,"column":4},"end":{"line":47,"column":41}},"17":{"start":{"line":47,"column":28},"end":{"line":47,"column":41}},"18":{"start":{"line":48,"column":4},"end":{"line":48,"column":82}},"19":{"start":{"line":56,"column":4},"end":{"line":56,"column":74}},"20":{"start":{"line":56,"column":34},"end":{"line":56,"column":74}},"21":{"start":{"line":57,"column":4},"end":{"line":57,"column":70}},"22":{"start":{"line":57,"column":58},"end":{"line":57,"column":70}},"23":{"start":{"line":58,"column":4},"end":{"line":64,"column":5}},"24":{"start":{"line":63,"column":8},"end":{"line":63,"column":21}},"25":{"start":{"line":65,"column":23},"end":{"line":65,"column":99}},"26":{"start":{"line":67,"column":4},"end":{"line":67,"column":138}},"27":{"start":{"line":67,"column":127},"end":{"line":67,"column":138}},"28":{"start":{"line":68,"column":4},"end":{"line":68,"column":17}},"29":{"start":{"line":73,"column":4},"end":{"line":73,"column":36}},"30":{"start":{"line":78,"column":4},"end":{"line":78,"column":34}},"31":{"start":{"line":83,"column":4},"end":{"line":83,"column":24}},"32":{"start":{"line":84,"column":4},"end":{"line":84,"column":24}},"33":{"start":{"line":85,"column":4},"end":{"line":85,"column":16}},"34":{"start":{"line":90,"column":4},"end":{"line":90,"column":24}},"35":{"start":{"line":91,"column":4},"end":{"line":91,"column":24}},"36":{"start":{"line":92,"column":4},"end":{"line":92,"column":16}},"37":{"start":{"line":101,"column":4},"end":{"line":101,"column":75}}},"fnMap":{"0":{"name":"(anonymous_0)","decl":{"start":{"line":11,"column":2},"end":{"line":11,"column":3}},"loc":{"start":{"line":11,"column":20},"end":{"line":16,"column":3}},"line":11},"1":{"name":"(anonymous_1)","decl":{"start":{"line":19,"column":2},"end":{"line":19,"column":3}},"loc":{"start":{"line":19,"column":10},"end":{"line":21,"column":3}},"line":19},"2":{"name":"(anonymous_2)","decl":{"start":{"line":22,"column":2},"end":{"line":22,"column":3}},"loc":{"start":{"line":22,"column":13},"end":{"line":25,"column":3}},"line":22},"3":{"name":"(anonymous_3)","decl":{"start":{"line":27,"column":2},"end":{"line":27,"column":3}},"loc":{"start":{"line":27,"column":10},"end":{"line":29,"column":3}},"line":27},"4":{"name":"(anonymous_4)","decl":{"start":{"line":30,"column":2},"end":{"line":30,"column":3}},"loc":{"start":{"line":30,"column":13},"end":{"line":33,"column":3}},"line":30},"5":{"name":"(anonymous_5)","decl":{"start":{"line":36,"column":2},"end":{"line":36,"column":3}},"loc":{"start":{"line":36,"column":13},"end":{"line":38,"column":3}},"line":36},"6":{"name":"(anonymous_6)","decl":{"start":{"line":41,"column":2},"end":{"line":41,"column":3}},"loc":{"start":{"line":41,"column":15},"end":{"line":43,"column":3}},"line":41},"7":{"name":"(anonymous_7)","decl":{"start":{"line":46,"column":2},"end":{"line":46,"column":3}},"loc":{"start":{"line":46,"column":38},"end":{"line":49,"column":3}},"line":46},"8":{"name":"(anonymous_8)","decl":{"start":{"line":55,"column":2},"end":{"line":55,"column":3}},"loc":{"start":{"line":55,"column":23},"end":{"line":69,"column":3}},"line":55},"9":{"name":"(anonymous_9)","decl":{"start":{"line":72,"column":2},"end":{"line":72,"column":3}},"loc":{"start":{"line":72,"column":14},"end":{"line":74,"column":3}},"line":72},"10":{"name":"(anonymous_10)","decl":{"start":{"line":77,"column":2},"end":{"line":77,"column":3}},"loc":{"start":{"line":77,"column":9},"end":{"line":79,"column":3}},"line":77},"11":{"name":"(anonymous_11)","decl":{"start":{"line":82,"column":2},"end":{"line":82,"column":3}},"loc":{"start":{"line":82,"column":14},"end":{"line":86,"column":3}},"line":82},"12":{"name":"(anonymous_12)","decl":{"start":{"line":89,"column":2},"end":{"line":89,"column":3}},"loc":{"start":{"line":89,"column":16},"end":{"line":93,"column":3}},"line":89},"13":{"name":"(anonymous_13)","decl":{"start":{"line":100,"column":2},"end":{"line":100,"column":3}},"loc":{"start":{"line":100,"column":31},"end":{"line":102,"column":3}},"line":100}},"branchMap":{"0":{"loc":{"start":{"line":12,"column":4},"end":{"line":12,"column":83}},"type":"if","locations":[{"start":{"line":12,"column":4},"end":{"line":12,"column":83}},{"start":{},"end":{}}],"line":12},"1":{"loc":{"start":{"line":13,"column":4},"end":{"line":13,"column":83}},"type":"if","locations":[{"start":{"line":13,"column":4},"end":{"line":13,"column":83}},{"start":{},"end":{}}],"line":13},"2":{"loc":{"start":{"line":23,"column":4},"end":{"line":23,"column":78}},"type":"if","locations":[{"start":{"line":23,"column":4},"end":{"line":23,"column":78}},{"start":{},"end":{}}],"line":23},"3":{"loc":{"start":{"line":31,"column":4},"end":{"line":31,"column":78}},"type":"if","locations":[{"start":{"line":31,"column":4},"end":{"line":31,"column":78}},{"start":{},"end":{}}],"line":31},"4":{"loc":{"start":{"line":46,"column":15},"end":{"line":46,"column":36}},"type":"default-arg","locations":[{"start":{"line":46,"column":27},"end":{"line":46,"column":36}}],"line":46},"5":{"loc":{"start":{"line":47,"column":4},"end":{"line":47,"column":41}},"type":"if","locations":[{"start":{"line":47,"column":4},"end":{"line":47,"column":41}},{"start":{},"end":{}}],"line":47},"6":{"loc":{"start":{"line":48,"column":11},"end":{"line":48,"column":81}},"type":"binary-expr","locations":[{"start":{"line":48,"column":11},"end":{"line":48,"column":44}},{"start":{"line":48,"column":48},"end":{"line":48,"column":81}}],"line":48},"7":{"loc":{"start":{"line":56,"column":4},"end":{"line":56,"column":74}},"type":"if","locations":[{"start":{"line":56,"column":4},"end":{"line":56,"column":74}},{"start":{},"end":{}}],"line":56},"8":{"loc":{"start":{"line":57,"column":4},"end":{"line":57,"column":70}},"type":"if","locations":[{"start":{"line":57,"column":4},"end":{"line":57,"column":70}},{"start":{},"end":{}}],"line":57},"9":{"loc":{"start":{"line":57,"column":8},"end":{"line":57,"column":56}},"type":"binary-expr","locations":[{"start":{"line":57,"column":8},"end":{"line":57,"column":30}},{"start":{"line":57,"column":34},"end":{"line":57,"column":56}}],"line":57},"10":{"loc":{"start":{"line":58,"column":4},"end":{"line":64,"column":5}},"type":"if","locations":[{"start":{"line":58,"column":4},"end":{"line":64,"column":5}},{"start":{},"end":{}}],"line":58},"11":{"loc":{"start":{"line":59,"column":6},"end":{"line":62,"column":49}},"type":"binary-expr","locations":[{"start":{"line":59,"column":6},"end":{"line":59,"column":49}},{"start":{"line":60,"column":6},"end":{"line":60,"column":49}},{"start":{"line":61,"column":6},"end":{"line":61,"column":49}},{"start":{"line":62,"column":6},"end":{"line":62,"column":49}}],"line":59},"12":{"loc":{"start":{"line":67,"column":4},"end":{"line":67,"column":138}},"type":"if","locations":[{"start":{"line":67,"column":4},"end":{"line":67,"column":138}},{"start":{},"end":{}}],"line":67},"13":{"loc":{"start":{"line":101,"column":11},"end":{"line":101,"column":74}},"type":"binary-expr","locations":[{"start":{"line":101,"column":11},"end":{"line":101,"column":41}},{"start":{"line":101,"column":45},"end":{"line":101,"column":74}}],"line":101}},"s":{"0":2209,"1":0,"2":2209,"3":0,"4":2209,"5":2209,"6":21236,"7":0,"8":0,"9":0,"10":19456,"11":0,"12":0,"13":0,"14":924,"15":237,"16":1028,"17":0,"18":1028,"19":308,"20":0,"21":308,"22":23,"23":285,"24":248,"25":37,"26":37,"27":17,"28":20,"29":12,"30":0,"31":62,"32":62,"33":62,"34":238,"35":238,"36":238,"37":696},"f":{"0":2209,"1":21236,"2":0,"3":19456,"4":0,"5":924,"6":237,"7":1028,"8":308,"9":12,"10":0,"11":62,"12":238,"13":696},"b":{"0":[0,2209],"1":[0,2209],"2":[0,0],"3":[0,0],"4":[1027],"5":[0,1028],"6":[1028,448],"7":[0,308],"8":[23,285],"9":[308,296],"10":[248,37],"11":[285,237,156,100],"12":[17,20],"13":[696,696]},"_coverageSchema":"1a1c01bbd47fc00a2c39e90264f33305004495a9","hash":"64e2aa0a1ff9e4ac3da6893c0eb7289cff2ebc37"}
,"C:\\Users\\harri\\Developer\\Repositories\\Harxer\\geometry\\structures\\polygon.js": {"path":"C:\\Users\\harri\\Developer\\Repositories\\Harxer\\geometry\\structures\\polygon.js","statementMap":{"0":{"start":{"line":12,"column":4},"end":{"line":12,"column":101}},"1":{"start":{"line":12,"column":34},"end":{"line":12,"column":101}},"2":{"start":{"line":13,"column":4},"end":{"line":13,"column":123}},"3":{"start":{"line":13,"column":30},"end":{"line":13,"column":123}},"4":{"start":{"line":15,"column":4},"end":{"line":15,"column":24}},"5":{"start":{"line":16,"column":4},"end":{"line":23,"column":5}},"6":{"start":{"line":17,"column":6},"end":{"line":21,"column":7}},"7":{"start":{"line":18,"column":8},"end":{"line":18,"column":113}},"8":{"start":{"line":18,"column":36},"end":{"line":18,"column":113}},"9":{"start":{"line":19,"column":8},"end":{"line":19,"column":113}},"10":{"start":{"line":19,"column":36},"end":{"line":19,"column":113}},"11":{"start":{"line":20,"column":8},"end":{"line":20,"column":47}},"12":{"start":{"line":22,"column":6},"end":{"line":22,"column":34}},"13":{"start":{"line":25,"column":25},"end":{"line":25,"column":27}},"14":{"start":{"line":27,"column":4},"end":{"line":51,"column":5}},"15":{"start":{"line":27,"column":22},"end":{"line":27,"column":23}},"16":{"start":{"line":28,"column":6},"end":{"line":50,"column":7}},"17":{"start":{"line":28,"column":24},"end":{"line":28,"column":34}},"18":{"start":{"line":30,"column":8},"end":{"line":49,"column":9}},"19":{"start":{"line":32,"column":10},"end":{"line":40,"column":11}},"20":{"start":{"line":33,"column":12},"end":{"line":39,"column":13}},"21":{"start":{"line":35,"column":14},"end":{"line":35,"column":46}},"22":{"start":{"line":38,"column":14},"end":{"line":38,"column":149}},"23":{"start":{"line":42,"column":15},"end":{"line":49,"column":9}},"24":{"start":{"line":44,"column":10},"end":{"line":46,"column":11}},"25":{"start":{"line":45,"column":12},"end":{"line":45,"column":145}},"26":{"start":{"line":47,"column":15},"end":{"line":49,"column":9}},"27":{"start":{"line":48,"column":10},"end":{"line":48,"column":136}},"28":{"start":{"line":52,"column":4},"end":{"line":58,"column":5}},"29":{"start":{"line":54,"column":6},"end":{"line":54,"column":84}},"30":{"start":{"line":54,"column":55},"end":{"line":54,"column":82}},"31":{"start":{"line":56,"column":6},"end":{"line":56,"column":30}},"32":{"start":{"line":57,"column":6},"end":{"line":57,"column":17}},"33":{"start":{"line":61,"column":4},"end":{"line":61,"column":19}},"34":{"start":{"line":73,"column":4},"end":{"line":73,"column":51}},"35":{"start":{"line":77,"column":4},"end":{"line":77,"column":26}},"36":{"start":{"line":79,"column":20},"end":{"line":79,"column":81}},"37":{"start":{"line":83,"column":4},"end":{"line":90,"column":5}},"38":{"start":{"line":84,"column":18},"end":{"line":84,"column":20}},"39":{"start":{"line":85,"column":6},"end":{"line":87,"column":8}},"40":{"start":{"line":86,"column":8},"end":{"line":86,"column":86}},"41":{"start":{"line":88,"column":6},"end":{"line":88,"column":47}},"42":{"start":{"line":88,"column":28},"end":{"line":88,"column":46}},"43":{"start":{"line":89,"column":6},"end":{"line":89,"column":25}},"44":{"start":{"line":91,"column":4},"end":{"line":91,"column":23}},"45":{"start":{"line":93,"column":17},"end":{"line":93,"column":73}},"46":{"start":{"line":97,"column":4},"end":{"line":100,"column":5}},"47":{"start":{"line":98,"column":24},"end":{"line":98,"column":123}},"48":{"start":{"line":98,"column":66},"end":{"line":98,"column":107}},"49":{"start":{"line":99,"column":6},"end":{"line":99,"column":113}},"50":{"start":{"line":101,"column":4},"end":{"line":101,"column":30}},"51":{"start":{"line":103,"column":24},"end":{"line":103,"column":87}},"52":{"start":{"line":107,"column":4},"end":{"line":110,"column":5}},"53":{"start":{"line":108,"column":31},"end":{"line":108,"column":145}},"54":{"start":{"line":108,"column":74},"end":{"line":108,"column":141}},"55":{"start":{"line":109,"column":6},"end":{"line":109,"column":57}},"56":{"start":{"line":111,"column":4},"end":{"line":111,"column":30}},"57":{"start":{"line":113,"column":24},"end":{"line":113,"column":87}},"58":{"start":{"line":117,"column":4},"end":{"line":126,"column":5}},"59":{"start":{"line":118,"column":25},"end":{"line":118,"column":113}},"60":{"start":{"line":118,"column":58},"end":{"line":118,"column":109}},"61":{"start":{"line":124,"column":6},"end":{"line":124,"column":94}},"62":{"start":{"line":124,"column":35},"end":{"line":124,"column":94}},"63":{"start":{"line":125,"column":6},"end":{"line":125,"column":42}},"64":{"start":{"line":127,"column":4},"end":{"line":127,"column":27}},"65":{"start":{"line":129,"column":21},"end":{"line":129,"column":87}},"66":{"start":{"line":130,"column":27},"end":{"line":130,"column":50}},"67":{"start":{"line":131,"column":28},"end":{"line":131,"column":101}},"68":{"start":{"line":135,"column":4},"end":{"line":135,"column":38}},"69":{"start":{"line":146,"column":21},"end":{"line":146,"column":58}},"70":{"start":{"line":147,"column":16},"end":{"line":147,"column":17}},"71":{"start":{"line":148,"column":4},"end":{"line":158,"column":5}},"72":{"start":{"line":148,"column":17},"end":{"line":148,"column":18}},"73":{"start":{"line":149,"column":17},"end":{"line":149,"column":30}},"74":{"start":{"line":151,"column":6},"end":{"line":151,"column":60}},"75":{"start":{"line":151,"column":31},"end":{"line":151,"column":60}},"76":{"start":{"line":152,"column":6},"end":{"line":157,"column":7}},"77":{"start":{"line":154,"column":8},"end":{"line":156,"column":9}},"78":{"start":{"line":155,"column":10},"end":{"line":155,"column":20}},"79":{"start":{"line":159,"column":4},"end":{"line":159,"column":53}},"80":{"start":{"line":159,"column":24},"end":{"line":159,"column":53}},"81":{"start":{"line":160,"column":4},"end":{"line":160,"column":26}},"82":{"start":{"line":164,"column":4},"end":{"line":166,"column":5}},"83":{"start":{"line":164,"column":17},"end":{"line":164,"column":18}},"84":{"start":{"line":165,"column":6},"end":{"line":165,"column":61}},"85":{"start":{"line":165,"column":49},"end":{"line":165,"column":61}},"86":{"start":{"line":167,"column":4},"end":{"line":167,"column":15}},"87":{"start":{"line":177,"column":25},"end":{"line":177,"column":83}},"88":{"start":{"line":178,"column":4},"end":{"line":178,"column":91}},"89":{"start":{"line":178,"column":78},"end":{"line":178,"column":91}},"90":{"start":{"line":180,"column":4},"end":{"line":180,"column":91}},"91":{"start":{"line":180,"column":35},"end":{"line":180,"column":89}},"92":{"start":{"line":180,"column":63},"end":{"line":180,"column":88}},"93":{"start":{"line":185,"column":4},"end":{"line":185,"column":29}},"94":{"start":{"line":186,"column":4},"end":{"line":186,"column":53}},"95":{"start":{"line":187,"column":4},"end":{"line":187,"column":28}},"96":{"start":{"line":188,"column":4},"end":{"line":188,"column":39}},"97":{"start":{"line":189,"column":4},"end":{"line":189,"column":16}},"98":{"start":{"line":197,"column":15},"end":{"line":197,"column":19}},"99":{"start":{"line":199,"column":20},"end":{"line":204,"column":5}},"100":{"start":{"line":202,"column":8},"end":{"line":202,"column":55}},"101":{"start":{"line":205,"column":19},"end":{"line":217,"column":5}},"102":{"start":{"line":208,"column":26},"end":{"line":208,"column":85}},"103":{"start":{"line":209,"column":21},"end":{"line":209,"column":66}},"104":{"start":{"line":210,"column":25},"end":{"line":210,"column":74}},"105":{"start":{"line":211,"column":29},"end":{"line":211,"column":74}},"106":{"start":{"line":214,"column":8},"end":{"line":214,"column":45}},"107":{"start":{"line":215,"column":8},"end":{"line":215,"column":29}},"108":{"start":{"line":220,"column":4},"end":{"line":220,"column":84}},"109":{"start":{"line":220,"column":55},"end":{"line":220,"column":82}},"110":{"start":{"line":221,"column":4},"end":{"line":227,"column":5}},"111":{"start":{"line":223,"column":6},"end":{"line":223,"column":86}},"112":{"start":{"line":223,"column":57},"end":{"line":223,"column":84}},"113":{"start":{"line":224,"column":6},"end":{"line":224,"column":30}},"114":{"start":{"line":226,"column":6},"end":{"line":226,"column":30}},"115":{"start":{"line":228,"column":4},"end":{"line":228,"column":41}},"116":{"start":{"line":231,"column":27},"end":{"line":231,"column":45}},"117":{"start":{"line":232,"column":4},"end":{"line":280,"column":52}},"118":{"start":{"line":233,"column":17},"end":{"line":233,"column":67}},"119":{"start":{"line":235,"column":6},"end":{"line":238,"column":7}},"120":{"start":{"line":236,"column":8},"end":{"line":236,"column":44}},"121":{"start":{"line":237,"column":8},"end":{"line":237,"column":17}},"122":{"start":{"line":241,"column":37},"end":{"line":244,"column":12}},"123":{"start":{"line":242,"column":8},"end":{"line":242,"column":63}},"124":{"start":{"line":242,"column":40},"end":{"line":242,"column":63}},"125":{"start":{"line":243,"column":8},"end":{"line":243,"column":21}},"126":{"start":{"line":246,"column":6},"end":{"line":251,"column":7}},"127":{"start":{"line":248,"column":8},"end":{"line":248,"column":44}},"128":{"start":{"line":249,"column":8},"end":{"line":249,"column":45}},"129":{"start":{"line":250,"column":8},"end":{"line":250,"column":17}},"130":{"start":{"line":254,"column":32},"end":{"line":264,"column":30}},"131":{"start":{"line":255,"column":32},"end":{"line":255,"column":95}},"132":{"start":{"line":256,"column":8},"end":{"line":258,"column":9}},"133":{"start":{"line":257,"column":10},"end":{"line":257,"column":72}},"134":{"start":{"line":259,"column":8},"end":{"line":259,"column":70}},"135":{"start":{"line":259,"column":58},"end":{"line":259,"column":70}},"136":{"start":{"line":260,"column":23},"end":{"line":260,"column":82}},"137":{"start":{"line":262,"column":8},"end":{"line":262,"column":101}},"138":{"start":{"line":262,"column":38},"end":{"line":262,"column":101}},"139":{"start":{"line":263,"column":8},"end":{"line":263,"column":20}},"140":{"start":{"line":266,"column":6},"end":{"line":271,"column":7}},"141":{"start":{"line":268,"column":8},"end":{"line":268,"column":44}},"142":{"start":{"line":269,"column":8},"end":{"line":269,"column":45}},"143":{"start":{"line":270,"column":8},"end":{"line":270,"column":17}},"144":{"start":{"line":273,"column":6},"end":{"line":273,"column":55}},"145":{"start":{"line":274,"column":6},"end":{"line":274,"column":54}},"146":{"start":{"line":281,"column":4},"end":{"line":281,"column":26}},"147":{"start":{"line":283,"column":4},"end":{"line":283,"column":41}},"148":{"start":{"line":293,"column":4},"end":{"line":293,"column":49}},"149":{"start":{"line":293,"column":36},"end":{"line":293,"column":49}},"150":{"start":{"line":295,"column":18},"end":{"line":302,"column":28}},"151":{"start":{"line":296,"column":6},"end":{"line":296,"column":51}},"152":{"start":{"line":296,"column":35},"end":{"line":296,"column":51}},"153":{"start":{"line":297,"column":29},"end":{"line":297,"column":64}},"154":{"start":{"line":298,"column":26},"end":{"line":298,"column":62}},"155":{"start":{"line":299,"column":6},"end":{"line":299,"column":89}},"156":{"start":{"line":299,"column":42},"end":{"line":299,"column":89}},"157":{"start":{"line":300,"column":21},"end":{"line":300,"column":49}},"158":{"start":{"line":301,"column":6},"end":{"line":301,"column":92}},"159":{"start":{"line":304,"column":4},"end":{"line":310,"column":5}},"160":{"start":{"line":309,"column":6},"end":{"line":309,"column":80}},"161":{"start":{"line":314,"column":4},"end":{"line":335,"column":5}},"162":{"start":{"line":317,"column":6},"end":{"line":332,"column":7}},"163":{"start":{"line":318,"column":25},"end":{"line":318,"column":91}},"164":{"start":{"line":319,"column":20},"end":{"line":319,"column":88}},"165":{"start":{"line":321,"column":8},"end":{"line":321,"column":130}},"166":{"start":{"line":324,"column":11},"end":{"line":332,"column":7}},"167":{"start":{"line":325,"column":25},"end":{"line":325,"column":120}},"168":{"start":{"line":326,"column":8},"end":{"line":326,"column":139}},"169":{"start":{"line":330,"column":8},"end":{"line":330,"column":66}},"170":{"start":{"line":331,"column":8},"end":{"line":331,"column":48}},"171":{"start":{"line":331,"column":28},"end":{"line":331,"column":48}},"172":{"start":{"line":333,"column":6},"end":{"line":333,"column":45}},"173":{"start":{"line":334,"column":6},"end":{"line":334,"column":42}},"174":{"start":{"line":336,"column":4},"end":{"line":336,"column":80}},"175":{"start":{"line":348,"column":12},"end":{"line":348,"column":81}},"176":{"start":{"line":349,"column":4},"end":{"line":349,"column":29}},"177":{"start":{"line":350,"column":16},"end":{"line":350,"column":79}},"178":{"start":{"line":351,"column":16},"end":{"line":351,"column":61}},"179":{"start":{"line":352,"column":17},"end":{"line":352,"column":67}},"180":{"start":{"line":353,"column":17},"end":{"line":353,"column":67}},"181":{"start":{"line":354,"column":17},"end":{"line":354,"column":44}},"182":{"start":{"line":355,"column":4},"end":{"line":355,"column":82}},"183":{"start":{"line":363,"column":4},"end":{"line":363,"column":51}},"184":{"start":{"line":363,"column":34},"end":{"line":363,"column":51}},"185":{"start":{"line":364,"column":27},"end":{"line":364,"column":29}},"186":{"start":{"line":365,"column":4},"end":{"line":382,"column":5}},"187":{"start":{"line":365,"column":17},"end":{"line":365,"column":18}},"188":{"start":{"line":366,"column":15},"end":{"line":366,"column":31}},"189":{"start":{"line":367,"column":15},"end":{"line":367,"column":58}},"190":{"start":{"line":368,"column":15},"end":{"line":368,"column":78}},"191":{"start":{"line":370,"column":17},"end":{"line":370,"column":67}},"192":{"start":{"line":371,"column":17},"end":{"line":371,"column":67}},"193":{"start":{"line":372,"column":18},"end":{"line":372,"column":50}},"194":{"start":{"line":373,"column":18},"end":{"line":373,"column":41}},"195":{"start":{"line":374,"column":6},"end":{"line":374,"column":47}},"196":{"start":{"line":374,"column":22},"end":{"line":374,"column":47}},"197":{"start":{"line":375,"column":25},"end":{"line":375,"column":47}},"198":{"start":{"line":376,"column":6},"end":{"line":381,"column":8}},"199":{"start":{"line":383,"column":4},"end":{"line":383,"column":41}},"200":{"start":{"line":388,"column":4},"end":{"line":388,"column":26}},"201":{"start":{"line":393,"column":4},"end":{"line":395,"column":5}},"202":{"start":{"line":394,"column":6},"end":{"line":394,"column":85}},"203":{"start":{"line":394,"column":46},"end":{"line":394,"column":83}},"204":{"start":{"line":396,"column":4},"end":{"line":396,"column":25}},"205":{"start":{"line":400,"column":4},"end":{"line":400,"column":69}},"206":{"start":{"line":400,"column":39},"end":{"line":400,"column":57}},"207":{"start":{"line":405,"column":4},"end":{"line":405,"column":54}},"208":{"start":{"line":405,"column":39},"end":{"line":405,"column":52}},"209":{"start":{"line":410,"column":4},"end":{"line":410,"column":79}},"210":{"start":{"line":410,"column":46},"end":{"line":410,"column":77}}},"fnMap":{"0":{"name":"(anonymous_0)","decl":{"start":{"line":11,"column":2},"end":{"line":11,"column":3}},"loc":{"start":{"line":11,"column":31},"end":{"line":74,"column":3}},"line":11},"1":{"name":"(anonymous_1)","decl":{"start":{"line":54,"column":45},"end":{"line":54,"column":46}},"loc":{"start":{"line":54,"column":55},"end":{"line":54,"column":82}},"line":54},"2":{"name":"(anonymous_2)","decl":{"start":{"line":76,"column":2},"end":{"line":76,"column":3}},"loc":{"start":{"line":76,"column":17},"end":{"line":78,"column":3}},"line":76},"3":{"name":"(anonymous_3)","decl":{"start":{"line":79,"column":2},"end":{"line":79,"column":3}},"loc":{"start":{"line":79,"column":18},"end":{"line":79,"column":83}},"line":79},"4":{"name":"(anonymous_4)","decl":{"start":{"line":82,"column":2},"end":{"line":82,"column":3}},"loc":{"start":{"line":82,"column":14},"end":{"line":92,"column":3}},"line":82},"5":{"name":"(anonymous_5)","decl":{"start":{"line":85,"column":28},"end":{"line":85,"column":29}},"loc":{"start":{"line":85,"column":43},"end":{"line":87,"column":7}},"line":85},"6":{"name":"(anonymous_6)","decl":{"start":{"line":88,"column":20},"end":{"line":88,"column":21}},"loc":{"start":{"line":88,"column":28},"end":{"line":88,"column":46}},"line":88},"7":{"name":"(anonymous_7)","decl":{"start":{"line":93,"column":2},"end":{"line":93,"column":3}},"loc":{"start":{"line":93,"column":15},"end":{"line":93,"column":75}},"line":93},"8":{"name":"(anonymous_8)","decl":{"start":{"line":96,"column":2},"end":{"line":96,"column":3}},"loc":{"start":{"line":96,"column":21},"end":{"line":102,"column":3}},"line":96},"9":{"name":"(anonymous_9)","decl":{"start":{"line":98,"column":45},"end":{"line":98,"column":46}},"loc":{"start":{"line":98,"column":65},"end":{"line":98,"column":108}},"line":98},"10":{"name":"(anonymous_10)","decl":{"start":{"line":103,"column":2},"end":{"line":103,"column":3}},"loc":{"start":{"line":103,"column":22},"end":{"line":103,"column":89}},"line":103},"11":{"name":"(anonymous_11)","decl":{"start":{"line":106,"column":2},"end":{"line":106,"column":3}},"loc":{"start":{"line":106,"column":21},"end":{"line":112,"column":3}},"line":106},"12":{"name":"(anonymous_12)","decl":{"start":{"line":108,"column":52},"end":{"line":108,"column":53}},"loc":{"start":{"line":108,"column":74},"end":{"line":108,"column":141}},"line":108},"13":{"name":"(anonymous_13)","decl":{"start":{"line":113,"column":2},"end":{"line":113,"column":3}},"loc":{"start":{"line":113,"column":22},"end":{"line":113,"column":89}},"line":113},"14":{"name":"(anonymous_14)","decl":{"start":{"line":116,"column":2},"end":{"line":116,"column":3}},"loc":{"start":{"line":116,"column":18},"end":{"line":128,"column":3}},"line":116},"15":{"name":"(anonymous_15)","decl":{"start":{"line":118,"column":43},"end":{"line":118,"column":44}},"loc":{"start":{"line":118,"column":58},"end":{"line":118,"column":109}},"line":118},"16":{"name":"(anonymous_16)","decl":{"start":{"line":129,"column":2},"end":{"line":129,"column":3}},"loc":{"start":{"line":129,"column":19},"end":{"line":129,"column":89}},"line":129},"17":{"name":"(anonymous_17)","decl":{"start":{"line":130,"column":2},"end":{"line":130,"column":3}},"loc":{"start":{"line":130,"column":25},"end":{"line":130,"column":52}},"line":130},"18":{"name":"(anonymous_18)","decl":{"start":{"line":131,"column":2},"end":{"line":131,"column":3}},"loc":{"start":{"line":131,"column":26},"end":{"line":131,"column":103}},"line":131},"19":{"name":"(anonymous_19)","decl":{"start":{"line":134,"column":2},"end":{"line":134,"column":3}},"loc":{"start":{"line":134,"column":13},"end":{"line":136,"column":3}},"line":134},"20":{"name":"(anonymous_20)","decl":{"start":{"line":145,"column":2},"end":{"line":145,"column":3}},"loc":{"start":{"line":145,"column":19},"end":{"line":161,"column":3}},"line":145},"21":{"name":"(anonymous_21)","decl":{"start":{"line":163,"column":2},"end":{"line":163,"column":3}},"loc":{"start":{"line":163,"column":17},"end":{"line":168,"column":3}},"line":163},"22":{"name":"(anonymous_22)","decl":{"start":{"line":176,"column":2},"end":{"line":176,"column":3}},"loc":{"start":{"line":176,"column":17},"end":{"line":181,"column":3}},"line":176},"23":{"name":"(anonymous_23)","decl":{"start":{"line":180,"column":27},"end":{"line":180,"column":28}},"loc":{"start":{"line":180,"column":35},"end":{"line":180,"column":89}},"line":180},"24":{"name":"(anonymous_24)","decl":{"start":{"line":180,"column":51},"end":{"line":180,"column":52}},"loc":{"start":{"line":180,"column":63},"end":{"line":180,"column":88}},"line":180},"25":{"name":"(anonymous_25)","decl":{"start":{"line":184,"column":2},"end":{"line":184,"column":3}},"loc":{"start":{"line":184,"column":12},"end":{"line":190,"column":3}},"line":184},"26":{"name":"(anonymous_26)","decl":{"start":{"line":196,"column":2},"end":{"line":196,"column":3}},"loc":{"start":{"line":196,"column":14},"end":{"line":284,"column":3}},"line":196},"27":{"name":"(anonymous_27)","decl":{"start":{"line":201,"column":6},"end":{"line":201,"column":7}},"loc":{"start":{"line":201,"column":23},"end":{"line":203,"column":7}},"line":201},"28":{"name":"(anonymous_28)","decl":{"start":{"line":208,"column":6},"end":{"line":208,"column":7}},"loc":{"start":{"line":208,"column":24},"end":{"line":208,"column":87}},"line":208},"29":{"name":"(anonymous_29)","decl":{"start":{"line":209,"column":6},"end":{"line":209,"column":7}},"loc":{"start":{"line":209,"column":19},"end":{"line":209,"column":68}},"line":209},"30":{"name":"(anonymous_30)","decl":{"start":{"line":210,"column":6},"end":{"line":210,"column":7}},"loc":{"start":{"line":210,"column":23},"end":{"line":210,"column":76}},"line":210},"31":{"name":"(anonymous_31)","decl":{"start":{"line":211,"column":6},"end":{"line":211,"column":7}},"loc":{"start":{"line":211,"column":27},"end":{"line":211,"column":76}},"line":211},"32":{"name":"(anonymous_32)","decl":{"start":{"line":213,"column":6},"end":{"line":213,"column":7}},"loc":{"start":{"line":213,"column":27},"end":{"line":216,"column":7}},"line":213},"33":{"name":"(anonymous_33)","decl":{"start":{"line":220,"column":45},"end":{"line":220,"column":46}},"loc":{"start":{"line":220,"column":55},"end":{"line":220,"column":82}},"line":220},"34":{"name":"(anonymous_34)","decl":{"start":{"line":223,"column":47},"end":{"line":223,"column":48}},"loc":{"start":{"line":223,"column":57},"end":{"line":223,"column":84}},"line":223},"35":{"name":"(anonymous_35)","decl":{"start":{"line":241,"column":72},"end":{"line":241,"column":73}},"loc":{"start":{"line":241,"column":106},"end":{"line":244,"column":7}},"line":241},"36":{"name":"(anonymous_36)","decl":{"start":{"line":254,"column":64},"end":{"line":254,"column":65}},"loc":{"start":{"line":254,"column":86},"end":{"line":264,"column":7}},"line":254},"37":{"name":"(anonymous_37)","decl":{"start":{"line":292,"column":2},"end":{"line":292,"column":3}},"loc":{"start":{"line":292,"column":60},"end":{"line":337,"column":3}},"line":292},"38":{"name":"(anonymous_38)","decl":{"start":{"line":295,"column":36},"end":{"line":295,"column":37}},"loc":{"start":{"line":295,"column":59},"end":{"line":302,"column":5}},"line":295},"39":{"name":"(anonymous_39)","decl":{"start":{"line":347,"column":2},"end":{"line":347,"column":3}},"loc":{"start":{"line":347,"column":30},"end":{"line":356,"column":3}},"line":347},"40":{"name":"(anonymous_40)","decl":{"start":{"line":362,"column":2},"end":{"line":362,"column":3}},"loc":{"start":{"line":362,"column":33},"end":{"line":384,"column":3}},"line":362},"41":{"name":"(anonymous_41)","decl":{"start":{"line":387,"column":2},"end":{"line":387,"column":3}},"loc":{"start":{"line":387,"column":11},"end":{"line":389,"column":3}},"line":387},"42":{"name":"(anonymous_42)","decl":{"start":{"line":392,"column":2},"end":{"line":392,"column":3}},"loc":{"start":{"line":392,"column":12},"end":{"line":397,"column":3}},"line":392},"43":{"name":"(anonymous_43)","decl":{"start":{"line":394,"column":41},"end":{"line":394,"column":42}},"loc":{"start":{"line":394,"column":46},"end":{"line":394,"column":83}},"line":394},"44":{"name":"(anonymous_44)","decl":{"start":{"line":399,"column":2},"end":{"line":399,"column":3}},"loc":{"start":{"line":399,"column":14},"end":{"line":401,"column":3}},"line":399},"45":{"name":"(anonymous_45)","decl":{"start":{"line":400,"column":29},"end":{"line":400,"column":30}},"loc":{"start":{"line":400,"column":39},"end":{"line":400,"column":57}},"line":400},"46":{"name":"(anonymous_46)","decl":{"start":{"line":404,"column":2},"end":{"line":404,"column":3}},"loc":{"start":{"line":404,"column":9},"end":{"line":406,"column":3}},"line":404},"47":{"name":"(anonymous_47)","decl":{"start":{"line":405,"column":29},"end":{"line":405,"column":30}},"loc":{"start":{"line":405,"column":39},"end":{"line":405,"column":52}},"line":405},"48":{"name":"(anonymous_48)","decl":{"start":{"line":409,"column":2},"end":{"line":409,"column":3}},"loc":{"start":{"line":409,"column":15},"end":{"line":411,"column":3}},"line":409},"49":{"name":"(anonymous_49)","decl":{"start":{"line":410,"column":31},"end":{"line":410,"column":32}},"loc":{"start":{"line":410,"column":46},"end":{"line":410,"column":77}},"line":410}},"branchMap":{"0":{"loc":{"start":{"line":12,"column":4},"end":{"line":12,"column":101}},"type":"if","locations":[{"start":{"line":12,"column":4},"end":{"line":12,"column":101}},{"start":{},"end":{}}],"line":12},"1":{"loc":{"start":{"line":13,"column":4},"end":{"line":13,"column":123}},"type":"if","locations":[{"start":{"line":13,"column":4},"end":{"line":13,"column":123}},{"start":{},"end":{}}],"line":13},"2":{"loc":{"start":{"line":17,"column":6},"end":{"line":21,"column":7}},"type":"if","locations":[{"start":{"line":17,"column":6},"end":{"line":21,"column":7}},{"start":{},"end":{}}],"line":17},"3":{"loc":{"start":{"line":18,"column":8},"end":{"line":18,"column":113}},"type":"if","locations":[{"start":{"line":18,"column":8},"end":{"line":18,"column":113}},{"start":{},"end":{}}],"line":18},"4":{"loc":{"start":{"line":19,"column":8},"end":{"line":19,"column":113}},"type":"if","locations":[{"start":{"line":19,"column":8},"end":{"line":19,"column":113}},{"start":{},"end":{}}],"line":19},"5":{"loc":{"start":{"line":30,"column":8},"end":{"line":49,"column":9}},"type":"if","locations":[{"start":{"line":30,"column":8},"end":{"line":49,"column":9}},{"start":{"line":42,"column":15},"end":{"line":49,"column":9}}],"line":30},"6":{"loc":{"start":{"line":32,"column":10},"end":{"line":40,"column":11}},"type":"if","locations":[{"start":{"line":32,"column":10},"end":{"line":40,"column":11}},{"start":{},"end":{}}],"line":32},"7":{"loc":{"start":{"line":33,"column":12},"end":{"line":39,"column":13}},"type":"if","locations":[{"start":{"line":33,"column":12},"end":{"line":39,"column":13}},{"start":{"line":36,"column":19},"end":{"line":39,"column":13}}],"line":33},"8":{"loc":{"start":{"line":42,"column":15},"end":{"line":49,"column":9}},"type":"if","locations":[{"start":{"line":42,"column":15},"end":{"line":49,"column":9}},{"start":{"line":47,"column":15},"end":{"line":49,"column":9}}],"line":42},"9":{"loc":{"start":{"line":42,"column":19},"end":{"line":42,"column":67}},"type":"binary-expr","locations":[{"start":{"line":42,"column":19},"end":{"line":42,"column":31}},{"start":{"line":42,"column":35},"end":{"line":42,"column":67}}],"line":42},"10":{"loc":{"start":{"line":44,"column":10},"end":{"line":46,"column":11}},"type":"if","locations":[{"start":{"line":44,"column":10},"end":{"line":46,"column":11}},{"start":{},"end":{}}],"line":44},"11":{"loc":{"start":{"line":47,"column":15},"end":{"line":49,"column":9}},"type":"if","locations":[{"start":{"line":47,"column":15},"end":{"line":49,"column":9}},{"start":{},"end":{}}],"line":47},"12":{"loc":{"start":{"line":52,"column":4},"end":{"line":58,"column":5}},"type":"if","locations":[{"start":{"line":52,"column":4},"end":{"line":58,"column":5}},{"start":{},"end":{}}],"line":52},"13":{"loc":{"start":{"line":73,"column":17},"end":{"line":73,"column":51}},"type":"cond-expr","locations":[{"start":{"line":73,"column":41},"end":{"line":73,"column":43}},{"start":{"line":73,"column":46},"end":{"line":73,"column":51}}],"line":73},"14":{"loc":{"start":{"line":83,"column":4},"end":{"line":90,"column":5}},"type":"if","locations":[{"start":{"line":83,"column":4},"end":{"line":90,"column":5}},{"start":{},"end":{}}],"line":83},"15":{"loc":{"start":{"line":97,"column":4},"end":{"line":100,"column":5}},"type":"if","locations":[{"start":{"line":97,"column":4},"end":{"line":100,"column":5}},{"start":{},"end":{}}],"line":97},"16":{"loc":{"start":{"line":107,"column":4},"end":{"line":110,"column":5}},"type":"if","locations":[{"start":{"line":107,"column":4},"end":{"line":110,"column":5}},{"start":{},"end":{}}],"line":107},"17":{"loc":{"start":{"line":117,"column":4},"end":{"line":126,"column":5}},"type":"if","locations":[{"start":{"line":117,"column":4},"end":{"line":126,"column":5}},{"start":{},"end":{}}],"line":117},"18":{"loc":{"start":{"line":124,"column":6},"end":{"line":124,"column":94}},"type":"if","locations":[{"start":{"line":124,"column":6},"end":{"line":124,"column":94}},{"start":{},"end":{}}],"line":124},"19":{"loc":{"start":{"line":151,"column":6},"end":{"line":151,"column":60}},"type":"if","locations":[{"start":{"line":151,"column":6},"end":{"line":151,"column":60}},{"start":{},"end":{}}],"line":151},"20":{"loc":{"start":{"line":152,"column":6},"end":{"line":157,"column":7}},"type":"if","locations":[{"start":{"line":152,"column":6},"end":{"line":157,"column":7}},{"start":{},"end":{}}],"line":152},"21":{"loc":{"start":{"line":154,"column":8},"end":{"line":156,"column":9}},"type":"if","locations":[{"start":{"line":154,"column":8},"end":{"line":156,"column":9}},{"start":{},"end":{}}],"line":154},"22":{"loc":{"start":{"line":154,"column":12},"end":{"line":154,"column":132}},"type":"binary-expr","locations":[{"start":{"line":154,"column":12},"end":{"line":154,"column":54}},{"start":{"line":154,"column":59},"end":{"line":154,"column":100}},{"start":{"line":154,"column":104},"end":{"line":154,"column":131}}],"line":154},"23":{"loc":{"start":{"line":159,"column":4},"end":{"line":159,"column":53}},"type":"if","locations":[{"start":{"line":159,"column":4},"end":{"line":159,"column":53}},{"start":{},"end":{}}],"line":159},"24":{"loc":{"start":{"line":165,"column":6},"end":{"line":165,"column":61}},"type":"if","locations":[{"start":{"line":165,"column":6},"end":{"line":165,"column":61}},{"start":{},"end":{}}],"line":165},"25":{"loc":{"start":{"line":178,"column":4},"end":{"line":178,"column":91}},"type":"if","locations":[{"start":{"line":178,"column":4},"end":{"line":178,"column":91}},{"start":{},"end":{}}],"line":178},"26":{"loc":{"start":{"line":211,"column":36},"end":{"line":211,"column":73}},"type":"cond-expr","locations":[{"start":{"line":211,"column":62},"end":{"line":211,"column":66}},{"start":{"line":211,"column":69},"end":{"line":211,"column":73}}],"line":211},"27":{"loc":{"start":{"line":221,"column":4},"end":{"line":227,"column":5}},"type":"if","locations":[{"start":{"line":221,"column":4},"end":{"line":227,"column":5}},{"start":{"line":225,"column":11},"end":{"line":227,"column":5}}],"line":221},"28":{"loc":{"start":{"line":235,"column":6},"end":{"line":238,"column":7}},"type":"if","locations":[{"start":{"line":235,"column":6},"end":{"line":238,"column":7}},{"start":{},"end":{}}],"line":235},"29":{"loc":{"start":{"line":242,"column":8},"end":{"line":242,"column":63}},"type":"if","locations":[{"start":{"line":242,"column":8},"end":{"line":242,"column":63}},{"start":{},"end":{}}],"line":242},"30":{"loc":{"start":{"line":246,"column":6},"end":{"line":251,"column":7}},"type":"if","locations":[{"start":{"line":246,"column":6},"end":{"line":251,"column":7}},{"start":{},"end":{}}],"line":246},"31":{"loc":{"start":{"line":256,"column":8},"end":{"line":258,"column":9}},"type":"if","locations":[{"start":{"line":256,"column":8},"end":{"line":258,"column":9}},{"start":{},"end":{}}],"line":256},"32":{"loc":{"start":{"line":259,"column":8},"end":{"line":259,"column":70}},"type":"if","locations":[{"start":{"line":259,"column":8},"end":{"line":259,"column":70}},{"start":{},"end":{}}],"line":259},"33":{"loc":{"start":{"line":262,"column":8},"end":{"line":262,"column":101}},"type":"if","locations":[{"start":{"line":262,"column":8},"end":{"line":262,"column":101}},{"start":{},"end":{}}],"line":262},"34":{"loc":{"start":{"line":266,"column":6},"end":{"line":271,"column":7}},"type":"if","locations":[{"start":{"line":266,"column":6},"end":{"line":271,"column":7}},{"start":{},"end":{}}],"line":266},"35":{"loc":{"start":{"line":292,"column":33},"end":{"line":292,"column":58}},"type":"default-arg","locations":[{"start":{"line":292,"column":49},"end":{"line":292,"column":58}}],"line":292},"36":{"loc":{"start":{"line":293,"column":4},"end":{"line":293,"column":49}},"type":"if","locations":[{"start":{"line":293,"column":4},"end":{"line":293,"column":49}},{"start":{},"end":{}}],"line":293},"37":{"loc":{"start":{"line":296,"column":6},"end":{"line":296,"column":51}},"type":"if","locations":[{"start":{"line":296,"column":6},"end":{"line":296,"column":51}},{"start":{},"end":{}}],"line":296},"38":{"loc":{"start":{"line":299,"column":6},"end":{"line":299,"column":89}},"type":"if","locations":[{"start":{"line":299,"column":6},"end":{"line":299,"column":89}},{"start":{},"end":{}}],"line":299},"39":{"loc":{"start":{"line":301,"column":13},"end":{"line":301,"column":91}},"type":"cond-expr","locations":[{"start":{"line":301,"column":44},"end":{"line":301,"column":80}},{"start":{"line":301,"column":83},"end":{"line":301,"column":91}}],"line":301},"40":{"loc":{"start":{"line":304,"column":4},"end":{"line":310,"column":5}},"type":"if","locations":[{"start":{"line":304,"column":4},"end":{"line":310,"column":5}},{"start":{},"end":{}}],"line":304},"41":{"loc":{"start":{"line":314,"column":4},"end":{"line":335,"column":5}},"type":"if","locations":[{"start":{"line":314,"column":4},"end":{"line":335,"column":5}},{"start":{},"end":{}}],"line":314},"42":{"loc":{"start":{"line":317,"column":6},"end":{"line":332,"column":7}},"type":"if","locations":[{"start":{"line":317,"column":6},"end":{"line":332,"column":7}},{"start":{"line":324,"column":11},"end":{"line":332,"column":7}}],"line":317},"43":{"loc":{"start":{"line":319,"column":20},"end":{"line":319,"column":88}},"type":"cond-expr","locations":[{"start":{"line":319,"column":43},"end":{"line":319,"column":67}},{"start":{"line":319,"column":70},"end":{"line":319,"column":88}}],"line":319},"44":{"loc":{"start":{"line":324,"column":11},"end":{"line":332,"column":7}},"type":"if","locations":[{"start":{"line":324,"column":11},"end":{"line":332,"column":7}},{"start":{"line":329,"column":11},"end":{"line":332,"column":7}}],"line":324},"45":{"loc":{"start":{"line":331,"column":8},"end":{"line":331,"column":48}},"type":"if","locations":[{"start":{"line":331,"column":8},"end":{"line":331,"column":48}},{"start":{},"end":{}}],"line":331},"46":{"loc":{"start":{"line":348,"column":12},"end":{"line":348,"column":81}},"type":"cond-expr","locations":[{"start":{"line":348,"column":43},"end":{"line":348,"column":49}},{"start":{"line":348,"column":52},"end":{"line":348,"column":81}}],"line":348},"47":{"loc":{"start":{"line":350,"column":30},"end":{"line":350,"column":78}},"type":"cond-expr","locations":[{"start":{"line":350,"column":44},"end":{"line":350,"column":68}},{"start":{"line":350,"column":72},"end":{"line":350,"column":77}}],"line":350},"48":{"loc":{"start":{"line":355,"column":11},"end":{"line":355,"column":81}},"type":"cond-expr","locations":[{"start":{"line":355,"column":28},"end":{"line":355,"column":60}},{"start":{"line":355,"column":63},"end":{"line":355,"column":81}}],"line":355},"49":{"loc":{"start":{"line":363,"column":4},"end":{"line":363,"column":51}},"type":"if","locations":[{"start":{"line":363,"column":4},"end":{"line":363,"column":51}},{"start":{},"end":{}}],"line":363},"50":{"loc":{"start":{"line":368,"column":29},"end":{"line":368,"column":77}},"type":"cond-expr","locations":[{"start":{"line":368,"column":42},"end":{"line":368,"column":68}},{"start":{"line":368,"column":73},"end":{"line":368,"column":76}}],"line":368},"51":{"loc":{"start":{"line":374,"column":6},"end":{"line":374,"column":47}},"type":"if","locations":[{"start":{"line":374,"column":6},"end":{"line":374,"column":47}},{"start":{},"end":{}}],"line":374},"52":{"loc":{"start":{"line":393,"column":4},"end":{"line":395,"column":5}},"type":"if","locations":[{"start":{"line":393,"column":4},"end":{"line":395,"column":5}},{"start":{},"end":{}}],"line":393}},"s":{"0":76,"1":0,"2":76,"3":0,"4":76,"5":76,"6":344,"7":344,"8":0,"9":344,"10":0,"11":344,"12":344,"13":76,"14":76,"15":76,"16":261,"17":261,"18":660,"19":261,"20":11,"21":10,"22":1,"23":399,"24":76,"25":0,"26":323,"27":1,"28":74,"29":6,"30":34,"31":6,"32":6,"33":74,"34":74,"35":1436,"36":0,"37":3727,"38":82,"39":82,"40":368,"41":82,"42":368,"43":82,"44":3727,"45":0,"46":45,"47":10,"48":40,"49":10,"50":45,"51":0,"52":9,"53":9,"54":36,"55":9,"56":9,"57":0,"58":153,"59":74,"60":321,"61":74,"62":0,"63":74,"64":153,"65":0,"66":32,"67":0,"68":4,"69":51,"70":51,"71":51,"72":51,"73":168,"74":168,"75":16,"76":152,"77":31,"78":18,"79":35,"80":13,"81":22,"82":0,"83":0,"84":0,"85":0,"86":0,"87":4,"88":4,"89":1,"90":3,"91":6,"92":15,"93":4,"94":4,"95":4,"96":4,"97":4,"98":10,"99":10,"100":265,"101":10,"102":181,"103":55,"104":130,"105":116,"106":14,"107":14,"108":10,"109":16,"110":10,"111":2,"112":2,"113":2,"114":8,"115":10,"116":10,"117":10,"118":65,"119":65,"120":6,"121":6,"122":59,"123":229,"124":37,"125":229,"126":59,"127":35,"128":35,"129":35,"130":24,"131":37,"132":37,"133":6,"134":37,"135":14,"136":23,"137":23,"138":15,"139":8,"140":24,"141":10,"142":10,"143":10,"144":14,"145":14,"146":10,"147":10,"148":11,"149":0,"150":11,"151":44,"152":15,"153":29,"154":29,"155":29,"156":8,"157":21,"158":21,"159":11,"160":11,"161":11,"162":8,"163":1,"164":1,"165":1,"166":7,"167":3,"168":3,"169":4,"170":4,"171":0,"172":8,"173":8,"174":3,"175":16,"176":16,"177":16,"178":16,"179":16,"180":16,"181":16,"182":16,"183":2,"184":1,"185":1,"186":1,"187":1,"188":4,"189":4,"190":4,"191":4,"192":4,"193":4,"194":4,"195":4,"196":4,"197":4,"198":4,"199":1,"200":2,"201":2,"202":2,"203":8,"204":2,"205":1,"206":4,"207":0,"208":0,"209":15,"210":73},"f":{"0":76,"1":34,"2":1436,"3":0,"4":3727,"5":368,"6":368,"7":0,"8":45,"9":40,"10":0,"11":9,"12":36,"13":0,"14":153,"15":321,"16":0,"17":32,"18":0,"19":4,"20":51,"21":0,"22":4,"23":6,"24":15,"25":4,"26":10,"27":265,"28":181,"29":55,"30":130,"31":116,"32":14,"33":16,"34":2,"35":229,"36":37,"37":11,"38":44,"39":16,"40":2,"41":2,"42":2,"43":8,"44":1,"45":4,"46":0,"47":0,"48":15,"49":73},"b":{"0":[0,76],"1":[0,76],"2":[344,0],"3":[0,344],"4":[0,344],"5":[261,399],"6":[11,250],"7":[10,1],"8":[76,323],"9":[399,192],"10":[0,76],"11":[1,322],"12":[6,68],"13":[74,0],"14":[82,3645],"15":[10,35],"16":[9,0],"17":[74,79],"18":[0,74],"19":[16,152],"20":[31,121],"21":[18,13],"22":[31,13,1],"23":[13,22],"24":[0,0],"25":[1,3],"26":[61,55],"27":[2,8],"28":[6,59],"29":[37,192],"30":[35,24],"31":[6,31],"32":[14,23],"33":[15,8],"34":[10,14],"35":[11],"36":[0,11],"37":[15,29],"38":[8,21],"39":[11,10],"40":[11,0],"41":[8,3],"42":[1,7],"43":[1,0],"44":[3,4],"45":[0,4],"46":[8,8],"47":[4,12],"48":[0,16],"49":[1,1],"50":[1,3],"51":[4,0],"52":[2,0]},"_coverageSchema":"1a1c01bbd47fc00a2c39e90264f33305004495a9","hash":"b761cce32ebe60b63ac42184d25df13e8d465f2e"}
,"C:\\Users\\harri\\Developer\\Repositories\\Harxer\\geometry\\structures\\segment.js": {"path":"C:\\Users\\harri\\Developer\\Repositories\\Harxer\\geometry\\structures\\segment.js","statementMap":{"0":{"start":{"line":8,"column":23},"end":{"line":8,"column":39}},"1":{"start":{"line":10,"column":21},"end":{"line":10,"column":35}},"2":{"start":{"line":26,"column":4},"end":{"line":32,"column":5}},"3":{"start":{"line":27,"column":6},"end":{"line":27,"column":112}},"4":{"start":{"line":27,"column":35},"end":{"line":27,"column":112}},"5":{"start":{"line":28,"column":6},"end":{"line":28,"column":112}},"6":{"start":{"line":28,"column":35},"end":{"line":28,"column":112}},"7":{"start":{"line":29,"column":6},"end":{"line":29,"column":48}},"8":{"start":{"line":31,"column":6},"end":{"line":31,"column":94}},"9":{"start":{"line":33,"column":4},"end":{"line":33,"column":22}},"10":{"start":{"line":34,"column":4},"end":{"line":34,"column":27}},"11":{"start":{"line":37,"column":4},"end":{"line":55,"column":5}},"12":{"start":{"line":38,"column":6},"end":{"line":38,"column":29}},"13":{"start":{"line":39,"column":6},"end":{"line":39,"column":29}},"14":{"start":{"line":40,"column":11},"end":{"line":55,"column":5}},"15":{"start":{"line":41,"column":6},"end":{"line":41,"column":34}},"16":{"start":{"line":42,"column":11},"end":{"line":55,"column":5}},"17":{"start":{"line":43,"column":6},"end":{"line":52,"column":7}},"18":{"start":{"line":44,"column":8},"end":{"line":44,"column":114}},"19":{"start":{"line":44,"column":37},"end":{"line":44,"column":114}},"20":{"start":{"line":45,"column":8},"end":{"line":45,"column":114}},"21":{"start":{"line":45,"column":37},"end":{"line":45,"column":114}},"22":{"start":{"line":46,"column":8},"end":{"line":46,"column":50}},"23":{"start":{"line":47,"column":8},"end":{"line":47,"column":31}},"24":{"start":{"line":48,"column":13},"end":{"line":52,"column":7}},"25":{"start":{"line":49,"column":8},"end":{"line":49,"column":43}},"26":{"start":{"line":51,"column":8},"end":{"line":51,"column":96}},"27":{"start":{"line":54,"column":6},"end":{"line":54,"column":94}},"28":{"start":{"line":64,"column":4},"end":{"line":64,"column":19}},"29":{"start":{"line":67,"column":4},"end":{"line":67,"column":91}},"30":{"start":{"line":67,"column":28},"end":{"line":67,"column":91}},"31":{"start":{"line":68,"column":4},"end":{"line":68,"column":11}},"32":{"start":{"line":69,"column":4},"end":{"line":69,"column":29}},"33":{"start":{"line":70,"column":4},"end":{"line":70,"column":38}},"34":{"start":{"line":74,"column":17},"end":{"line":74,"column":31}},"35":{"start":{"line":75,"column":20},"end":{"line":75,"column":33}},"36":{"start":{"line":79,"column":4},"end":{"line":79,"column":47}},"37":{"start":{"line":80,"column":4},"end":{"line":80,"column":19}},"38":{"start":{"line":83,"column":4},"end":{"line":83,"column":91}},"39":{"start":{"line":83,"column":28},"end":{"line":83,"column":91}},"40":{"start":{"line":84,"column":4},"end":{"line":84,"column":18}},"41":{"start":{"line":85,"column":4},"end":{"line":85,"column":29}},"42":{"start":{"line":90,"column":4},"end":{"line":90,"column":56}},"43":{"start":{"line":91,"column":4},"end":{"line":91,"column":24}},"44":{"start":{"line":93,"column":18},"end":{"line":93,"column":74}},"45":{"start":{"line":96,"column":20},"end":{"line":96,"column":49}},"46":{"start":{"line":97,"column":21},"end":{"line":97,"column":80}},"47":{"start":{"line":99,"column":19},"end":{"line":99,"column":41}},"48":{"start":{"line":100,"column":20},"end":{"line":100,"column":78}},"49":{"start":{"line":102,"column":17},"end":{"line":102,"column":39}},"50":{"start":{"line":103,"column":18},"end":{"line":103,"column":74}},"51":{"start":{"line":106,"column":16},"end":{"line":106,"column":41}},"52":{"start":{"line":107,"column":17},"end":{"line":107,"column":72}},"53":{"start":{"line":112,"column":4},"end":{"line":116,"column":5}},"54":{"start":{"line":113,"column":6},"end":{"line":113,"column":50}},"55":{"start":{"line":115,"column":6},"end":{"line":115,"column":55}},"56":{"start":{"line":117,"column":4},"end":{"line":117,"column":22}},"57":{"start":{"line":121,"column":4},"end":{"line":121,"column":57}},"58":{"start":{"line":123,"column":17},"end":{"line":123,"column":72}},"59":{"start":{"line":129,"column":15},"end":{"line":129,"column":22}},"60":{"start":{"line":130,"column":4},"end":{"line":130,"column":22}},"61":{"start":{"line":131,"column":4},"end":{"line":131,"column":19}},"62":{"start":{"line":132,"column":4},"end":{"line":132,"column":55}},"63":{"start":{"line":132,"column":36},"end":{"line":132,"column":55}},"64":{"start":{"line":133,"column":4},"end":{"line":133,"column":16}},"65":{"start":{"line":138,"column":4},"end":{"line":138,"column":84}},"66":{"start":{"line":143,"column":4},"end":{"line":145,"column":5}},"67":{"start":{"line":144,"column":6},"end":{"line":144,"column":64}},"68":{"start":{"line":146,"column":4},"end":{"line":146,"column":69}},"69":{"start":{"line":151,"column":13},"end":{"line":151,"column":33}},"70":{"start":{"line":152,"column":13},"end":{"line":152,"column":33}},"71":{"start":{"line":153,"column":4},"end":{"line":153,"column":56}},"72":{"start":{"line":158,"column":4},"end":{"line":158,"column":39}},"73":{"start":{"line":167,"column":4},"end":{"line":169,"column":5}},"74":{"start":{"line":168,"column":6},"end":{"line":168,"column":25}},"75":{"start":{"line":170,"column":4},"end":{"line":172,"column":5}},"76":{"start":{"line":171,"column":6},"end":{"line":171,"column":25}},"77":{"start":{"line":174,"column":19},"end":{"line":174,"column":54}},"78":{"start":{"line":175,"column":16},"end":{"line":175,"column":56}},"79":{"start":{"line":176,"column":22},"end":{"line":176,"column":56}},"80":{"start":{"line":178,"column":4},"end":{"line":180,"column":5}},"81":{"start":{"line":179,"column":6},"end":{"line":179,"column":23}},"82":{"start":{"line":181,"column":4},"end":{"line":183,"column":5}},"83":{"start":{"line":182,"column":6},"end":{"line":182,"column":23}},"84":{"start":{"line":185,"column":12},"end":{"line":185,"column":57}},"85":{"start":{"line":186,"column":12},"end":{"line":186,"column":31}},"86":{"start":{"line":188,"column":4},"end":{"line":193,"column":5}},"87":{"start":{"line":189,"column":6},"end":{"line":192,"column":8}},"88":{"start":{"line":194,"column":4},"end":{"line":194,"column":21}},"89":{"start":{"line":202,"column":13},"end":{"line":202,"column":54}},"90":{"start":{"line":203,"column":13},"end":{"line":203,"column":54}},"91":{"start":{"line":204,"column":13},"end":{"line":204,"column":57}},"92":{"start":{"line":205,"column":13},"end":{"line":205,"column":57}},"93":{"start":{"line":207,"column":4},"end":{"line":207,"column":41}},"94":{"start":{"line":207,"column":30},"end":{"line":207,"column":41}},"95":{"start":{"line":209,"column":4},"end":{"line":209,"column":81}},"96":{"start":{"line":209,"column":69},"end":{"line":209,"column":81}},"97":{"start":{"line":210,"column":4},"end":{"line":210,"column":81}},"98":{"start":{"line":210,"column":69},"end":{"line":210,"column":81}},"99":{"start":{"line":211,"column":4},"end":{"line":211,"column":81}},"100":{"start":{"line":211,"column":69},"end":{"line":211,"column":81}},"101":{"start":{"line":212,"column":4},"end":{"line":212,"column":81}},"102":{"start":{"line":212,"column":69},"end":{"line":212,"column":81}},"103":{"start":{"line":214,"column":4},"end":{"line":214,"column":17}},"104":{"start":{"line":224,"column":16},"end":{"line":224,"column":76}},"105":{"start":{"line":225,"column":4},"end":{"line":225,"column":28}},"106":{"start":{"line":225,"column":19},"end":{"line":225,"column":28}},"107":{"start":{"line":226,"column":4},"end":{"line":226,"column":29}},"108":{"start":{"line":226,"column":19},"end":{"line":226,"column":29}},"109":{"start":{"line":227,"column":4},"end":{"line":227,"column":13}},"110":{"start":{"line":232,"column":4},"end":{"line":232,"column":49}},"111":{"start":{"line":232,"column":31},"end":{"line":232,"column":49}},"112":{"start":{"line":233,"column":19},"end":{"line":233,"column":46}},"113":{"start":{"line":234,"column":15},"end":{"line":234,"column":54}},"114":{"start":{"line":236,"column":4},"end":{"line":236,"column":66}},"115":{"start":{"line":236,"column":51},"end":{"line":236,"column":66}},"116":{"start":{"line":237,"column":4},"end":{"line":237,"column":67}},"117":{"start":{"line":237,"column":52},"end":{"line":237,"column":67}},"118":{"start":{"line":238,"column":4},"end":{"line":238,"column":34}},"119":{"start":{"line":245,"column":4},"end":{"line":245,"column":44}},"120":{"start":{"line":250,"column":4},"end":{"line":250,"column":38}},"121":{"start":{"line":259,"column":4},"end":{"line":262,"column":42}},"122":{"start":{"line":269,"column":4},"end":{"line":271,"column":5}},"123":{"start":{"line":270,"column":6},"end":{"line":270,"column":60}},"124":{"start":{"line":272,"column":4},"end":{"line":274,"column":5}},"125":{"start":{"line":273,"column":6},"end":{"line":273,"column":65}}},"fnMap":{"0":{"name":"(anonymous_0)","decl":{"start":{"line":25,"column":2},"end":{"line":25,"column":3}},"loc":{"start":{"line":25,"column":32},"end":{"line":58,"column":3}},"line":25},"1":{"name":"(anonymous_1)","decl":{"start":{"line":63,"column":2},"end":{"line":63,"column":3}},"loc":{"start":{"line":63,"column":10},"end":{"line":65,"column":3}},"line":63},"2":{"name":"(anonymous_2)","decl":{"start":{"line":66,"column":2},"end":{"line":66,"column":3}},"loc":{"start":{"line":66,"column":13},"end":{"line":71,"column":3}},"line":66},"3":{"name":"(anonymous_3)","decl":{"start":{"line":74,"column":2},"end":{"line":74,"column":3}},"loc":{"start":{"line":74,"column":15},"end":{"line":74,"column":33}},"line":74},"4":{"name":"(anonymous_4)","decl":{"start":{"line":75,"column":2},"end":{"line":75,"column":3}},"loc":{"start":{"line":75,"column":18},"end":{"line":75,"column":35}},"line":75},"5":{"name":"(anonymous_5)","decl":{"start":{"line":78,"column":2},"end":{"line":78,"column":3}},"loc":{"start":{"line":78,"column":10},"end":{"line":81,"column":3}},"line":78},"6":{"name":"(anonymous_6)","decl":{"start":{"line":82,"column":2},"end":{"line":82,"column":3}},"loc":{"start":{"line":82,"column":13},"end":{"line":86,"column":3}},"line":82},"7":{"name":"(anonymous_7)","decl":{"start":{"line":89,"column":2},"end":{"line":89,"column":3}},"loc":{"start":{"line":89,"column":15},"end":{"line":92,"column":3}},"line":89},"8":{"name":"(anonymous_8)","decl":{"start":{"line":93,"column":2},"end":{"line":93,"column":3}},"loc":{"start":{"line":93,"column":16},"end":{"line":93,"column":76}},"line":93},"9":{"name":"(anonymous_9)","decl":{"start":{"line":96,"column":2},"end":{"line":96,"column":3}},"loc":{"start":{"line":96,"column":18},"end":{"line":96,"column":51}},"line":96},"10":{"name":"(anonymous_10)","decl":{"start":{"line":97,"column":2},"end":{"line":97,"column":3}},"loc":{"start":{"line":97,"column":19},"end":{"line":97,"column":82}},"line":97},"11":{"name":"(anonymous_11)","decl":{"start":{"line":99,"column":2},"end":{"line":99,"column":3}},"loc":{"start":{"line":99,"column":17},"end":{"line":99,"column":43}},"line":99},"12":{"name":"(anonymous_12)","decl":{"start":{"line":100,"column":2},"end":{"line":100,"column":3}},"loc":{"start":{"line":100,"column":18},"end":{"line":100,"column":80}},"line":100},"13":{"name":"(anonymous_13)","decl":{"start":{"line":102,"column":2},"end":{"line":102,"column":3}},"loc":{"start":{"line":102,"column":15},"end":{"line":102,"column":41}},"line":102},"14":{"name":"(anonymous_14)","decl":{"start":{"line":103,"column":2},"end":{"line":103,"column":3}},"loc":{"start":{"line":103,"column":16},"end":{"line":103,"column":76}},"line":103},"15":{"name":"(anonymous_15)","decl":{"start":{"line":106,"column":2},"end":{"line":106,"column":3}},"loc":{"start":{"line":106,"column":14},"end":{"line":106,"column":43}},"line":106},"16":{"name":"(anonymous_16)","decl":{"start":{"line":107,"column":2},"end":{"line":107,"column":3}},"loc":{"start":{"line":107,"column":15},"end":{"line":107,"column":74}},"line":107},"17":{"name":"(anonymous_17)","decl":{"start":{"line":110,"column":2},"end":{"line":110,"column":3}},"loc":{"start":{"line":110,"column":13},"end":{"line":118,"column":3}},"line":110},"18":{"name":"(anonymous_18)","decl":{"start":{"line":120,"column":2},"end":{"line":120,"column":3}},"loc":{"start":{"line":120,"column":14},"end":{"line":122,"column":3}},"line":120},"19":{"name":"(anonymous_19)","decl":{"start":{"line":123,"column":2},"end":{"line":123,"column":3}},"loc":{"start":{"line":123,"column":15},"end":{"line":123,"column":74}},"line":123},"20":{"name":"(anonymous_20)","decl":{"start":{"line":128,"column":2},"end":{"line":128,"column":3}},"loc":{"start":{"line":128,"column":9},"end":{"line":134,"column":3}},"line":128},"21":{"name":"(anonymous_21)","decl":{"start":{"line":137,"column":2},"end":{"line":137,"column":3}},"loc":{"start":{"line":137,"column":38},"end":{"line":139,"column":3}},"line":137},"22":{"name":"(anonymous_22)","decl":{"start":{"line":142,"column":2},"end":{"line":142,"column":3}},"loc":{"start":{"line":142,"column":14},"end":{"line":147,"column":3}},"line":142},"23":{"name":"(anonymous_23)","decl":{"start":{"line":150,"column":2},"end":{"line":150,"column":3}},"loc":{"start":{"line":150,"column":13},"end":{"line":154,"column":3}},"line":150},"24":{"name":"(anonymous_24)","decl":{"start":{"line":157,"column":2},"end":{"line":157,"column":3}},"loc":{"start":{"line":157,"column":17},"end":{"line":159,"column":3}},"line":157},"25":{"name":"(anonymous_25)","decl":{"start":{"line":165,"column":2},"end":{"line":165,"column":3}},"loc":{"start":{"line":165,"column":29},"end":{"line":195,"column":3}},"line":165},"26":{"name":"(anonymous_26)","decl":{"start":{"line":201,"column":2},"end":{"line":201,"column":3}},"loc":{"start":{"line":201,"column":22},"end":{"line":215,"column":3}},"line":201},"27":{"name":"(anonymous_27)","decl":{"start":{"line":223,"column":2},"end":{"line":223,"column":3}},"loc":{"start":{"line":223,"column":21},"end":{"line":228,"column":3}},"line":223},"28":{"name":"(anonymous_28)","decl":{"start":{"line":231,"column":2},"end":{"line":231,"column":3}},"loc":{"start":{"line":231,"column":33},"end":{"line":239,"column":3}},"line":231},"29":{"name":"(anonymous_29)","decl":{"start":{"line":244,"column":2},"end":{"line":244,"column":3}},"loc":{"start":{"line":244,"column":28},"end":{"line":246,"column":3}},"line":244},"30":{"name":"(anonymous_30)","decl":{"start":{"line":249,"column":2},"end":{"line":249,"column":3}},"loc":{"start":{"line":249,"column":24},"end":{"line":251,"column":3}},"line":249},"31":{"name":"(anonymous_31)","decl":{"start":{"line":258,"column":2},"end":{"line":258,"column":3}},"loc":{"start":{"line":258,"column":31},"end":{"line":263,"column":3}},"line":258},"32":{"name":"(anonymous_32)","decl":{"start":{"line":268,"column":2},"end":{"line":268,"column":3}},"loc":{"start":{"line":268,"column":27},"end":{"line":275,"column":3}},"line":268}},"branchMap":{"0":{"loc":{"start":{"line":26,"column":4},"end":{"line":32,"column":5}},"type":"if","locations":[{"start":{"line":26,"column":4},"end":{"line":32,"column":5}},{"start":{"line":30,"column":11},"end":{"line":32,"column":5}}],"line":26},"1":{"loc":{"start":{"line":27,"column":6},"end":{"line":27,"column":112}},"type":"if","locations":[{"start":{"line":27,"column":6},"end":{"line":27,"column":112}},{"start":{},"end":{}}],"line":27},"2":{"loc":{"start":{"line":28,"column":6},"end":{"line":28,"column":112}},"type":"if","locations":[{"start":{"line":28,"column":6},"end":{"line":28,"column":112}},{"start":{},"end":{}}],"line":28},"3":{"loc":{"start":{"line":37,"column":4},"end":{"line":55,"column":5}},"type":"if","locations":[{"start":{"line":37,"column":4},"end":{"line":55,"column":5}},{"start":{"line":40,"column":11},"end":{"line":55,"column":5}}],"line":37},"4":{"loc":{"start":{"line":40,"column":11},"end":{"line":55,"column":5}},"type":"if","locations":[{"start":{"line":40,"column":11},"end":{"line":55,"column":5}},{"start":{"line":42,"column":11},"end":{"line":55,"column":5}}],"line":40},"5":{"loc":{"start":{"line":42,"column":11},"end":{"line":55,"column":5}},"type":"if","locations":[{"start":{"line":42,"column":11},"end":{"line":55,"column":5}},{"start":{"line":53,"column":11},"end":{"line":55,"column":5}}],"line":42},"6":{"loc":{"start":{"line":43,"column":6},"end":{"line":52,"column":7}},"type":"if","locations":[{"start":{"line":43,"column":6},"end":{"line":52,"column":7}},{"start":{"line":48,"column":13},"end":{"line":52,"column":7}}],"line":43},"7":{"loc":{"start":{"line":43,"column":10},"end":{"line":43,"column":60}},"type":"binary-expr","locations":[{"start":{"line":43,"column":10},"end":{"line":43,"column":33}},{"start":{"line":43,"column":37},"end":{"line":43,"column":60}}],"line":43},"8":{"loc":{"start":{"line":44,"column":8},"end":{"line":44,"column":114}},"type":"if","locations":[{"start":{"line":44,"column":8},"end":{"line":44,"column":114}},{"start":{},"end":{}}],"line":44},"9":{"loc":{"start":{"line":45,"column":8},"end":{"line":45,"column":114}},"type":"if","locations":[{"start":{"line":45,"column":8},"end":{"line":45,"column":114}},{"start":{},"end":{}}],"line":45},"10":{"loc":{"start":{"line":48,"column":13},"end":{"line":52,"column":7}},"type":"if","locations":[{"start":{"line":48,"column":13},"end":{"line":52,"column":7}},{"start":{"line":50,"column":13},"end":{"line":52,"column":7}}],"line":48},"11":{"loc":{"start":{"line":48,"column":17},"end":{"line":48,"column":79}},"type":"binary-expr","locations":[{"start":{"line":48,"column":17},"end":{"line":48,"column":48}},{"start":{"line":48,"column":52},"end":{"line":48,"column":79}}],"line":48},"12":{"loc":{"start":{"line":67,"column":4},"end":{"line":67,"column":91}},"type":"if","locations":[{"start":{"line":67,"column":4},"end":{"line":67,"column":91}},{"start":{},"end":{}}],"line":67},"13":{"loc":{"start":{"line":83,"column":4},"end":{"line":83,"column":91}},"type":"if","locations":[{"start":{"line":83,"column":4},"end":{"line":83,"column":91}},{"start":{},"end":{}}],"line":83},"14":{"loc":{"start":{"line":112,"column":4},"end":{"line":116,"column":5}},"type":"if","locations":[{"start":{"line":112,"column":4},"end":{"line":116,"column":5}},{"start":{"line":114,"column":11},"end":{"line":116,"column":5}}],"line":112},"15":{"loc":{"start":{"line":132,"column":4},"end":{"line":132,"column":55}},"type":"if","locations":[{"start":{"line":132,"column":4},"end":{"line":132,"column":55}},{"start":{},"end":{}}],"line":132},"16":{"loc":{"start":{"line":137,"column":15},"end":{"line":137,"column":36}},"type":"default-arg","locations":[{"start":{"line":137,"column":27},"end":{"line":137,"column":36}}],"line":137},"17":{"loc":{"start":{"line":138,"column":11},"end":{"line":138,"column
[...]
{"0":{"loc":{"start":{"line":30,"column":4},"end":{"line":42,"column":5}},"type":"if","locations":[{"start":{"line":30,"column":4},"end":{"line":42,"column":5}},{"start":{},"end":{}}],"line":30},"1":{"loc":{"start":{"line":31,"column":6},"end":{"line":31,"column":120}},"type":"if","locations":[{"start":{"line":31,"column":6},"end":{"line":31,"column":120}},{"start":{},"end":{}}],"line":31},"2":{"loc":{"start":{"line":32,"column":6},"end":{"line":32,"column":112}},"type":"if","locations":[{"start":{"line":32,"column":6},"end":{"line":32,"column":112}},{"start":{},"end":{}}],"line":32},"3":{"loc":{"start":{"line":36,"column":6},"end":{"line":40,"column":7}},"type":"if","locations":[{"start":{"line":36,"column":6},"end":{"line":40,"column":7}},{"start":{},"end":{}}],"line":36},"4":{"loc":{"start":{"line":44,"column":4},"end":{"line":44,"column":100}},"type":"if","locations":[{"start":{"line":44,"column":4},"end":{"line":44,"column":100}},{"start":{},"end":{}}],"line":44},"5":{"loc":{"start":{"line":45,"column":4},"end":{"line":45,"column":100}},"type":"if","locations":[{"start":{"line":45,"column":4},"end":{"line":45,"column":100}},{"start":{},"end":{}}],"line":45},"6":{"loc":{"start":{"line":55,"column":4},"end":{"line":64,"column":5}},"type":"if","locations":[{"start":{"line":55,"column":4},"end":{"line":64,"column":5}},{"start":{},"end":{}}],"line":55},"7":{"loc":{"start":{"line":56,"column":6},"end":{"line":63,"column":7}},"type":"if","locations":[{"start":{"line":56,"column":6},"end":{"line":63,"column":7}},{"start":{"line":61,"column":13},"end":{"line":63,"column":7}}],"line":56},"8":{"loc":{"start":{"line":68,"column":4},"end":{"line":68,"column":88}},"type":"if","locations":[{"start":{"line":68,"column":4},"end":{"line":68,"column":88}},{"start":{},"end":{}}],"line":68},"9":{"loc":{"start":{"line":69,"column":4},"end":{"line":69,"column":37}},"type":"if","locations":[{"start":{"line":69,"column":4},"end":{"line":69,"column":37}},{"start":{},"end":{}}],"line":69},"10":{"loc":{"start":{"line":70,"column":4},"end":{"line":88,"column":5}},"type":"if","locations":[{"start":{"line":70,"column":4},"end":{"line":88,"column":5}},{"start":{"line":76,"column":11},"end":{"line":88,"column":5}}],"line":70},"11":{"loc":{"start":{"line":70,"column":8},"end":{"line":70,"column":34}},"type":"binary-expr","locations":[{"start":{"line":70,"column":8},"end":{"line":70,"column":17}},{"start":{"line":70,"column":21},"end":{"line":70,"column":34}}],"line":70},"12":{"loc":{"start":{"line":76,"column":11},"end":{"line":88,"column":5}},"type":"if","locations":[{"start":{"line":76,"column":11},"end":{"line":88,"column":5}},{"start":{"line":82,"column":11},"end":{"line":88,"column":5}}],"line":76},"13":{"loc":{"start":{"line":94,"column":4},"end":{"line":103,"column":5}},"type":"if","locations":[{"start":{"line":94,"column":4},"end":{"line":103,"column":5}},{"start":{},"end":{}}],"line":94},"14":{"loc":{"start":{"line":95,"column":6},"end":{"line":102,"column":7}},"type":"if","locations":[{"start":{"line":95,"column":6},"end":{"line":102,"column":7}},{"start":{"line":100,"column":13},"end":{"line":102,"column":7}}],"line":95},"15":{"loc":{"start":{"line":107,"column":4},"end":{"line":107,"column":88}},"type":"if","locations":[{"start":{"line":107,"column":4},"end":{"line":107,"column":88}},{"start":{},"end":{}}],"line":107},"16":{"loc":{"start":{"line":108,"column":4},"end":{"line":108,"column":37}},"type":"if","locations":[{"start":{"line":108,"column":4},"end":{"line":108,"column":37}},{"start":{},"end":{}}],"line":108},"17":{"loc":{"start":{"line":109,"column":4},"end":{"line":127,"column":5}},"type":"if","locations":[{"start":{"line":109,"column":4},"end":{"line":127,"column":5}},{"start":{"line":115,"column":11},"end":{"line":127,"column":5}}],"line":109},"18":{"loc":{"start":{"line":109,"column":8},"end":{"line":109,"column":34}},"type":"binary-expr","locations":[{"start":{"line":109,"column":8},"end":{"line":109,"column":17}},{"start":{"line":109,"column":21},"end":{"line":109,"column":34}}],"line":109},"19":{"loc":{"start":{"line":115,"column":11},"end":{"line":127,"column":5}},"type":"if","locations":[{"start":{"line":115,"column":11},"end":{"line":127,"column":5}},{"start":{"line":121,"column":11},"end":{"line":127,"column":5}}],"line":115},"20":{"loc":{"start":{"line":132,"column":4},"end":{"line":132,"column":112}},"type":"if","locations":[{"start":{"line":132,"column":4},"end":{"line":132,"column":112}},{"start":{},"end":{}}],"line":132},"21":{"loc":{"start":{"line":141,"column":4},"end":{"line":141,"column":86}},"type":"if","locations":[{"start":{"line":141,"column":4},"end":{"line":141,"column":86}},{"start":{},"end":{}}],"line":141},"22":{"loc":{"start":{"line":142,"column":4},"end":{"line":142,"column":45}},"type":"if","locations":[{"start":{"line":142,"column":4},"end":{"line":142,"column":45}},{"start":{},"end":{}}],"line":142},"23":{"loc":{"start":{"line":144,"column":4},"end":{"line":166,"column":5}},"type":"if","locations":[{"start":{"line":144,"column":4},"end":{"line":166,"column":5}},{"start":{"line":162,"column":11},"end":{"line":166,"column":5}}],"line":144},"24":{"loc":{"start":{"line":146,"column":6},"end":{"line":161,"column":7}},"type":"if","locations":[{"start":{"line":146,"column":6},"end":{"line":161,"column":7}},{"start":{"line":157,"column":13},"end":{"line":161,"column":7}}],"line":146},"25":{"loc":{"start":{"line":148,"column":8},"end":{"line":156,"column":9}},"type":"if","locations":[{"start":{"line":148,"column":8},"end":{"line":156,"column":9}},{"start":{"line":152,"column":15},"end":{"line":156,"column":9}}],"line":148},"26":{"loc":{"start":{"line":169,"column":4},"end":{"line":169,"column":91}},"type":"if","locations":[{"start":{"line":169,"column":4},"end":{"line":169,"column":91}},{"start":{},"end":{}}],"line":169},"27":{"loc":{"start":{"line":169,"column":8},"end":{"line":169,"column":44}},"type":"binary-expr","locations":[{"start":{"line":169,"column":8},"end":{"line":169,"column":33}},{"start":{"line":169,"column":37},"end":{"line":169,"column":44}}],"line":169},"28":{"loc":{"start":{"line":176,"column":4},"end":{"line":180,"column":5}},"type":"if","locations":[{"start":{"line":176,"column":4},"end":{"line":180,"column":5}},{"start":{},"end":{}}],"line":176},"29":{"loc":{"start":{"line":178,"column":6},"end":{"line":178,"column":100}},"type":"if","locations":[{"start":{"line":178,"column":6},"end":{"line":178,"column":100}},{"start":{},"end":{}}],"line":178},"30":{"loc":{"start":{"line":178,"column":10},"end":{"line":178,"column":50}},"type":"binary-expr","locations":[{"start":{"line":178,"column":10},"end":{"line":178,"column":28}},{"start":{"line":178,"column":32},"end":{"line":178,"column":50}}],"line":178},"31":{"loc":{"start":{"line":184,"column":4},"end":{"line":184,"column":36}},"type":"if","locations":[{"start":{"line":184,"column":4},"end":{"line":184,"column":36}},{"start":{},"end":{}}],"line":184},"32":{"loc":{"start":{"line":185,"column":4},"end":{"line":185,"column":86}},"type":"if","locations":[{"start":{"line":185,"column":4},"end":{"line":185,"column":86}},{"start":{},"end":{}}],"line":185},"33":{"loc":{"start":{"line":200,"column":4},"end":{"line":205,"column":5}},"type":"if","locations":[{"start":{"line":200,"column":4},"end":{"line":205,"column":5}},{"start":{},"end":{}}],"line":200},"34":{"loc":{"start":{"line":215,"column":15},"end":{"line":215,"column":36}},"type":"default-arg","locations":[{"start":{"line":215,"column":27},"end":{"line":215,"column":36}}],"line":215},"35":{"loc":{"start":{"line":216,"column":4},"end":{"line":218,"column":5}},"type":"if","locations":[{"start":{"line":216,"column":4},"end":{"line":218,"column":5}},{"start":{},"end":{}}],"line":216},"36":{"loc":{"start":{"line":216,"column":8},"end":{"line":216,"column":78}},"type":"binary-expr","locations":[{"start":{"line":216,"column":8},"end":{"line":216,"column":41}},{"start":{"line":216,"column":45},"end":{"line":216,"column":78}}],"line":216},"37":{"loc":{"start":{"line":217,"column":13},"end":{"line":217,"column":107}},"type":"binary-expr","locations":[{"start":{"line":217,"column":13},"end":{"line":217,"column":62}},{"start":{"line":217,"column":66},"end":{"line":217,"column":107}}],"line":217},"38":{"loc":{"start":{"line":219,"column":11},"end":{"line":219,"column":81}},"type":"binary-expr","locations":[{"start":{"line":219,"column":11},"end":{"line":219,"column":44}},{"start":{"line":219,"column":48},"end":{"line":219,"column":81}}],"line":219},"39":{"loc":{"start":{"line":224,"column":4},"end":{"line":224,"column":62}},"type":"if","locations":[{"start":{"line":224,"column":4},"end":{"line":224,"column":62}},{"start":{},"end":{}}],"line":224},"40":{"loc":{"start":{"line":225,"column":4},"end":{"line":225,"column":46}},"type":"if","locations":[{"start":{"line":225,"column":4},"end":{"line":225,"column":46}},{"start":{},"end":{}}],"line":225},"41":{"loc":{"start":{"line":226,"column":4},"end":{"line":226,"column":46}},"type":"if","locations":[{"start":{"line":226,"column":4},"end":{"line":226,"column":46}},{"start":{},"end":{}}],"line":226},"42":{"loc":{"start":{"line":257,"column":4},"end":{"line":257,"column":83}},"type":"if","locations":[{"start":{"line":257,"column":4},"end":{"line":257,"column":83}},{"start":{},"end":{}}],"line":257},"43":{"loc":{"start":{"line":258,"column":4},"end":{"line":258,"column":45}},"type":"if","locations":[{"start":{"line":258,"column":4},"end":{"line":258,"column":45}},{"start":{},"end":{}}],"line":258},"44":{"loc":{"start":{"line":259,"column":4},"end":{"line":259,"column":45}},"type":"if","locations":[{"start":{"line":259,"column":4},"end":{"line":259,"column":45}},{"start":{},"end":{}}],"line":259},"45":{"loc":{"start":{"line":265,"column":4},"end":{"line":265,"column":80}},"type":"if","locations":[{"start":{"line":265,"column":4},"end":{"line":265,"column":80}},{"start":{},"end":{}}],"line":265},"46":{"loc":{"start":{"line":271,"column":62},"end":{"line":271,"column":131}},"type":"cond-expr","locations":[{"start":{"line":271,"column":92},"end":{"line":271,"column":101}},{"start":{"line":271,"column":104},"end":{"line":271,"column":131}}],"line":271},"47":{"loc":{"start":{"line":276,"column":4},"end":{"line":287,"column":5}},"type":"if","locations":[{"start":{"line":276,"column":4},"end":{"line":287,"column":5}},{"start":{"line":285,"column":11},"end":{"line":287,"column":5}}],"line":276},"48":{"loc":{"start":{"line":277,"column":6},"end":{"line":280,"column":7}},"type":"if","locations":[{"start":{"line":277,"column":6},"end":{"line":280,"column":7}},{"start":{},"end":{}}],"line":277},"49":{"loc":{"start":{"line":281,"column":6},"end":{"line":284,"column":7}},"type":"if","locations":[{"start":{"line":281,"column":6},"end":{"line":284,"column":7}},{"start":{},"end":{}}],"line":281},"50":{"loc":{"start":{"line":293,"column":4},"end":{"line":298,"column":5}},"type":"if","locations":[{"start":{"line":293,"column":4},"end":{"line":298,"column":5}},{"start":{},"end":{}}],"line":293},"51":{"loc":{"start":{"line":294,"column":6},"end":{"line":294,"column":51}},"type":"if","locations":[{"start":{"line":294,"column":6},"end":{"line":294,"column":51}},{"start":{},"end":{}}],"line":294},"52":{"loc":{"start":{"line":295,"column":6},"end":{"line":295,"column":52}},"type":"if","locations":[{"start":{"line":295,"column":6},"end":{"line":295,"column":52}},{"start":{},"end":{}}],"line":295},"53":{"loc":{"start":{"line":296,"column":6},"end":{"line":296,"column":53}},"type":"if","locations":[{"start":{"line":296,"column":6},"end":{"line":296,"column":53}},{"start":{},"end":{}}],"line":296},"54":{"loc":{"start":{"line":299,"column":4},"end":{"line":299,"column":43}},"type":"if","locations":[{"start":{"line":299,"column":4},"end":{"line":299,"column":43}},{"start":{},"end":{}}],"line":299},"55":{"loc":{"start":{"line":299,"column":8},"end":{"line":299,"column":33}},"type":"binary-expr","locations":[{"start":{"line":299,"column":8},"end":{"line":299,"column":18}},{"start":{"line":299,"column":22},"end":{"line":299,"column":33}}],"line":299},"56":{"loc":{"start":{"line":300,"column":4},"end":{"line":300,"column":43}},"type":"if","locations":[{"start":{"line":300,"column":4},"end":{"line":300,"column":43}},{"start":{},"end":{}}],"line":300},"57":{"loc":{"start":{"line":300,"column":8},"end":{"line":300,"column":33}},"type":"binary-expr","locations":[{"start":{"line":300,"column":8},"end":{"line":300,"column":19}},{"start":{"line":300,"column":23},"end":{"line":300,"column":33}}],"line":300},"58":{"loc":{"start":{"line":301,"column":4},"end":{"line":301,"column":43}},"type":"if","locations":[{"start":{"line":301,"column":4},"end":{"line":301,"column":43}},{"start":{},"end":{}}],"line":301},"59":{"loc":{"start":{"line":301,"column":8},"end":{"line":301,"column":33}},"type":"binary-expr","locations":[{"start":{"line":301,"column":8},"end":{"line":301,"column":18}},{"start":{"line":301,"column":22},"end":{"line":301,"column":33}}],"line":301},"60":{"loc":{"start":{"line":306,"column":18},"end":{"line":306,"column":32}},"type":"default-arg","locations":[{"start":{"line":306,"column":31},"end":{"line":306,"column":32}}],"line":306},"61":{"loc":{"start":{"line":306,"column":34},"end":{"line":306,"column":46}},"type":"default-arg","locations":[{"start":{"line":306,"column":45},"end":{"line":306,"column":46}}],"line":306},"62":{"loc":{"start":{"line":325,"column":4},"end":{"line":327,"column":5}},"type":"if","locations":[{"start":{"line":325,"column":4},"end":{"line":327,"column":5}},{"start":{},"end":{}}],"line":325},"63":{"loc":{"start":{"line":325,"column":8},"end":{"line":325,"column":68}},"type":"binary-expr","locations":[{"start":{"line":325,"column":8},"end":{"line":325,"column":36}},{"start":{"line":325,"column":40},"end":{"line":325,"column":68}}],"line":325},"64":{"loc":{"start":{"line":339,"column":4},"end":{"line":341,"column":5}},"type":"if","locations":[{"start":{"line":339,"column":4},"end":{"line":341,"column":5}},{"start":{},"end":{}}],"line":339},"65":{"loc":{"start":{"line":342,"column":4},"end":{"line":342,"column":54}},"type":"if","locations":[{"start":{"line":342,"column":4},"end":{"line":342,"column":54}},{"start":{},"end":{}}],"line":342},"66":{"loc":{"start":{"line":342,"column":8},"end":{"line":342,"column":40}},"type":"binary-expr","locations":[{"start":{"line":342,"column":8},"end":{"line":342,"column":22}},{"start":{"line":342,"column":26},"end":{"line":342,"column":40}}],"line":342},"67":{"loc":{"start":{"line":345,"column":4},"end":{"line":345,"column":50}},"type":"if","locations":[{"start":{"line":345,"column":4},"end":{"line":345,"column":50}},{"start":{},"end":{}}],"line":345},"68":{"loc":{"start":{"line":345,"column":8},"end":{"line":345,"column":36}},"type":"binary-expr","locations":[{"start":{"line":345,"column":8},"end":{"line":345,"column":20}},{"start":{"line":345,"column":24},"end":{"line":345,"column":36}}],"line":345},"69":{"loc":{"start":{"line":348,"column":4},"end":{"line":348,"column":34}},"type":"if","locations":[{"start":{"line":348,"column":4},"end":{"line":348,"column":34}},{"start":{},"end":{}}],"line":348},"70":{"loc":{"start":{"line":349,"column":4},"end":{"line":349,"column":53}},"type":"if","locations":[{"start":{"line":349,"column":4},"end":{"line":349,"column":53}},{"start":{},"end":{}}],"line":349},"71":{"loc":{"start":{"line":356,"column":4},"end":{"line":361,"column":5}},"type":"if","locations":[{"start":{"line":356,"column":4},"end":{"line":361,"column":5}},{"start":{},"end":{}}],"line":356},"72":{"loc":{"start":{"line":358,"column":6},"end":{"line":358,"column":94}},"type":"if","locations":[{"start":{"line":358,"column":6},"end":{"line":358,"column":94}},{"start":{},"end":{}}],"line":358},"73":{"loc":{"start":{"line":364,"column":4},"end":{"line":364,"column":55}},"type":"if","locations":[{"start":{"line":364,"column":4},"end":{"line":364,"column":55}},{"start":{},"end":{}}],"line":364},"74":{"loc":{"start":{"line":383,"column":4},"end":{"line":389,"column":5}},"type":"if","locations":[{"start":{"line":383,"column":4},"end":{"line":389,"column":5}},{"start":{},"end":{}}],"line":383},"75":{"loc":{"start":{"line":384,"column":13},"end":{"line":388,"column":45}},"type":"binary-expr","locations":[{"start":{"line":384,"column":13},"end":{"line":384,"column":34}},{"start":{"line":385,"column":13},"end":{"line":385,"column":34}},{"start":{"line":388,"column":14},"end":{"line":388,"column":27}},{"start":{"line":388,"column":31},"end":{"line":388,"column":44}}],"line":384},"76":{"loc":{"start":{"line":390,"column":4},"end":{"line":392,"column":5}},"type":"if","locations":[{"start":{"line":390,"column":4},"end":{"line":392,"column":5}},{"start":{},"end":{}}],"line":390},"77":{"loc":{"start":{"line":391,"column":13},"end":{"line":391,"column":71}},"type":"binary-expr","locations":[{"start":{"line":391,"column":13},"end":{"line":391,"column":38}},{"start":{"line":391,"column":42},"end":{"line":391,"column":71}}],"line":391}},"s":{"0":5,"1":5,"2":421,"3":30,"4":1,"5":29,"6":1,"7":28,"8":28,"9":28,"10":2,"11":2,"12":28,"13":391,"14":1,"15":390,"16":1,"17":389,"18":389,"19":623,"20":28,"21":6,"22":22,"23":617,"24":6,"25":0,"26":6,"27":0,"28":6,"29":2,"30":2,"31":2,"32":2,"33":4,"34":2,"35":2,"36":2,"37":2,"38":2,"39":2,"40":2,"41":2,"42":549,"43":26,"44":4,"45":22,"46":545,"47":5,"48":0,"49":5,"50":2,"51":3,"52":1,"53":1,"54":1,"55":1,"56":2,"57":0,"58":0,"59":0,"60":0,"61":2,"62":2,"63":2,"64":2,"65":76,"66":19,"67":76,"68":20,"69":0,"70":20,"71":0,"72":20,"73":13,"74":5,"75":1,"76":1,"77":1,"78":4,"79":4,"80":4,"81":8,"82":8,"83":7,"84":7,"85":7,"86":20,"87":1,"88":20,"89":140,"90":67,"91":1,"92":66,"93":139,"94":3,"95":1,"96":2,"97":0,"98":2,"99":2,"100":2,"101":2,"102":0,"103":47,"104":46,"105":46,"106":46,"107":46,"108":1,"109":1,"110":1,"111":1,"112":4,"113":2,"114":2,"115":37,"116":0,"117":37,"118":37,"119":37,"120":37,"121":37,"122":4,"123":4,"124":2,"125":2,"126":2,"127":1,"128":1,"129":1,"130":1,"131":7,"132":1,"133":7,"134":6,"135":7,"136":6,"137":7,"138":179,"139":0,"140":179,"141":1,"142":11,"143":10,"144":4,"145":4,"146":10,"147":5,"148":5,"149":1,"150":11,"151":86,"152":4,"153":1,"154":3,"155":1,"156":2,"157":1,"158":1,"159":82,"160":27,"161":55,"162":22,"163":33,"164":21,"165":12,"166":0,"167":0,"168":0,"169":45,"170":90,"171":37,"172":36,"173":1,"174":1,"175":1,"176":4,"177":0,"178":4,"179":0,"180":4,"181":4,"182":4,"183":1,"184":3,"185":3,"186":0,"187":3,"188":0,"189":3,"190":4,"191":4,"192":4,"193":0,"194":4,"195":4,"196":0,"197":0,"198":0,"199":0,"200":0,"201":0,"202":3,"203":240,"204":148,"205":92,"206":92,"207":0,"208":0,"209":0,"210":0,"211":0},"f":{"0":421,"1":623,"2":6,"3":549,"4":5,"5":76,"6":20,"7":140,"8":3,"9":0,"10":47,"11":4,"12":37,"13":4,"14":2,"15":1,"16":1,"17":7,"18":179,"19":1,"20":11,"21":86,"22":0,"23":45,"24":90,"25":37,"26":4,"27":4,"28":0,"29":3,"30":240,"31":0,"32":0,"33":0,"34":0,"35":0},"b":{"0":[30,391],"1":[1,29],"2":[1,28],"3":[2,26],"4":[1,390],"5":[1,389],"6":[28,595],"7":[6,22],"8":[0,6],"9":[0,6],"10":[2,4],"11":[6,2],"12":[2,2],"13":[26,523],"14":[4,22],"15":[0,5],"16":[2,3],"17":[1,2],"18":[3,1],"19":[0,2],"20":[19,57],"21":[0,20],"22":[0,20],"23":[13,7],"24":[5,8],"25":[1,4],"26":[1,19],"27":[20,17],"28":[67,73],"29":[1,66],"30":[67,14],"31":[1,2],"32":[0,2],"33":[46,1],"34":[4],"35":[2,2],"36":[4,2],"37":[2,2],"38":[2,1],"39":[0,37],"40":[37,0],"41":[37,0],"42":[1,6],"43":[6,1],"44":[6,1],"45":[0,179],"46":[1,0],"47":[10,1],"48":[4,6],"49":[5,5],"50":[4,82],"51":[1,3],"52":[1,2],"53":[1,1],"54":[27,55],"55":[82,35],"56":[22,33],"57":[55,47],"58":[21,12],"59":[33,21],"60":[0],"61":[0],"62":[36,1],"63":[37,36],"64":[0,4],"65":[0,4],"66":[4,0],"67":[1,3],"68":[4,1],"69":[0,3],"70":[0,3],"71":[4,0],"72":[0,4],"73":[0,0],"74":[148,92],"75":[148,137,137,8],"76":[92,0],"77":[92,8]},"_coverageSchema":"1a1c01bbd47fc00a2c39e90264f33305004495a9","hash":"d2e7f59a1050409ad6c149e23ce3557ef085b871"}
}
