TN:
SF:geometry.js
FN:13,setGlobalEqualsPrecision
FN:36,orientation
FN:52,boundAngle
FN:59,angleDiff
FN:83,anglesMatch
FN:92,equals
FN:118,minNumber
FN:130,valueMagnitude
FN:141,validNumber
FNF:9
FNH:6
FNDA:0,setGlobalEqualsPrecision
FNDA:2676,orientation
FNDA:68,boundAngle
FNDA:0,angleDiff
FNDA:0,anglesMatch
FNDA:1211,equals
FNDA:35,minNumber
FNDA:1200,valueMagnitude
FNDA:8069,validNumber
DA:12,1
DA:14,0
DA:15,0
DA:25,1
DA:37,2676
DA:38,2676
DA:39,2676
DA:40,2676
DA:43,2676
DA:44,2676
DA:46,2676
DA:47,2676
DA:48,2507
DA:53,68
DA:54,68
DA:55,48
DA:56,46
DA:60,0
DA:61,0
DA:62,0
DA:63,0
DA:64,0
DA:67,1
DA:84,0
DA:85,0
DA:86,0
DA:87,0
DA:88,0
DA:93,1211
DA:95,51
DA:97,1160
DA:99,1156
DA:101,1129
DA:103,1156
DA:119,35
DA:120,35
DA:121,35
DA:122,595
DA:124,35
DA:126,560
DA:131,1200
DA:132,1200
DA:133,1199
DA:134,83
DA:142,8069
DA:143,7955
DA:144,4
LF:47
LH:35
BRDA:14,0,0,0
BRDA:14,0,1,0
BRDA:43,1,0,1400
BRDA:43,1,1,1276
BRDA:43,2,0,2676
BRDA:43,2,1,1397
BRDA:44,3,0,957
BRDA:44,3,1,1719
BRDA:44,4,0,2676
BRDA:44,4,1,1850
BRDA:47,5,0,169
BRDA:47,5,1,2507
BRDA:48,6,0,534
BRDA:48,6,1,1973
BRDA:54,7,0,20
BRDA:54,7,1,48
BRDA:55,8,0,2
BRDA:55,8,1,46
BRDA:63,9,0,0
BRDA:63,9,1,0
BRDA:83,10,0,0
BRDA:87,11,0,0
BRDA:87,11,1,0
BRDA:87,12,0,0
BRDA:87,12,1,0
BRDA:88,13,0,0
BRDA:88,13,1,0
BRDA:88,14,0,0
BRDA:88,14,1,0
BRDA:88,14,2,0
BRDA:92,15,0,1172
BRDA:93,16,0,51
BRDA:93,16,1,1160
BRDA:93,17,0,1211
BRDA:93,17,1,1187
BRDA:93,17,2,1174
BRDA:93,17,3,1160
BRDA:95,18,0,51
BRDA:95,18,1,24
BRDA:95,18,2,44
BRDA:95,18,3,14
BRDA:97,19,0,4
BRDA:97,19,1,1156
BRDA:97,20,0,1160
BRDA:97,20,1,1156
BRDA:99,21,0,1129
BRDA:99,21,1,27
BRDA:118,22,0,23
BRDA:122,23,0,35
BRDA:122,23,1,560
BRDA:132,24,0,1
BRDA:132,24,1,1199
BRDA:133,25,0,1116
BRDA:133,25,1,83
BRDA:142,26,0,114
BRDA:142,26,1,7955
BRDA:142,27,0,8069
BRDA:142,27,1,7961
BRDA:143,28,0,7951
BRDA:143,28,1,4
BRF:60
BRH:46
end_of_record
TN:
SF:structures\point.js
FN:11,(anonymous_0)
FN:19,(anonymous_1)
FN:22,(anonymous_2)
FN:27,(anonymous_3)
FN:30,(anonymous_4)
FN:36,(anonymous_5)
FN:41,(anonymous_6)
FN:46,(anonymous_7)
FN:55,(anonymous_8)
FN:72,(anonymous_9)
FN:77,(anonymous_10)
FN:82,(anonymous_11)
FN:89,(anonymous_12)
FNF:13
FNH:10
FNDA:2087,(anonymous_0)
FNDA:15078,(anonymous_1)
FNDA:0,(anonymous_2)
FNDA:13700,(anonymous_3)
FNDA:0,(anonymous_4)
FNDA:1615,(anonymous_5)
FNDA:306,(anonymous_6)
FNDA:660,(anonymous_7)
FNDA:246,(anonymous_8)
FNDA:48,(anonymous_9)
FNDA:0,(anonymous_10)
FNDA:58,(anonymous_11)
FNDA:306,(anonymous_12)
DA:12,2087
DA:13,2087
DA:14,2087
DA:15,2087
DA:20,15078
DA:23,0
DA:24,0
DA:28,13700
DA:31,0
DA:32,0
DA:37,1615
DA:42,306
DA:47,660
DA:48,660
DA:56,246
DA:57,246
DA:58,233
DA:63,198
DA:65,35
DA:67,35
DA:68,20
DA:73,48
DA:78,0
DA:83,58
DA:84,58
DA:85,58
DA:90,306
DA:91,306
DA:92,306
LF:29
LH:24
BRDA:12,0,0,0
BRDA:12,0,1,2087
BRDA:13,1,0,0
BRDA:13,1,1,2087
BRDA:23,2,0,0
BRDA:23,2,1,0
BRDA:31,3,0,0
BRDA:31,3,1,0
BRDA:46,4,0,659
BRDA:47,5,0,0
BRDA:47,5,1,660
BRDA:48,6,0,660
BRDA:48,6,1,225
BRDA:56,7,0,0
BRDA:56,7,1,246
BRDA:57,8,0,13
BRDA:57,8,1,233
BRDA:57,9,0,246
BRDA:57,9,1,238
BRDA:58,10,0,198
BRDA:58,10,1,35
BRDA:59,11,0,233
BRDA:59,11,1,194
BRDA:59,11,2,115
BRDA:59,11,3,80
BRDA:67,12,0,15
BRDA:67,12,1,20
BRF:27
BRH:19
end_of_record
TN:
SF:structures\polygon.js
FN:11,(anonymous_0)
FN:54,(anonymous_1)
FN:76,(anonymous_2)
FN:79,(anonymous_3)
FN:82,(anonymous_4)
FN:85,(anonymous_5)
FN:88,(anonymous_6)
FN:93,(anonymous_7)
FN:96,(anonymous_8)
FN:98,(anonymous_9)
FN:103,(anonymous_10)
FN:106,(anonymous_11)
FN:108,(anonymous_12)
FN:113,(anonymous_13)
FN:116,(anonymous_14)
FN:118,(anonymous_15)
FN:129,(anonymous_16)
FN:130,(anonymous_17)
FN:131,(anonymous_18)
FN:134,(anonymous_19)
FN:145,(anonymous_20)
FN:164,(anonymous_21)
FN:177,(anonymous_22)
FN:181,(anonymous_23)
FN:181,(anonymous_24)
FN:185,(anonymous_25)
FN:197,(anonymous_26)
FN:202,(anonymous_27)
FN:209,(anonymous_28)
FN:210,(anonymous_29)
FN:211,(anonymous_30)
FN:212,(anonymous_31)
FN:214,(anonymous_32)
FN:221,(anonymous_33)
FN:224,(anonymous_34)
FN:242,(anonymous_35)
FN:255,(anonymous_36)
FN:288,(anonymous_37)
FN:291,(anonymous_38)
FN:340,(anonymous_39)
FN:355,(anonymous_40)
FN:382,(anonymous_41)
FN:387,(anonymous_42)
FN:389,(anonymous_43)
FN:394,(anonymous_44)
FN:395,(anonymous_45)
FN:399,(anonymous_46)
FN:400,(anonymous_47)
FN:404,(anonymous_48)
FN:405,(anonymous_49)
FNF:50
FNH:41
FNDA:72,(anonymous_0)
FNDA:12,(anonymous_1)
FNDA:1240,(anonymous_2)
FNDA:0,(anonymous_3)
FNDA:2908,(anonymous_4)
FNDA:331,(anonymous_5)
FNDA:331,(anonymous_6)
FNDA:0,(anonymous_7)
FNDA:45,(anonymous_8)
FNDA:40,(anonymous_9)
FNDA:0,(anonymous_10)
FNDA:9,(anonymous_11)
FNDA:36,(anonymous_12)
FNDA:0,(anonymous_13)
FNDA:140,(anonymous_14)
FNDA:245,(anonymous_15)
FNDA:0,(anonymous_16)
FNDA:32,(anonymous_17)
FNDA:0,(anonymous_18)
FNDA:4,(anonymous_19)
FNDA:51,(anonymous_20)
FNDA:0,(anonymous_21)
FNDA:4,(anonymous_22)
FNDA:6,(anonymous_23)
FNDA:15,(anonymous_24)
FNDA:4,(anonymous_25)
FNDA:10,(anonymous_26)
FNDA:111,(anonymous_27)
FNDA:116,(anonymous_28)
FNDA:128,(anonymous_29)
FNDA:65,(anonymous_30)
FNDA:115,(anonymous_31)
FNDA:14,(anonymous_32)
FNDA:16,(anonymous_33)
FNDA:2,(anonymous_34)
FNDA:229,(anonymous_35)
FNDA:36,(anonymous_36)
FNDA:11,(anonymous_37)
FNDA:44,(anonymous_38)
FNDA:16,(anonymous_39)
FNDA:2,(anonymous_40)
FNDA:2,(anonymous_41)
FNDA:2,(anonymous_42)
FNDA:8,(anonymous_43)
FNDA:1,(anonymous_44)
FNDA:4,(anonymous_45)
FNDA:0,(anonymous_46)
FNDA:0,(anonymous_47)
FNDA:6,(anonymous_48)
FNDA:25,(anonymous_49)
DA:12,72
DA:13,72
DA:15,72
DA:16,72
DA:17,323
DA:18,323
DA:19,323
DA:20,323
DA:22,323
DA:25,72
DA:27,72
DA:28,201
DA:30,467
DA:32,201
DA:33,6
DA:35,5
DA:38,1
DA:42,266
DA:44,63
DA:45,0
DA:47,203
DA:48,10
DA:52,61
DA:54,12
DA:56,2
DA:57,2
DA:61,61
DA:73,61
DA:77,1240
DA:79,0
DA:83,2908
DA:84,74
DA:85,74
DA:86,331
DA:88,331
DA:89,74
DA:91,2908
DA:93,0
DA:97,45
DA:98,40
DA:99,10
DA:101,45
DA:103,0
DA:107,9
DA:108,36
DA:109,9
DA:111,9
DA:113,0
DA:117,140
DA:118,245
DA:124,61
DA:125,61
DA:127,140
DA:129,0
DA:130,32
DA:131,0
DA:135,4
DA:146,51
DA:147,51
DA:148,51
DA:149,171
DA:151,171
DA:152,156
DA:154,33
DA:155,21
DA:159,36
DA:160,33
DA:161,20
DA:165,0
DA:166,0
DA:168,0
DA:178,4
DA:179,4
DA:181,15
DA:186,4
DA:187,4
DA:188,4
DA:189,4
DA:190,4
DA:198,10
DA:200,10
DA:203,111
DA:206,10
DA:209,116
DA:210,128
DA:211,65
DA:212,115
DA:215,14
DA:216,14
DA:221,16
DA:222,10
DA:224,2
DA:225,2
DA:227,8
DA:229,10
DA:232,10
DA:233,10
DA:234,65
DA:236,65
DA:237,6
DA:238,6
DA:242,59
DA:243,229
DA:244,229
DA:247,59
DA:249,36
DA:250,36
DA:251,36
DA:255,23
DA:256,36
DA:257,36
DA:258,6
DA:260,36
DA:262,36
DA:263,21
DA:266,23
DA:268,9
DA:271,9
DA:272,9
DA:275,14
DA:276,14
DA:279,10
DA:289,11
DA:291,11
DA:292,44
DA:293,44
DA:294,44
DA:297,11
DA:302,11
DA:307,11
DA:310,8
DA:311,1
DA:312,1
DA:314,1
DA:317,7
DA:318,3
DA:319,3
DA:323,4
DA:324,4
DA:326,8
DA:327,8
DA:329,3
DA:341,16
DA:342,16
DA:343,16
DA:344,16
DA:345,16
DA:346,16
DA:347,16
DA:348,16
DA:356,2
DA:357,1
DA:358,1
DA:359,4
DA:360,4
DA:361,4
DA:363,4
DA:364,4
DA:365,4
DA:366,4
DA:367,4
DA:368,4
DA:371,4
DA:378,1
DA:383,2
DA:388,2
DA:389,8
DA:391,2
DA:395,4
DA:400,0
DA:405,25
LF:171
LH:160
BRDA:12,0,0,0
BRDA:12,0,1,72
BRDA:13,1,0,0
BRDA:13,1,1,72
BRDA:17,2,0,323
BRDA:17,2,1,0
BRDA:18,3,0,0
BRDA:18,3,1,323
BRDA:19,4,0,0
BRDA:19,4,1,323
BRDA:30,5,0,201
BRDA:30,5,1,266
BRDA:32,6,0,6
BRDA:32,6,1,195
BRDA:33,7,0,5
BRDA:33,7,1,1
BRDA:42,8,0,63
BRDA:42,8,1,203
BRDA:42,9,0,266
BRDA:42,9,1,170
BRDA:44,10,0,0
BRDA:44,10,1,63
BRDA:47,11,0,10
BRDA:47,11,1,193
BRDA:52,12,0,2
BRDA:52,12,1,59
BRDA:73,13,0,61
BRDA:73,13,1,0
BRDA:83,14,0,74
BRDA:83,14,1,2834
BRDA:97,15,0,10
BRDA:97,15,1,35
BRDA:107,16,0,9
BRDA:107,16,1,0
BRDA:117,17,0,61
BRDA:117,17,1,79
BRDA:124,18,0,0
BRDA:124,18,1,61
BRDA:151,19,0,15
BRDA:151,19,1,156
BRDA:152,20,0,33
BRDA:152,20,1,123
BRDA:154,21,0,21
BRDA:154,21,1,12
BRDA:154,22,0,33
BRDA:154,22,1,12
BRDA:154,22,2,1
BRDA:159,23,0,3
BRDA:159,23,1,33
BRDA:159,24,0,36
BRDA:159,24,1,22
BRDA:160,25,0,13
BRDA:160,25,1,20
BRDA:160,26,0,33
BRDA:160,26,1,14
BRDA:166,27,0,0
BRDA:166,27,1,0
BRDA:179,28,0,1
BRDA:179,28,1,3
BRDA:212,29,0,61
BRDA:212,29,1,54
BRDA:222,30,0,2
BRDA:222,30,1,8
BRDA:236,31,0,6
BRDA:236,31,1,59
BRDA:243,32,0,36
BRDA:243,32,1,193
BRDA:247,33,0,36
BRDA:247,33,1,23
BRDA:257,34,0,6
BRDA:257,34,1,30
BRDA:262,35,0,15
BRDA:262,35,1,21
BRDA:262,36,0,36
BRDA:262,36,1,23
BRDA:266,37,0,9
BRDA:266,37,1,14
BRDA:271,38,0,8
BRDA:271,38,1,1
BRDA:288,39,0,11
BRDA:289,40,0,0
BRDA:289,40,1,11
BRDA:294,41,0,19
BRDA:294,41,1,25
BRDA:297,42,0,11
BRDA:297,42,1,0
BRDA:307,43,0,8
BRDA:307,43,1,3
BRDA:310,44,0,1
BRDA:310,44,1,7
BRDA:312,45,0,1
BRDA:312,45,1,0
BRDA:317,46,0,3
BRDA:317,46,1,4
BRDA:324,47,0,0
BRDA:324,47,1,4
BRDA:341,48,0,8
BRDA:341,48,1,8
BRDA:343,49,0,4
BRDA:343,49,1,12
BRDA:348,50,0,0
BRDA:348,50,1,16
BRDA:356,51,0,1
BRDA:356,51,1,1
BRDA:361,52,0,1
BRDA:361,52,1,3
BRDA:367,53,0,4
BRDA:367,53,1,0
BRDA:388,54,0,2
BRDA:388,54,1,0
BRF:110
BRH:92
end_of_record
TN:
SF:structures\segment.js
FN:25,(anonymous_0)
FN:64,(anonymous_1)
FN:67,(anonymous_2)
FN:75,(anonymous_3)
FN:76,(anonymous_4)
FN:79,(anonymous_5)
FN:83,(anonymous_6)
FN:90,(anonymous_7)
FN:94,(anonymous_8)
FN:97,(anonymous_9)
FN:98,(anonymous_10)
FN:100,(anonymous_11)
FN:101,(anonymous_12)
FN:103,(anonymous_13)
FN:104,(anonymous_14)
FN:107,(anonymous_15)
FN:108,(anonymous_16)
FN:111,(anonymous_17)
FN:121,(anonymous_18)
FN:124,(anonymous_19)
FN:129,(anonymous_20)
FN:138,(anonymous_21)
FN:143,(anonymous_22)
FN:151,(anonymous_23)
FN:158,(anonymous_24)
FN:166,(anonymous_25)
FN:202,(anonymous_26)
FN:224,(anonymous_27)
FN:232,(anonymous_28)
FN:244,(anonymous_29)
FN:249,(anonymous_30)
FN:256,(anonymous_31)
FNF:32
FNH:15
FNDA:650,(anonymous_0)
FNDA:2145,(anonymous_1)
FNDA:0,(anonymous_2)
FNDA:0,(anonymous_3)
FNDA:0,(anonymous_4)
FNDA:2282,(anonymous_5)
FNDA:0,(anonymous_6)
FNDA:507,(anonymous_7)
FNDA:0,(anonymous_8)
FNDA:2,(anonymous_9)
FNDA:0,(anonymous_10)
FNDA:2,(anonymous_11)
FNDA:0,(anonymous_12)
FNDA:0,(anonymous_13)
FNDA:0,(anonymous_14)
FNDA:0,(anonymous_15)
FNDA:0,(anonymous_16)
FNDA:0,(anonymous_17)
FNDA:70,(anonymous_18)
FNDA:0,(anonymous_19)
FNDA:0,(anonymous_20)
FNDA:0,(anonymous_21)
FNDA:22,(anonymous_22)
FNDA:0,(anonymous_23)
FNDA:220,(anonymous_24)
FNDA:36,(anonymous_25)
FNDA:603,(anonymous_26)
FNDA:0,(anonymous_27)
FNDA:44,(anonymous_28)
FNDA:76,(anonymous_29)
FNDA:2,(anonymous_30)
FNDA:22,(anonymous_31)
DA:8,1
DA:10,1
DA:26,650
DA:27,650
DA:28,0
DA:29,0
DA:30,0
DA:31,0
DA:33,0
DA:35,650
DA:36,650
DA:38,650
DA:39,599
DA:40,599
DA:41,51
DA:42,0
DA:43,51
DA:44,51
DA:45,51
DA:46,51
DA:47,51
DA:48,51
DA:49,0
DA:50,0
DA:52,0
DA:55,0
DA:65,2145
DA:68,0
DA:69,0
DA:70,0
DA:71,0
DA:75,0
DA:76,0
DA:80,2282
DA:81,2282
DA:84,0
DA:85,0
DA:86,0
DA:91,507
DA:92,507
DA:94,0
DA:97,2
DA:98,0
DA:100,2
DA:101,0
DA:103,0
DA:104,0
DA:107,0
DA:108,0
DA:113,0
DA:114,0
DA:116,0
DA:118,0
DA:122,70
DA:124,0
DA:130,0
DA:131,0
DA:132,0
DA:133,0
DA:134,0
DA:139,0
DA:144,22
DA:145,22
DA:147,0
DA:152,0
DA:153,0
DA:154,0
DA:159,220
DA:168,36
DA:169,6
DA:171,30
DA:172,6
DA:175,24
DA:176,24
DA:177,24
DA:179,24
DA:180,6
DA:182,18
DA:183,0
DA:186,18
DA:187,18
DA:189,18
DA:190,18
DA:195,0
DA:203,603
DA:204,603
DA:205,603
DA:206,603
DA:208,603
DA:210,534
DA:211,528
DA:212,524
DA:213,521
DA:215,521
DA:225,0
DA:226,0
DA:227,0
DA:228,0
DA:233,44
DA:234,44
DA:236,44
DA:237,35
DA:238,35
DA:245,76
DA:250,2
DA:257,22
DA:258,22
DA:260,0
DA:261,0
LF:109
LH:60
BRDA:26,0,0,650
BRDA:26,0,1,0
BRDA:28,1,0,0
BRDA:28,1,1,0
BRDA:28,2,0,0
BRDA:28,2,1,0
BRDA:28,2,2,0
BRDA:29,3,0,0
BRDA:29,3,1,0
BRDA:30,4,0,0
BRDA:30,4,1,0
BRDA:38,5,0,599
BRDA:38,5,1,51
BRDA:41,6,0,0
BRDA:41,6,1,51
BRDA:43,7,0,51
BRDA:43,7,1,0
BRDA:44,8,0,51
BRDA:44,8,1,0
BRDA:44,9,0,51
BRDA:44,9,1,51
BRDA:45,10,0,0
BRDA:45,10,1,51
BRDA:46,11,0,0
BRDA:46,11,1,51
BRDA:49,12,0,0
BRDA:49,12,1,0
BRDA:49,13,0,0
BRDA:49,13,1,0
BRDA:68,14,0,0
BRDA:68,14,1,0
BRDA:84,15,0,0
BRDA:84,15,1,0
BRDA:113,16,0,0
BRDA:113,16,1,0
BRDA:133,17,0,0
BRDA:133,17,1,0
BRDA:138,18,0,0
BRDA:139,19,0,0
BRDA:139,19,1,0
BRDA:144,20,0,22
BRDA:144,20,1,0
BRDA:168,21,0,6
BRDA:168,21,1,30
BRDA:168,22,0,36
BRDA:168,22,1,32
BRDA:171,23,0,6
BRDA:171,23,1,24
BRDA:171,24,0,30
BRDA:171,24,1,26
BRDA:179,25,0,6
BRDA:179,25,1,18
BRDA:179,26,0,24
BRDA:179,26,1,6
BRDA:182,27,0,0
BRDA:182,27,1,18
BRDA:182,28,0,18
BRDA:182,28,1,0
BRDA:189,29,0,18
BRDA:189,29,1,0
BRDA:189,30,0,18
BRDA:189,30,1,18
BRDA:189,30,2,18
BRDA:189,30,3,18
BRDA:189,30,4,18
BRDA:208,31,0,69
BRDA:208,31,1,534
BRDA:208,32,0,603
BRDA:208,32,1,173
BRDA:210,33,0,6
BRDA:210,33,1,528
BRDA:210,34,0,534
BRDA:210,34,1,25
BRDA:211,35,0,4
BRDA:211,35,1,524
BRDA:211,36,0,528
BRDA:211,36,1,16
BRDA:212,37,0,3
BRDA:212,37,1,521
BRDA:212,38,0,524
BRDA:212,38,1,14
BRDA:213,39,0,0
BRDA:213,39,1,521
BRDA:213,40,0,521
BRDA:213,40,1,20
BRDA:226,41,0,0
BRDA:226,41,1,0
BRDA:227,42,0,0
BRDA:227,42,1,0
BRDA:236,43,0,9
BRDA:236,43,1,35
BRDA:237,44,0,0
BRDA:237,44,1,35
BRDA:257,45,0,22
BRDA:257,45,1,0
BRDA:258,46,0,22
BRDA:258,46,1,22
BRDA:260,47,0,0
BRDA:260,47,1,0
BRDA:261,48,0,0
BRDA:261,48,1,0
BRF:101
BRH:56
end_of_record
TN:
SF:structures\vector.js
FN:26,(anonymous_0)
FN:51,(anonymous_1)
FN:55,(anonymous_2)
FN:65,(anonymous_3)
FN:70,(anonymous_4)
FN:80,(anonymous_5)
FN:84,(anonymous_6)
FN:112,(anonymous_7)
FN:120,(anonymous_8)
FN:131,(anonymous_9)
FN:147,(anonymous_10)
FN:155,(anonymous_11)
FN:163,(anonymous_12)
FN:169,(anonymous_13)
FN:176,(anonymous_14)
FN:183,(anonymous_15)
FN:188,(anonymous_16)
FN:196,(anonymous_17)
FN:202,(anonymous_18)
FN:207,(anonymous_19)
FN:224,(anonymous_20)
FN:238,(anonymous_21)
FN:246,(anonymous_22)
FN:251,(anonymous_23)
FN:256,(anonymous_24)
FN:270,(anonymous_25)
FN:285,(anonymous_26)
FN:298,(anonymous_27)
FN:304,(anonymous_28)
FN:311,(anonymous_29)
FN:323,(anonymous_30)
FN:325,(anonymous_31)
FN:327,(anonymous_32)
FN:329,(anonymous_33)
FN:331,(anonymous_34)
FNF:35
FNH:18
FNDA:414,(anonymous_0)
FNDA:594,(anonymous_1)
FNDA:0,(anonymous_2)
FNDA:487,(anonymous_3)
FNDA:0,(anonymous_4)
FNDA:29,(anonymous_5)
FNDA:11,(anonymous_6)
FNDA:68,(anonymous_7)
FNDA:0,(anonymous_8)
FNDA:50,(anonymous_9)
FNDA:0,(anonymous_10)
FNDA:46,(anonymous_11)
FNDA:3,(anonymous_12)
FNDA:0,(anonymous_13)
FNDA:0,(anonymous_14)
FNDA:0,(anonymous_15)
FNDA:4,(anonymous_16)
FNDA:301,(anonymous_17)
FNDA:0,(anonymous_18)
FNDA:8,(anonymous_19)
FNDA:100,(anonymous_20)
FNDA:0,(anonymous_21)
FNDA:50,(anonymous_22)
FNDA:70,(anonymous_23)
FNDA:46,(anonymous_24)
FNDA:0,(anonymous_25)
FNDA:4,(anonymous_26)
FNDA:0,(anonymous_27)
FNDA:0,(anonymous_28)
FNDA:261,(anonymous_29)
FNDA:0,(anonymous_30)
FNDA:0,(anonymous_31)
FNDA:0,(anonymous_32)
FNDA:0,(anonymous_33)
FNDA:0,(anonymous_34)
DA:7,1
DA:9,1
DA:28,414
DA:29,8
DA:30,8
DA:31,8
DA:32,8
DA:34,8
DA:35,0
DA:37,0
DA:39,8
DA:42,406
DA:43,406
DA:44,406
DA:45,406
DA:52,594
DA:53,594
DA:56,0
DA:57,0
DA:58,0
DA:59,0
DA:60,0
DA:61,0
DA:67,487
DA:68,487
DA:71,0
DA:72,0
DA:73,0
DA:74,0
DA:75,0
DA:76,0
DA:81,29
DA:82,29
DA:85,11
DA:86,11
DA:88,11
DA:90,7
DA:91,3
DA:92,3
DA:93,3
DA:96,4
DA:97,4
DA:100,4
DA:101,4
DA:102,4
DA:106,11
DA:108,11
DA:113,68
DA:115,44
DA:116,44
DA:118,68
DA:121,0
DA:122,0
DA:123,0
DA:125,0
DA:126,0
DA:127,0
DA:132,50
DA:133,50
DA:134,50
DA:135,50
DA:136,50
DA:138,0
DA:139,0
DA:140,0
DA:141,0
DA:148,0
DA:149,0
DA:151,0
DA:156,46
DA:157,46
DA:158,46
DA:159,46
DA:164,3
DA:165,3
DA:170,0
DA:171,0
DA:172,0
DA:177,0
DA:178,0
DA:179,0
DA:184,0
DA:189,4
DA:190,4
DA:191,4
DA:192,4
DA:197,301
DA:198,301
DA:203,0
DA:208,8
DA:209,8
DA:210,4
DA:211,4
DA:213,8
DA:214,4
DA:215,4
DA:218,0
DA:220,8
DA:225,100
DA:226,0
DA:227,0
DA:228,0
DA:229,0
DA:231,100
DA:232,75
DA:233,55
DA:234,32
DA:239,0
DA:240,0
DA:242,0
DA:247,50
DA:252,70
DA:257,46
DA:258,46
DA:260,0
DA:261,0
DA:262,0
DA:271,0
DA:272,0
DA:274,0
DA:275,0
DA:276,0
DA:278,0
DA:279,0
DA:281,0
DA:286,4
DA:287,4
DA:288,4
DA:289,4
DA:290,4
DA:292,0
DA:293,0
DA:294,0
DA:295,0
DA:299,0
DA:305,0
DA:312,261
DA:313,161
DA:315,100
DA:316,100
DA:323,0
DA:325,0
DA:327,0
DA:329,0
DA:332,0
LF:145
LH:80
BRDA:28,0,0,8
BRDA:28,0,1,406
BRDA:29,1,0,0
BRDA:29,1,1,8
BRDA:30,2,0,0
BRDA:30,2,1,8
BRDA:34,3,0,0
BRDA:34,3,1,8
BRDA:42,4,0,0
BRDA:42,4,1,406
BRDA:43,5,0,0
BRDA:43,5,1,406
BRDA:52,6,0,12
BRDA:52,6,1,582
BRDA:56,7,0,0
BRDA:56,7,1,0
BRDA:57,8,0,0
BRDA:57,8,1,0
BRDA:67,9,0,12
BRDA:67,9,1,475
BRDA:71,10,0,0
BRDA:71,10,1,0
BRDA:72,11,0,0
BRDA:72,11,1,0
BRDA:81,12,0,5
BRDA:81,12,1,24
BRDA:85,13,0,0
BRDA:85,13,1,11
BRDA:86,14,0,0
BRDA:86,14,1,11
BRDA:88,15,0,7
BRDA:88,15,1,4
BRDA:90,16,0,3
BRDA:90,16,1,4
BRDA:106,17,0,0
BRDA:106,17,1,11
BRDA:106,18,0,11
BRDA:106,18,1,8
BRDA:113,19,0,44
BRDA:113,19,1,24
BRDA:115,20,0,0
BRDA:115,20,1,44
BRDA:115,21,0,44
BRDA:115,21,1,10
BRDA:121,22,0,0
BRDA:121,22,1,0
BRDA:122,23,0,0
BRDA:122,23,1,0
BRDA:132,24,0,50
BRDA:132,24,1,0
BRDA:147,25,0,0
BRDA:148,26,0,0
BRDA:148,26,1,0
BRDA:148,27,0,0
BRDA:148,27,1,0
BRDA:149,28,0,0
BRDA:149,28,1,0
BRDA:151,29,0,0
BRDA:151,29,1,0
BRDA:156,30,0,0
BRDA:156,30,1,46
BRDA:157,31,0,46
BRDA:157,31,1,0
BRDA:158,32,0,46
BRDA:158,32,1,0
BRDA:189,33,0,0
BRDA:189,33,1,4
BRDA:190,34,0,4
BRDA:190,34,1,0
BRDA:191,35,0,4
BRDA:191,35,1,0
BRDA:197,36,0,0
BRDA:197,36,1,301
BRDA:203,37,0,0
BRDA:203,37,1,0
BRDA:208,38,0,8
BRDA:208,38,1,0
BRDA:209,39,0,4
BRDA:209,39,1,4
BRDA:213,40,0,4
BRDA:213,40,1,4
BRDA:225,41,0,0
BRDA:225,41,1,100
BRDA:226,42,0,0
BRDA:226,42,1,0
BRDA:227,43,0,0
BRDA:227,43,1,0
BRDA:228,44,0,0
BRDA:228,44,1,0
BRDA:231,45,0,25
BRDA:231,45,1,75
BRDA:231,46,0,100
BRDA:231,46,1,44
BRDA:232,47,0,20
BRDA:232,47,1,55
BRDA:232,48,0,75
BRDA:232,48,1,56
BRDA:233,49,0,23
BRDA:233,49,1,32
BRDA:233,50,0,55
BRDA:233,50,1,23
BRDA:238,51,0,0
BRDA:238,52,0,0
BRDA:257,53,0,46
BRDA:257,53,1,0
BRDA:257,54,0,46
BRDA:257,54,1,46
BRDA:271,55,0,0
BRDA:271,55,1,0
BRDA:278,56,0,0
BRDA:278,56,1,0
BRDA:279,57,0,0
BRDA:279,57,1,0
BRDA:286,58,0,4
BRDA:286,58,1,0
BRDA:288,59,0,0
BRDA:288,59,1,4
BRDA:294,60,0,0
BRDA:294,60,1,0
BRDA:312,61,0,161
BRDA:312,61,1,100
BRDA:313,62,0,161
BRDA:313,62,1,157
BRDA:315,63,0,100
BRDA:315,63,1,0
BRDA:316,64,0,100
BRDA:316,64,1,0
BRF:127
BRH:64
end_of_record
