TN:
SF:geometry.js
FN:22,setGlobalEqualsPrecision
FN:66,orientation
FN:87,boundAngle
FN:94,angleDiff
FN:118,anglesMatch
FN:127,equals
FN:155,minNumber
FN:160,magnitudeOrder
FN:171,validNumber
FNF:9
FNH:7
FNDA:8,setGlobalEqualsPrecision
FNDA:3298,orientation
FNDA:101,boundAngle
FNDA:0,angleDiff
FNDA:0,anglesMatch
FNDA:15777,equals
FNDA:42,minNumber
FNDA:14796,magnitudeOrder
FNDA:37019,validNumber
DA:13,5
DA:19,5
DA:23,8
DA:24,8
DA:28,5
DA:55,5
DA:67,3298
DA:68,3298
DA:69,3298
DA:70,3298
DA:73,3298
DA:74,3298
DA:76,3298
DA:77,3298
DA:78,3050
DA:88,101
DA:89,101
DA:90,77
DA:91,73
DA:95,0
DA:96,0
DA:97,0
DA:98,0
DA:99,0
DA:102,5
DA:119,0
DA:120,0
DA:121,0
DA:122,0
DA:123,0
DA:128,15777
DA:130,956
DA:132,14821
DA:134,14741
DA:137,14708
DA:140,14741
DA:156,42
DA:161,14796
DA:162,14796
DA:163,14794
DA:164,1267
DA:172,37019
DA:173,36882
DA:174,83
LF:44
LH:34
BRDA:23,0,0,0
BRDA:23,0,1,8
BRDA:73,1,0,1709
BRDA:73,1,1,1589
BRDA:73,2,0,3298
BRDA:73,2,1,1757
BRDA:74,3,0,1302
BRDA:74,3,1,1996
BRDA:74,4,0,3298
BRDA:74,4,1,2144
BRDA:77,5,0,248
BRDA:77,5,1,3050
BRDA:78,6,0,624
BRDA:78,6,1,2426
BRDA:89,7,0,24
BRDA:89,7,1,77
BRDA:90,8,0,4
BRDA:90,8,1,73
BRDA:98,9,0,0
BRDA:98,9,1,0
BRDA:118,10,0,0
BRDA:122,11,0,0
BRDA:122,11,1,0
BRDA:122,12,0,0
BRDA:122,12,1,0
BRDA:123,13,0,0
BRDA:123,13,1,0
BRDA:123,14,0,0
BRDA:123,14,1,0
BRDA:123,14,2,0
BRDA:127,15,0,15732
BRDA:128,16,0,956
BRDA:128,16,1,14821
BRDA:128,17,0,15777
BRDA:128,17,1,15136
BRDA:128,17,2,15127
BRDA:128,17,3,14822
BRDA:130,18,0,956
BRDA:130,18,1,641
BRDA:130,18,2,948
BRDA:130,18,3,305
BRDA:132,19,0,80
BRDA:132,19,1,14741
BRDA:132,20,0,14821
BRDA:132,20,1,14750
BRDA:134,21,0,14708
BRDA:134,21,1,33
BRDA:155,22,0,21
BRDA:162,23,0,2
BRDA:162,23,1,14794
BRDA:163,24,0,13527
BRDA:163,24,1,1267
BRDA:172,25,0,137
BRDA:172,25,1,36882
BRDA:172,26,0,37019
BRDA:172,26,1,36896
BRDA:173,27,0,36799
BRDA:173,27,1,83
BRF:58
BRH:45
end_of_record
TN:
SF:structures\point.js
FN:11,(anonymous_0)
FN:19,(anonymous_1)
FN:22,(anonymous_2)
FN:27,(anonymous_3)
FN:30,(anonymous_4)
FN:36,(anonymous_5)
FN:41,(anonymous_6)
FN:46,(anonymous_7)
FN:55,(anonymous_8)
FN:72,(anonymous_9)
FN:77,(anonymous_10)
FN:82,(anonymous_11)
FN:89,(anonymous_12)
FN:100,(anonymous_13)
FNF:14
FNH:11
FNDA:2209,(anonymous_0)
FNDA:21236,(anonymous_1)
FNDA:0,(anonymous_2)
FNDA:19456,(anonymous_3)
FNDA:0,(anonymous_4)
FNDA:924,(anonymous_5)
FNDA:237,(anonymous_6)
FNDA:1028,(anonymous_7)
FNDA:308,(anonymous_8)
FNDA:12,(anonymous_9)
FNDA:0,(anonymous_10)
FNDA:62,(anonymous_11)
FNDA:238,(anonymous_12)
FNDA:696,(anonymous_13)
DA:12,2209
DA:13,2209
DA:14,2209
DA:15,2209
DA:20,21236
DA:23,0
DA:24,0
DA:28,19456
DA:31,0
DA:32,0
DA:37,924
DA:42,237
DA:47,1028
DA:48,1028
DA:56,308
DA:57,308
DA:58,285
DA:63,248
DA:65,37
DA:67,37
DA:68,20
DA:73,12
DA:78,0
DA:83,62
DA:84,62
DA:85,62
DA:90,238
DA:91,238
DA:92,238
DA:101,696
LF:30
LH:25
BRDA:12,0,0,0
BRDA:12,0,1,2209
BRDA:13,1,0,0
BRDA:13,1,1,2209
BRDA:23,2,0,0
BRDA:23,2,1,0
BRDA:31,3,0,0
BRDA:31,3,1,0
BRDA:46,4,0,1027
BRDA:47,5,0,0
BRDA:47,5,1,1028
BRDA:48,6,0,1028
BRDA:48,6,1,448
BRDA:56,7,0,0
BRDA:56,7,1,308
BRDA:57,8,0,23
BRDA:57,8,1,285
BRDA:57,9,0,308
BRDA:57,9,1,296
BRDA:58,10,0,248
BRDA:58,10,1,37
BRDA:59,11,0,285
BRDA:59,11,1,237
BRDA:59,11,2,156
BRDA:59,11,3,100
BRDA:67,12,0,17
BRDA:67,12,1,20
BRDA:101,13,0,696
BRDA:101,13,1,696
BRF:29
BRH:21
end_of_record
TN:
SF:structures\polygon.js
FN:11,(anonymous_0)
FN:54,(anonymous_1)
FN:76,(anonymous_2)
FN:79,(anonymous_3)
FN:82,(anonymous_4)
FN:85,(anonymous_5)
FN:88,(anonymous_6)
FN:93,(anonymous_7)
FN:96,(anonymous_8)
FN:98,(anonymous_9)
FN:103,(anonymous_10)
FN:106,(anonymous_11)
FN:108,(anonymous_12)
FN:113,(anonymous_13)
FN:116,(anonymous_14)
FN:118,(anonymous_15)
FN:129,(anonymous_16)
FN:130,(anonymous_17)
FN:131,(anonymous_18)
FN:134,(anonymous_19)
FN:145,(anonymous_20)
FN:163,(anonymous_21)
FN:176,(anonymous_22)
FN:180,(anonymous_23)
FN:180,(anonymous_24)
FN:184,(anonymous_25)
FN:196,(anonymous_26)
FN:201,(anonymous_27)
FN:208,(anonymous_28)
FN:209,(anonymous_29)
FN:210,(anonymous_30)
FN:211,(anonymous_31)
FN:213,(anonymous_32)
FN:220,(anonymous_33)
FN:223,(anonymous_34)
FN:241,(anonymous_35)
FN:254,(anonymous_36)
FN:292,(anonymous_37)
FN:295,(anonymous_38)
FN:347,(anonymous_39)
FN:362,(anonymous_40)
FN:387,(anonymous_41)
FN:392,(anonymous_42)
FN:394,(anonymous_43)
FN:399,(anonymous_44)
FN:400,(anonymous_45)
FN:404,(anonymous_46)
FN:405,(anonymous_47)
FN:409,(anonymous_48)
FN:410,(anonymous_49)
FNF:50
FNH:41
FNDA:76,(anonymous_0)
FNDA:34,(anonymous_1)
FNDA:1436,(anonymous_2)
FNDA:0,(anonymous_3)
FNDA:3727,(anonymous_4)
FNDA:368,(anonymous_5)
FNDA:368,(anonymous_6)
FNDA:0,(anonymous_7)
FNDA:45,(anonymous_8)
FNDA:40,(anonymous_9)
FNDA:0,(anonymous_10)
FNDA:9,(anonymous_11)
FNDA:36,(anonymous_12)
FNDA:0,(anonymous_13)
FNDA:153,(anonymous_14)
FNDA:321,(anonymous_15)
FNDA:0,(anonymous_16)
FNDA:32,(anonymous_17)
FNDA:0,(anonymous_18)
FNDA:4,(anonymous_19)
FNDA:51,(anonymous_20)
FNDA:0,(anonymous_21)
FNDA:4,(anonymous_22)
FNDA:6,(anonymous_23)
FNDA:15,(anonymous_24)
FNDA:4,(anonymous_25)
FNDA:10,(anonymous_26)
FNDA:265,(anonymous_27)
FNDA:181,(anonymous_28)
FNDA:55,(anonymous_29)
FNDA:130,(anonymous_30)
FNDA:116,(anonymous_31)
FNDA:14,(anonymous_32)
FNDA:16,(anonymous_33)
FNDA:2,(anonymous_34)
FNDA:229,(anonymous_35)
FNDA:37,(anonymous_36)
FNDA:11,(anonymous_37)
FNDA:44,(anonymous_38)
FNDA:16,(anonymous_39)
FNDA:2,(anonymous_40)
FNDA:2,(anonymous_41)
FNDA:2,(anonymous_42)
FNDA:8,(anonymous_43)
FNDA:1,(anonymous_44)
FNDA:4,(anonymous_45)
FNDA:0,(anonymous_46)
FNDA:0,(anonymous_47)
FNDA:15,(anonymous_48)
FNDA:73,(anonymous_49)
DA:12,76
DA:13,76
DA:15,76
DA:16,76
DA:17,344
DA:18,344
DA:19,344
DA:20,344
DA:22,344
DA:25,76
DA:27,76
DA:28,261
DA:30,660
DA:32,261
DA:33,11
DA:35,10
DA:38,1
DA:42,399
DA:44,76
DA:45,0
DA:47,323
DA:48,1
DA:52,74
DA:54,34
DA:56,6
DA:57,6
DA:61,74
DA:73,74
DA:77,1436
DA:79,0
DA:83,3727
DA:84,82
DA:85,82
DA:86,368
DA:88,368
DA:89,82
DA:91,3727
DA:93,0
DA:97,45
DA:98,40
DA:99,10
DA:101,45
DA:103,0
DA:107,9
DA:108,36
DA:109,9
DA:111,9
DA:113,0
DA:117,153
DA:118,321
DA:124,74
DA:125,74
DA:127,153
DA:129,0
DA:130,32
DA:131,0
DA:135,4
DA:146,51
DA:147,51
DA:148,51
DA:149,168
DA:151,168
DA:152,152
DA:154,31
DA:155,18
DA:159,35
DA:160,22
DA:164,0
DA:165,0
DA:167,0
DA:177,4
DA:178,4
DA:180,15
DA:185,4
DA:186,4
DA:187,4
DA:188,4
DA:189,4
DA:197,10
DA:199,10
DA:202,265
DA:205,10
DA:208,181
DA:209,55
DA:210,130
DA:211,116
DA:214,14
DA:215,14
DA:220,16
DA:221,10
DA:223,2
DA:224,2
DA:226,8
DA:228,10
DA:231,10
DA:232,10
DA:233,65
DA:235,65
DA:236,6
DA:237,6
DA:241,59
DA:242,229
DA:243,229
DA:246,59
DA:248,35
DA:249,35
DA:250,35
DA:254,24
DA:255,37
DA:256,37
DA:257,6
DA:259,37
DA:260,23
DA:262,23
DA:263,8
DA:266,24
DA:268,10
DA:269,10
DA:270,10
DA:273,14
DA:274,14
DA:281,10
DA:283,10
DA:293,11
DA:295,11
DA:296,44
DA:297,29
DA:298,29
DA:299,29
DA:300,21
DA:301,21
DA:304,11
DA:309,11
DA:314,11
DA:317,8
DA:318,1
DA:319,1
DA:321,1
DA:324,7
DA:325,3
DA:326,3
DA:330,4
DA:331,4
DA:333,8
DA:334,8
DA:336,3
DA:348,16
DA:349,16
DA:350,16
DA:351,16
DA:352,16
DA:353,16
DA:354,16
DA:355,16
DA:363,2
DA:364,1
DA:365,1
DA:366,4
DA:367,4
DA:368,4
DA:370,4
DA:371,4
DA:372,4
DA:373,4
DA:374,4
DA:375,4
DA:376,4
DA:383,1
DA:388,2
DA:393,2
DA:394,8
DA:396,2
DA:400,4
DA:405,0
DA:410,73
LF:175
LH:164
BRDA:12,0,0,0
BRDA:12,0,1,76
BRDA:13,1,0,0
BRDA:13,1,1,76
BRDA:17,2,0,344
BRDA:17,2,1,0
BRDA:18,3,0,0
BRDA:18,3,1,344
BRDA:19,4,0,0
BRDA:19,4,1,344
BRDA:30,5,0,261
BRDA:30,5,1,399
BRDA:32,6,0,11
BRDA:32,6,1,250
BRDA:33,7,0,10
BRDA:33,7,1,1
BRDA:42,8,0,76
BRDA:42,8,1,323
BRDA:42,9,0,399
BRDA:42,9,1,192
BRDA:44,10,0,0
BRDA:44,10,1,76
BRDA:47,11,0,1
BRDA:47,11,1,322
BRDA:52,12,0,6
BRDA:52,12,1,68
BRDA:73,13,0,74
BRDA:73,13,1,0
BRDA:83,14,0,82
BRDA:83,14,1,3645
BRDA:97,15,0,10
BRDA:97,15,1,35
BRDA:107,16,0,9
BRDA:107,16,1,0
BRDA:117,17,0,74
BRDA:117,17,1,79
BRDA:124,18,0,0
BRDA:124,18,1,74
BRDA:151,19,0,16
BRDA:151,19,1,152
BRDA:152,20,0,31
BRDA:152,20,1,121
BRDA:154,21,0,18
BRDA:154,21,1,13
BRDA:154,22,0,31
BRDA:154,22,1,13
BRDA:154,22,2,1
BRDA:159,23,0,13
BRDA:159,23,1,22
BRDA:165,24,0,0
BRDA:165,24,1,0
BRDA:178,25,0,1
BRDA:178,25,1,3
BRDA:211,26,0,61
BRDA:211,26,1,55
BRDA:221,27,0,2
BRDA:221,27,1,8
BRDA:235,28,0,6
BRDA:235,28,1,59
BRDA:242,29,0,37
BRDA:242,29,1,192
BRDA:246,30,0,35
BRDA:246,30,1,24
BRDA:256,31,0,6
BRDA:256,31,1,31
BRDA:259,32,0,14
BRDA:259,32,1,23
BRDA:262,33,0,15
BRDA:262,33,1,8
BRDA:266,34,0,10
BRDA:266,34,1,14
BRDA:292,35,0,11
BRDA:293,36,0,0
BRDA:293,36,1,11
BRDA:296,37,0,15
BRDA:296,37,1,29
BRDA:299,38,0,8
BRDA:299,38,1,21
BRDA:301,39,0,11
BRDA:301,39,1,10
BRDA:304,40,0,11
BRDA:304,40,1,0
BRDA:314,41,0,8
BRDA:314,41,1,3
BRDA:317,42,0,1
BRDA:317,42,1,7
BRDA:319,43,0,1
BRDA:319,43,1,0
BRDA:324,44,0,3
BRDA:324,44,1,4
BRDA:331,45,0,0
BRDA:331,45,1,4
BRDA:348,46,0,8
BRDA:348,46,1,8
BRDA:350,47,0,4
BRDA:350,47,1,12
BRDA:355,48,0,0
BRDA:355,48,1,16
BRDA:363,49,0,1
BRDA:363,49,1,1
BRDA:368,50,0,1
BRDA:368,50,1,3
BRDA:374,51,0,4
BRDA:374,51,1,0
BRDA:393,52,0,2
BRDA:393,52,1,0
BRF:106
BRH:88
end_of_record
TN:
SF:structures\segment.js
FN:25,(anonymous_0)
FN:63,(anonymous_1)
FN:66,(anonymous_2)
FN:74,(anonymous_3)
FN:75,(anonymous_4)
FN:78,(anonymous_5)
FN:82,(anonymous_6)
FN:89,(anonymous_7)
FN:93,(anonymous_8)
FN:96,(anonymous_9)
FN:97,(anonymous_10)
FN:99,(anonymous_11)
FN:100,(anonymous_12)
FN:102,(anonymous_13)
FN:103,(anonymous_14)
FN:106,(anonymous_15)
FN:107,(anonymous_16)
FN:110,(anonymous_17)
FN:120,(anonymous_18)
FN:123,(anonymous_19)
FN:128,(anonymous_20)
FN:137,(anonymous_21)
FN:142,(anonymous_22)
FN:150,(anonymous_23)
FN:157,(anonymous_24)
FN:165,(anonymous_25)
FN:201,(anonymous_26)
FN:223,(anonymous_27)
FN:231,(anonymous_28)
FN:244,(anonymous_29)
FN:249,(anonymous_30)
FN:258,(anonymous_31)
FN:268,(anonymous_32)
FNF:33
FNH:24
FNDA:690,(anonymous_0)
FNDA:3267,(anonymous_1)
FNDA:1,(anonymous_2)
FNDA:0,(anonymous_3)
FNDA:0,(anonymous_4)
FNDA:3467,(anonymous_5)
FNDA:1,(anonymous_6)
FNDA:401,(anonymous_7)
FNDA:0,(anonymous_8)
FNDA:8,(anonymous_9)
FNDA:0,(anonymous_10)
FNDA:2,(anonymous_11)
FNDA:0,(anonymous_12)
FNDA:0,(anonymous_13)
FNDA:0,(anonymous_14)
FNDA:5,(anonymous_15)
FNDA:0,(anonymous_16)
FNDA:1,(anonymous_17)
FNDA:74,(anonymous_18)
FNDA:0,(anonymous_19)
FNDA:1,(anonymous_20)
FNDA:3,(anonymous_21)
FNDA:4,(anonymous_22)
FNDA:2,(anonymous_23)
FNDA:110,(anonymous_24)
FNDA:44,(anonymous_25)
FNDA:737,(anonymous_26)
FNDA:3,(anonymous_27)
FNDA:29,(anonymous_28)
FNDA:63,(anonymous_29)
FNDA:2,(anonymous_30)
FNDA:308,(anonymous_31)
FNDA:5,(anonymous_32)
DA:8,5
DA:10,5
DA:26,690
DA:27,690
DA:28,690
DA:29,690
DA:31,0
DA:33,690
DA:34,690
DA:37,690
DA:38,623
DA:39,623
DA:40,67
DA:41,4
DA:42,63
DA:43,63
DA:44,62
DA:45,62
DA:46,62
DA:47,62
DA:48,1
DA:49,1
DA:51,0
DA:54,0
DA:64,3267
DA:67,1
DA:68,1
DA:69,1
DA:70,1
DA:74,0
DA:75,0
DA:79,3467
DA:80,3467
DA:83,1
DA:84,1
DA:85,1
DA:90,401
DA:91,401
DA:93,0
DA:96,8
DA:97,0
DA:99,2
DA:100,0
DA:102,0
DA:103,0
DA:106,5
DA:107,0
DA:112,1
DA:113,1
DA:115,0
DA:117,1
DA:121,74
DA:123,0
DA:129,1
DA:130,1
DA:131,1
DA:132,1
DA:133,1
DA:138,3
DA:143,4
DA:144,4
DA:146,0
DA:151,2
DA:152,2
DA:153,2
DA:158,110
DA:167,44
DA:168,7
DA:170,37
DA:171,7
DA:174,30
DA:175,30
DA:176,30
DA:178,30
DA:179,7
DA:181,23
DA:182,1
DA:185,22
DA:186,22
DA:188,22
DA:189,21
DA:194,1
DA:202,737
DA:203,737
DA:204,737
DA:205,737
DA:207,737
DA:209,671
DA:210,659
DA:211,654
DA:212,651
DA:214,651
DA:224,3
DA:225,3
DA:226,2
DA:227,1
DA:232,29
DA:233,28
DA:234,28
DA:236,28
DA:237,26
DA:238,26
DA:245,63
DA:250,2
DA:259,308
DA:269,5
DA:270,5
DA:272,0
DA:273,0
LF:109
LH:93
BRDA:26,0,0,690
BRDA:26,0,1,0
BRDA:27,1,0,0
BRDA:27,1,1,690
BRDA:28,2,0,0
BRDA:28,2,1,690
BRDA:37,3,0,623
BRDA:37,3,1,67
BRDA:40,4,0,4
BRDA:40,4,1,63
BRDA:42,5,0,63
BRDA:42,5,1,0
BRDA:43,6,0,62
BRDA:43,6,1,1
BRDA:43,7,0,63
BRDA:43,7,1,62
BRDA:44,8,0,0
BRDA:44,8,1,62
BRDA:45,9,0,0
BRDA:45,9,1,62
BRDA:48,10,0,1
BRDA:48,10,1,0
BRDA:48,11,0,1
BRDA:48,11,1,1
BRDA:67,12,0,0
BRDA:67,12,1,1
BRDA:83,13,0,0
BRDA:83,13,1,1
BRDA:112,14,0,1
BRDA:112,14,1,0
BRDA:132,15,0,0
BRDA:132,15,1,1
BRDA:137,16,0,3
BRDA:138,17,0,3
BRDA:138,17,1,3
BRDA:143,18,0,4
BRDA:143,18,1,0
BRDA:167,19,0,7
BRDA:167,19,1,37
BRDA:167,20,0,44
BRDA:167,20,1,39
BRDA:170,21,0,7
BRDA:170,21,1,30
BRDA:170,22,0,37
BRDA:170,22,1,33
BRDA:178,23,0,7
BRDA:178,23,1,23
BRDA:178,24,0,30
BRDA:178,24,1,8
BRDA:181,25,0,1
BRDA:181,25,1,22
BRDA:181,26,0,23
BRDA:181,26,1,1
BRDA:188,27,0,21
BRDA:188,27,1,1
BRDA:188,28,0,22
BRDA:188,28,1,22
BRDA:188,28,2,18
BRDA:188,28,3,16
BRDA:188,28,4,16
BRDA:188,28,5,21
BRDA:188,28,6,15
BRDA:188,28,7,12
BRDA:188,28,8,12
BRDA:207,29,0,66
BRDA:207,29,1,671
BRDA:207,30,0,737
BRDA:207,30,1,202
BRDA:209,31,0,12
BRDA:209,31,1,659
BRDA:209,32,0,671
BRDA:209,32,1,50
BRDA:210,33,0,5
BRDA:210,33,1,654
BRDA:210,34,0,659
BRDA:210,34,1,30
BRDA:211,35,0,3
BRDA:211,35,1,651
BRDA:211,36,0,654
BRDA:211,36,1,23
BRDA:212,37,0,0
BRDA:212,37,1,651
BRDA:212,38,0,651
BRDA:212,38,1,29
BRDA:225,39,0,1
BRDA:225,39,1,2
BRDA:226,40,0,1
BRDA:226,40,1,1
BRDA:232,41,0,1
BRDA:232,41,1,28
BRDA:236,42,0,2
BRDA:236,42,1,26
BRDA:237,43,0,0
BRDA:237,43,1,26
BRDA:259,44,0,308
BRDA:259,44,1,308
BRDA:259,44,2,308
BRDA:259,44,3,308
BRDA:269,45,0,5
BRDA:269,45,1,0
BRDA:270,46,0,5
BRDA:270,46,1,5
BRDA:272,47,0,0
BRDA:272,47,1,0
BRDA:273,48,0,0
BRDA:273,48,1,0
BRF:106
BRH:87
end_of_record
TN:
SF:structures\vector.js
FN:30,(anonymous_0)
FN:56,(anonymous_1)
FN:67,(anonymous_2)
FN:86,(anonymous_3)
FN:98,(anonymous_4)
FN:117,(anonymous_5)
FN:126,(anonymous_6)
FN:161,(anonymous_7)
FN:169,(anonymous_8)
FN:180,(anonymous_9)
FN:185,(anonymous_10)
FN:201,(anonymous_11)
FN:209,(anonymous_12)
FN:217,(anonymous_13)
FN:223,(anonymous_14)
FN:230,(anonymous_15)
FN:237,(anonymous_16)
FN:242,(anonymous_17)
FN:250,(anonymous_18)
FN:256,(anonymous_19)
FN:261,(anonymous_20)
FN:278,(anonymous_21)
FN:292,(anonymous_22)
FN:300,(anonymous_23)
FN:305,(anonymous_24)
FN:310,(anonymous_25)
FN:324,(anonymous_26)
FN:341,(anonymous_27)
FN:354,(anonymous_28)
FN:361,(anonymous_29)
FN:368,(anonymous_30)
FN:380,(anonymous_31)
FN:382,(anonymous_32)
FN:384,(anonymous_33)
FN:386,(anonymous_34)
FN:388,(anonymous_35)
FNF:36
FNH:28
FNDA:419,(anonymous_0)
FNDA:619,(anonymous_1)
FNDA:4,(anonymous_2)
FNDA:545,(anonymous_3)
FNDA:4,(anonymous_4)
FNDA:68,(anonymous_5)
FNDA:19,(anonymous_6)
FNDA:134,(anonymous_7)
FNDA:3,(anonymous_8)
FNDA:0,(anonymous_9)
FNDA:47,(anonymous_10)
FNDA:4,(anonymous_11)
FNDA:37,(anonymous_12)
FNDA:4,(anonymous_13)
FNDA:1,(anonymous_14)
FNDA:1,(anonymous_15)
FNDA:1,(anonymous_16)
FNDA:7,(anonymous_17)
FNDA:179,(anonymous_18)
FNDA:1,(anonymous_19)
FNDA:11,(anonymous_20)
FNDA:86,(anonymous_21)
FNDA:0,(anonymous_22)
FNDA:45,(anonymous_23)
FNDA:90,(anonymous_24)
FNDA:37,(anonymous_25)
FNDA:4,(anonymous_26)
FNDA:4,(anonymous_27)
FNDA:0,(anonymous_28)
FNDA:3,(anonymous_29)
FNDA:239,(anonymous_30)
FNDA:0,(anonymous_31)
FNDA:0,(anonymous_32)
FNDA:0,(anonymous_33)
FNDA:0,(anonymous_34)
FNDA:0,(anonymous_35)
DA:7,5
DA:9,5
DA:32,419
DA:33,26
DA:34,25
DA:35,24
DA:36,24
DA:38,24
DA:39,2
DA:41,2
DA:43,24
DA:46,393
DA:47,392
DA:48,391
DA:49,390
DA:50,390
DA:57,619
DA:58,22
DA:60,3
DA:62,19
DA:65,616
DA:68,4
DA:69,4
DA:70,4
DA:72,1
DA:73,1
DA:74,1
DA:75,1
DA:78,3
DA:79,3
DA:80,3
DA:81,3
DA:88,545
DA:89,22
DA:91,3
DA:93,19
DA:96,542
DA:99,4
DA:100,4
DA:101,2
DA:103,1
DA:104,1
DA:105,1
DA:106,1
DA:109,1
DA:110,1
DA:111,1
DA:112,1
DA:118,68
DA:119,68
DA:127,19
DA:128,19
DA:130,19
DA:132,12
DA:134,5
DA:135,1
DA:136,1
DA:137,1
DA:139,4
DA:140,4
DA:141,4
DA:145,7
DA:146,7
DA:149,7
DA:150,7
DA:151,7
DA:155,19
DA:157,19
DA:162,134
DA:164,68
DA:165,67
DA:167,133
DA:170,3
DA:171,2
DA:172,2
DA:174,2
DA:175,2
DA:176,2
DA:181,0
DA:186,47
DA:187,46
DA:188,46
DA:189,46
DA:190,46
DA:192,1
DA:193,1
DA:194,1
DA:195,1
DA:202,4
DA:203,2
DA:205,2
DA:210,37
DA:211,37
DA:212,37
DA:213,37
DA:218,4
DA:219,4
DA:224,1
DA:225,1
DA:226,1
DA:231,1
DA:232,1
DA:233,1
DA:238,1
DA:243,7
DA:244,7
DA:245,7
DA:246,7
DA:251,179
DA:252,179
DA:257,1
DA:262,11
DA:263,10
DA:264,4
DA:265,4
DA:267,10
DA:268,5
DA:269,5
DA:272,1
DA:274,11
DA:279,86
DA:280,4
DA:281,3
DA:282,2
DA:283,1
DA:285,82
DA:286,55
DA:287,33
DA:288,12
DA:293,0
DA:294,0
DA:296,0
DA:301,45
DA:306,90
DA:311,37
DA:312,36
DA:314,1
DA:315,1
DA:316,1
DA:325,4
DA:326,0
DA:328,4
DA:329,4
DA:330,4
DA:331,4
DA:332,3
DA:334,3
DA:335,3
DA:337,3
DA:342,4
DA:343,4
DA:344,4
DA:345,4
DA:346,4
DA:348,0
DA:349,0
DA:350,0
DA:351,0
DA:355,0
DA:362,3
DA:369,239
DA:370,147
DA:372,92
DA:373,92
DA:380,0
DA:382,0
DA:384,0
DA:386,0
DA:388,0
LF:169
LH:154
BRDA:32,0,0,26
BRDA:32,0,1,393
BRDA:33,1,0,1
BRDA:33,1,1,25
BRDA:34,2,0,1
BRDA:34,2,1,24
BRDA:38,3,0,2
BRDA:38,3,1,22
BRDA:46,4,0,1
BRDA:46,4,1,392
BRDA:47,5,0,1
BRDA:47,5,1,391
BRDA:48,6,0,1
BRDA:48,6,1,390
BRDA:48,7,0,391
BRDA:48,7,1,79
BRDA:57,8,0,22
BRDA:57,8,1,597
BRDA:58,9,0,3
BRDA:58,9,1,19
BRDA:68,10,0,0
BRDA:68,10,1,4
BRDA:69,11,0,0
BRDA:69,11,1,4
BRDA:70,12,0,1
BRDA:70,12,1,3
BRDA:70,13,0,4
BRDA:70,13,1,1
BRDA:88,14,0,22
BRDA:88,14,1,523
BRDA:89,15,0,3
BRDA:89,15,1,19
BRDA:99,16,0,0
BRDA:99,16,1,4
BRDA:100,17,0,2
BRDA:100,17,1,2
BRDA:101,18,0,1
BRDA:101,18,1,1
BRDA:101,19,0,2
BRDA:101,19,1,1
BRDA:118,20,0,18
BRDA:118,20,1,50
BRDA:127,21,0,0
BRDA:127,21,1,19
BRDA:128,22,0,0
BRDA:128,22,1,19
BRDA:130,23,0,12
BRDA:130,23,1,7
BRDA:132,24,0,5
BRDA:132,24,1,7
BRDA:134,25,0,1
BRDA:134,25,1,4
BRDA:155,26,0,1
BRDA:155,26,1,18
BRDA:155,27,0,19
BRDA:155,27,1,16
BRDA:162,28,0,68
BRDA:162,28,1,66
BRDA:164,29,0,1
BRDA:164,29,1,67
BRDA:164,30,0,68
BRDA:164,30,1,14
BRDA:170,31,0,1
BRDA:170,31,1,2
BRDA:171,32,0,0
BRDA:171,32,1,2
BRDA:186,33,0,46
BRDA:186,33,1,1
BRDA:201,34,0,4
BRDA:202,35,0,2
BRDA:202,35,1,2
BRDA:202,36,0,4
BRDA:202,36,1,2
BRDA:203,37,0,2
BRDA:203,37,1,2
BRDA:205,38,0,2
BRDA:205,38,1,1
BRDA:210,39,0,0
BRDA:210,39,1,37
BRDA:211,40,0,37
BRDA:211,40,1,0
BRDA:212,41,0,37
BRDA:212,41,1,0
BRDA:243,42,0,1
BRDA:243,42,1,6
BRDA:244,43,0,6
BRDA:244,43,1,1
BRDA:245,44,0,6
BRDA:245,44,1,1
BRDA:251,45,0,0
BRDA:251,45,1,179
BRDA:257,46,0,1
BRDA:257,46,1,0
BRDA:262,47,0,10
BRDA:262,47,1,1
BRDA:263,48,0,4
BRDA:263,48,1,6
BRDA:267,49,0,5
BRDA:267,49,1,5
BRDA:279,50,0,4
BRDA:279,50,1,82
BRDA:280,51,0,1
BRDA:280,51,1,3
BRDA:281,52,0,1
BRDA:281,52,1,2
BRDA:282,53,0,1
BRDA:282,53,1,1
BRDA:285,54,0,27
BRDA:285,54,1,55
BRDA:285,55,0,82
BRDA:285,55,1,35
BRDA:286,56,0,22
BRDA:286,56,1,33
BRDA:286,57,0,55
BRDA:286,57,1,47
BRDA:287,58,0,21
BRDA:287,58,1,12
BRDA:287,59,0,33
BRDA:287,59,1,21
BRDA:292,60,0,0
BRDA:292,61,0,0
BRDA:311,62,0,36
BRDA:311,62,1,1
BRDA:311,63,0,37
BRDA:311,63,1,36
BRDA:325,64,0,0
BRDA:325,64,1,4
BRDA:328,65,0,0
BRDA:328,65,1,4
BRDA:328,66,0,4
BRDA:328,66,1,0
BRDA:331,67,0,1
BRDA:331,67,1,3
BRDA:331,68,0,4
BRDA:331,68,1,1
BRDA:334,69,0,0
BRDA:334,69,1,3
BRDA:335,70,0,0
BRDA:335,70,1,3
BRDA:342,71,0,4
BRDA:342,71,1,0
BRDA:344,72,0,0
BRDA:344,72,1,4
BRDA:350,73,0,0
BRDA:350,73,1,0
BRDA:369,74,0,147
BRDA:369,74,1,92
BRDA:370,75,0,147
BRDA:370,75,1,137
BRDA:372,76,0,92
BRDA:372,76,1,0
BRDA:373,77,0,92
BRDA:373,77,1,8
BRF:153
BRH:130
end_of_record
